Flow report for nios2_project_wrapper_de2
Thu Oct 11 15:16:41 2018
Quartus II 64-Bit Version 13.0.1 Build 232 06/12/2013 Service Pack 1 SJ Web Edition


---------------------
; Table of Contents ;
---------------------
  1. Legal Notice
  2. Flow Summary
  3. Flow Settings
  4. Flow Non-Default Global Settings
  5. Flow Elapsed Time
  6. Flow OS Summary
  7. Flow Log
  8. Flow Messages
  9. Flow Suppressed Messages



----------------
; Legal Notice ;
----------------
Copyright (C) 1991-2013 Altera Corporation
Your use of Altera Corporation's design tools, logic functions 
and other software and tools, and its AMPP partner logic 
functions, and any output files from any of the foregoing 
(including device programming or simulation files), and any 
associated documentation or information are expressly subject 
to the terms and conditions of the Altera Program License 
Subscription Agreement, Altera MegaCore Function License 
Agreement, or other applicable license agreement, including, 
without limitation, that your use is for the sole purpose of 
programming logic devices manufactured by Altera and sold by 
Altera or its authorized distributors.  Please refer to the 
applicable agreement for further details.



+--------------------------------------------------------------------------------------+
; Flow Summary                                                                         ;
+------------------------------------+-------------------------------------------------+
; Flow Status                        ; Successful - Thu Oct 11 15:16:38 2018           ;
; Quartus II 64-Bit Version          ; 13.0.1 Build 232 06/12/2013 SP 1 SJ Web Edition ;
; Revision Name                      ; nios2_project_wrapper_de2                       ;
; Top-level Entity Name              ; nios2_project_wrapper_de2                       ;
; Family                             ; Cyclone II                                      ;
; Device                             ; EP2C35F672C6                                    ;
; Timing Models                      ; Final                                           ;
; Total logic elements               ; 2,496 / 33,216 ( 8 % )                          ;
;     Total combinational functions  ; 2,317 / 33,216 ( 7 % )                          ;
;     Dedicated logic registers      ; 1,461 / 33,216 ( 4 % )                          ;
; Total registers                    ; 1461                                            ;
; Total pins                         ; 9 / 475 ( 2 % )                                 ;
; Total virtual pins                 ; 0                                               ;
; Total memory bits                  ; 192,384 / 483,840 ( 40 % )                      ;
; Embedded Multiplier 9-bit elements ; 0 / 70 ( 0 % )                                  ;
; Total PLLs                         ; 0 / 4 ( 0 % )                                   ;
+------------------------------------+-------------------------------------------------+


+-----------------------------------------------+
; Flow Settings                                 ;
+-------------------+---------------------------+
; Option            ; Setting                   ;
+-------------------+---------------------------+
; Start date & time ; 10/11/2018 15:16:02       ;
; Main task         ; Compilation               ;
; Revision Name     ; nios2_project_wrapper_de2 ;
+-------------------+---------------------------+


+---------------------------------------------------------------------------------------------------------------------------------------------------------------------------------+
; Flow Non-Default Global Settings                                                                                                                                                ;
+-------------------------------------+----------------------------------------------------------------------+---------------+---------------------------------------+------------+
; Assignment Name                     ; Value                                                                ; Default Value ; Entity Name                           ; Section Id ;
+-------------------------------------+----------------------------------------------------------------------+---------------+---------------------------------------+------------+
; COMPILER_SIGNATURE_ID               ; 167300351925160.153928176206460                                      ; --            ; --                                    ; --         ;
; IP_TOOL_ENV                         ; Qsys                                                                 ; --            ; altera_avalon_sc_fifo                 ; --         ;
; IP_TOOL_ENV                         ; Qsys                                                                 ; --            ; altera_merlin_master_agent            ; --         ;
; IP_TOOL_ENV                         ; Qsys                                                                 ; --            ; altera_merlin_master_translator       ; --         ;
; IP_TOOL_ENV                         ; Qsys                                                                 ; --            ; altera_merlin_slave_agent             ; --         ;
; IP_TOOL_ENV                         ; Qsys                                                                 ; --            ; altera_merlin_slave_translator        ; --         ;
; IP_TOOL_ENV                         ; Qsys                                                                 ; --            ; altera_merlin_traffic_limiter         ; --         ;
; IP_TOOL_ENV                         ; Qsys                                                                 ; --            ; altera_reset_controller               ; --         ;
; IP_TOOL_ENV                         ; Qsys                                                                 ; --            ; first_nios2_system                    ; --         ;
; IP_TOOL_ENV                         ; Qsys                                                                 ; --            ; first_nios2_system_addr_router        ; --         ;
; IP_TOOL_ENV                         ; Qsys                                                                 ; --            ; first_nios2_system_addr_router_001    ; --         ;
; IP_TOOL_ENV                         ; Qsys                                                                 ; --            ; first_nios2_system_cmd_xbar_demux     ; --         ;
; IP_TOOL_ENV                         ; Qsys                                                                 ; --            ; first_nios2_system_cmd_xbar_demux_001 ; --         ;
; IP_TOOL_ENV                         ; Qsys                                                                 ; --            ; first_nios2_system_cmd_xbar_mux       ; --         ;
; IP_TOOL_ENV                         ; Qsys                                                                 ; --            ; first_nios2_system_cpu                ; --         ;
; IP_TOOL_ENV                         ; Qsys                                                                 ; --            ; first_nios2_system_id_router          ; --         ;
; IP_TOOL_ENV                         ; Qsys                                                                 ; --            ; first_nios2_system_id_router_001      ; --         ;
; IP_TOOL_ENV                         ; Qsys                                                                 ; --            ; first_nios2_system_irq_mapper         ; --         ;
; IP_TOOL_ENV                         ; Qsys                                                                 ; --            ; first_nios2_system_jtag_uart          ; --         ;
; IP_TOOL_ENV                         ; Qsys                                                                 ; --            ; first_nios2_system_led_pio            ; --         ;
; IP_TOOL_ENV                         ; Qsys                                                                 ; --            ; first_nios2_system_onchip_mem         ; --         ;
; IP_TOOL_ENV                         ; Qsys                                                                 ; --            ; first_nios2_system_rsp_xbar_demux     ; --         ;
; IP_TOOL_ENV                         ; Qsys                                                                 ; --            ; first_nios2_system_rsp_xbar_demux_001 ; --         ;
; IP_TOOL_ENV                         ; Qsys                                                                 ; --            ; first_nios2_system_rsp_xbar_mux       ; --         ;
; IP_TOOL_ENV                         ; Qsys                                                                 ; --            ; first_nios2_system_rsp_xbar_mux_001   ; --         ;
; IP_TOOL_ENV                         ; Qsys                                                                 ; --            ; first_nios2_system_sys_clk_timer      ; --         ;
; IP_TOOL_ENV                         ; Qsys                                                                 ; --            ; first_nios2_system_sysid              ; --         ;
; IP_TOOL_NAME                        ; altera_avalon_sc_fifo                                                ; --            ; altera_avalon_sc_fifo                 ; --         ;
; IP_TOOL_NAME                        ; altera_merlin_master_agent                                           ; --            ; altera_merlin_master_agent            ; --         ;
; IP_TOOL_NAME                        ; altera_merlin_master_translator                                      ; --            ; altera_merlin_master_translator       ; --         ;
; IP_TOOL_NAME                        ; altera_merlin_slave_agent                                            ; --            ; altera_merlin_slave_agent             ; --         ;
; IP_TOOL_NAME                        ; altera_merlin_slave_translator                                       ; --            ; altera_merlin_slave_translator        ; --         ;
; IP_TOOL_NAME                        ; altera_merlin_traffic_limiter                                        ; --            ; altera_merlin_traffic_limiter         ; --         ;
; IP_TOOL_NAME                        ; altera_reset_controller                                              ; --            ; altera_reset_controller               ; --         ;
; IP_TOOL_NAME                        ; Qsys                                                                 ; --            ; first_nios2_system                    ; --         ;
; IP_TOOL_NAME                        ; altera_merlin_router                                                 ; --            ; first_nios2_system_addr_router        ; --         ;
; IP_TOOL_NAME                        ; altera_merlin_router                                                 ; --            ; first_nios2_system_addr_router_001    ; --         ;
; IP_TOOL_NAME                        ; altera_merlin_demultiplexer                                          ; --            ; first_nios2_system_cmd_xbar_demux     ; --         ;
; IP_TOOL_NAME                        ; altera_merlin_demultiplexer                                          ; --            ; first_nios2_system_cmd_xbar_demux_001 ; --         ;
; IP_TOOL_NAME                        ; altera_merlin_multiplexer                                            ; --            ; first_nios2_system_cmd_xbar_mux       ; --         ;
; IP_TOOL_NAME                        ; altera_nios2_qsys                                                    ; --            ; first_nios2_system_cpu                ; --         ;
; IP_TOOL_NAME                        ; altera_merlin_router                                                 ; --            ; first_nios2_system_id_router          ; --         ;
; IP_TOOL_NAME                        ; altera_merlin_router                                                 ; --            ; first_nios2_system_id_router_001      ; --         ;
; IP_TOOL_NAME                        ; altera_irq_mapper                                                    ; --            ; first_nios2_system_irq_mapper         ; --         ;
; IP_TOOL_NAME                        ; altera_avalon_jtag_uart                                              ; --            ; first_nios2_system_jtag_uart          ; --         ;
; IP_TOOL_NAME                        ; altera_avalon_pio                                                    ; --            ; first_nios2_system_led_pio            ; --         ;
; IP_TOOL_NAME                        ; altera_avalon_onchip_memory2                                         ; --            ; first_nios2_system_onchip_mem         ; --         ;
; IP_TOOL_NAME                        ; altera_merlin_demultiplexer                                          ; --            ; first_nios2_system_rsp_xbar_demux     ; --         ;
; IP_TOOL_NAME                        ; altera_merlin_demultiplexer                                          ; --            ; first_nios2_system_rsp_xbar_demux_001 ; --         ;
; IP_TOOL_NAME                        ; altera_merlin_multiplexer                                            ; --            ; first_nios2_system_rsp_xbar_mux       ; --         ;
; IP_TOOL_NAME                        ; altera_merlin_multiplexer                                            ; --            ; first_nios2_system_rsp_xbar_mux_001   ; --         ;
; IP_TOOL_NAME                        ; altera_avalon_timer                                                  ; --            ; first_nios2_system_sys_clk_timer      ; --         ;
; IP_TOOL_NAME                        ; altera_avalon_sysid_qsys                                             ; --            ; first_nios2_system_sysid              ; --         ;
; IP_TOOL_VERSION                     ; 13.0                                                                 ; --            ; altera_avalon_sc_fifo                 ; --         ;
; IP_TOOL_VERSION                     ; 13.0                                                                 ; --            ; altera_merlin_master_agent            ; --         ;
; IP_TOOL_VERSION                     ; 13.0                                                                 ; --            ; altera_merlin_master_translator       ; --         ;
; IP_TOOL_VERSION                     ; 13.0                                                                 ; --            ; altera_merlin_slave_agent             ; --         ;
; IP_TOOL_VERSION                     ; 13.0                                                                 ; --            ; altera_merlin_slave_translator        ; --         ;
; IP_TOOL_VERSION                     ; 13.0                                                                 ; --            ; altera_merlin_traffic_limiter         ; --         ;
; IP_TOOL_VERSION                     ; 13.0                                                                 ; --            ; altera_reset_controller               ; --         ;
; IP_TOOL_VERSION                     ; 13.0sp1                                                              ; --            ; first_nios2_system                    ; --         ;
; IP_TOOL_VERSION                     ; 13.0                                                                 ; --            ; first_nios2_system_addr_router        ; --         ;
; IP_TOOL_VERSION                     ; 13.0                                                                 ; --            ; first_nios2_system_addr_router_001    ; --         ;
; IP_TOOL_VERSION                     ; 13.0                                                                 ; --            ; first_nios2_system_cmd_xbar_demux     ; --         ;
; IP_TOOL_VERSION                     ; 13.0                                                                 ; --            ; first_nios2_system_cmd_xbar_demux_001 ; --         ;
; IP_TOOL_VERSION                     ; 13.0                                                                 ; --            ; first_nios2_system_cmd_xbar_mux       ; --         ;
; IP_TOOL_VERSION                     ; 13.0                                                                 ; --            ; first_nios2_system_cpu                ; --         ;
; IP_TOOL_VERSION                     ; 13.0                                                                 ; --            ; first_nios2_system_id_router          ; --         ;
; IP_TOOL_VERSION                     ; 13.0                                                                 ; --            ; first_nios2_system_id_router_001      ; --         ;
; IP_TOOL_VERSION                     ; 13.0                                                                 ; --            ; first_nios2_system_irq_mapper         ; --         ;
; IP_TOOL_VERSION                     ; 13.0.1.99.2                                                          ; --            ; first_nios2_system_jtag_uart          ; --         ;
; IP_TOOL_VERSION                     ; 13.0.1.99.2                                                          ; --            ; first_nios2_system_led_pio            ; --         ;
; IP_TOOL_VERSION                     ; 13.0.1.99.2                                                          ; --            ; first_nios2_system_onchip_mem         ; --         ;
; IP_TOOL_VERSION                     ; 13.0                                                                 ; --            ; first_nios2_system_rsp_xbar_demux     ; --         ;
; IP_TOOL_VERSION                     ; 13.0                                                                 ; --            ; first_nios2_system_rsp_xbar_demux_001 ; --         ;
; IP_TOOL_VERSION                     ; 13.0                                                                 ; --            ; first_nios2_system_rsp_xbar_mux       ; --         ;
; IP_TOOL_VERSION                     ; 13.0                                                                 ; --            ; first_nios2_system_rsp_xbar_mux_001   ; --         ;
; IP_TOOL_VERSION                     ; 13.0.1.99.2                                                          ; --            ; first_nios2_system_sys_clk_timer      ; --         ;
; IP_TOOL_VERSION                     ; 13.0                                                                 ; --            ; first_nios2_system_sysid              ; --         ;
; MAX_CORE_JUNCTION_TEMP              ; 85                                                                   ; --            ; --                                    ; --         ;
; MIN_CORE_JUNCTION_TEMP              ; 0                                                                    ; --            ; --                                    ; --         ;
; MISC_FILE                           ; synthesis/../first_nios2_system.cmp                                  ; --            ; --                                    ; --         ;
; MISC_FILE                           ; synthesis/../first_nios2_system.qsys                                 ; --            ; --                                    ; --         ;
; PARTITION_COLOR                     ; 16764057                                                             ; --            ; --                                    ; Top        ;
; PARTITION_FITTER_PRESERVATION_LEVEL ; PLACEMENT_AND_ROUTING                                                ; --            ; --                                    ; Top        ;
; PARTITION_NETLIST_TYPE              ; SOURCE                                                               ; --            ; --                                    ; Top        ;
; POWER_BOARD_THERMAL_MODEL           ; None (CONSERVATIVE)                                                  ; --            ; --                                    ; --         ;
; POWER_PRESET_COOLING_SOLUTION       ; 23 MM HEAT SINK WITH 200 LFPM AIRFLOW                                ; --            ; --                                    ; --         ;
; PROJECT_OUTPUT_DIRECTORY            ; output_files                                                         ; --            ; --                                    ; --         ;
; SLD_INFO                            ; QSYS_NAME first_nios2_system HAS_SOPCINFO 1 GENERATION_ID 1539281382 ; --            ; first_nios2_system                    ; --         ;
; SOPCINFO_FILE                       ; synthesis/../first_nios2_system.sopcinfo                             ; --            ; --                                    ; --         ;
; SYNTHESIS_ONLY_QIP                  ; On                                                                   ; --            ; --                                    ; --         ;
+-------------------------------------+----------------------------------------------------------------------+---------------+---------------------------------------+------------+


+-------------------------------------------------------------------------------------------------------------------------------+
; Flow Elapsed Time                                                                                                             ;
+---------------------------+--------------+-------------------------+---------------------+------------------------------------+
; Module Name               ; Elapsed Time ; Average Processors Used ; Peak Virtual Memory ; Total CPU Time (on all processors) ;
+---------------------------+--------------+-------------------------+---------------------+------------------------------------+
; Analysis & Synthesis      ; 00:00:17     ; 1.0                     ; 656 MB              ; 00:00:13                           ;
; Fitter                    ; 00:00:13     ; 1.0                     ; 841 MB              ; 00:00:13                           ;
; Assembler                 ; 00:00:02     ; 1.0                     ; 503 MB              ; 00:00:02                           ;
; TimeQuest Timing Analyzer ; 00:00:02     ; 1.0                     ; 506 MB              ; 00:00:01                           ;
; Total                     ; 00:00:34     ; --                      ; --                  ; 00:00:29                           ;
+---------------------------+--------------+-------------------------+---------------------+------------------------------------+


+----------------------------------------------------------------------------------------+
; Flow OS Summary                                                                        ;
+---------------------------+------------------+-----------+------------+----------------+
; Module Name               ; Machine Hostname ; OS Name   ; OS Version ; Processor type ;
+---------------------------+------------------+-----------+------------+----------------+
; Analysis & Synthesis      ; DESKTOP-22R8DLK  ; Windows 7 ; 6.2        ; x86_64         ;
; Fitter                    ; DESKTOP-22R8DLK  ; Windows 7 ; 6.2        ; x86_64         ;
; Assembler                 ; DESKTOP-22R8DLK  ; Windows 7 ; 6.2        ; x86_64         ;
; TimeQuest Timing Analyzer ; DESKTOP-22R8DLK  ; Windows 7 ; 6.2        ; x86_64         ;
+---------------------------+------------------+-----------+------------+----------------+


------------
; Flow Log ;
------------
quartus_map --read_settings_files=on --write_settings_files=off nios2_project_wrapper_de2 -c nios2_project_wrapper_de2
quartus_fit --read_settings_files=off --write_settings_files=off nios2_project_wrapper_de2 -c nios2_project_wrapper_de2
quartus_asm --read_settings_files=off --write_settings_files=off nios2_project_wrapper_de2 -c nios2_project_wrapper_de2
quartus_sta nios2_project_wrapper_de2 -c nios2_project_wrapper_de2



