Analysis & Synthesis report for fp2int
Thu Nov 08 17:24:05 2018
Quartus II 64-Bit Version 13.0.1 Build 232 06/12/2013 Service Pack 1 SJ Web Edition


---------------------
; Table of Contents ;
---------------------
  1. Legal Notice
  2. Analysis & Synthesis Summary
  3. Analysis & Synthesis Settings
  4. Parallel Compilation
  5. Analysis & Synthesis Source Files Read
  6. Analysis & Synthesis Resource Usage Summary
  7. Analysis & Synthesis Resource Utilization by Entity
  8. Analysis & Synthesis IP Cores Summary
  9. Registers Removed During Synthesis
 10. General Register Statistics
 11. Multiplexer Restructuring Statistics (Restructuring Performed)
 12. Parameter Settings for User Entity Instance: alt_fp2int:alt_fp2int_inst|alt_fp2int_altfp_convert_04q:alt_fp2int_altfp_convert_04q_component|lpm_add_sub:add_sub4
 13. Parameter Settings for User Entity Instance: alt_fp2int:alt_fp2int_inst|alt_fp2int_altfp_convert_04q:alt_fp2int_altfp_convert_04q_component|lpm_add_sub:add_sub5
 14. Parameter Settings for User Entity Instance: alt_fp2int:alt_fp2int_inst|alt_fp2int_altfp_convert_04q:alt_fp2int_altfp_convert_04q_component|lpm_add_sub:add_sub7
 15. Parameter Settings for User Entity Instance: alt_fp2int:alt_fp2int_inst|alt_fp2int_altfp_convert_04q:alt_fp2int_altfp_convert_04q_component|lpm_add_sub:add_sub8
 16. Parameter Settings for User Entity Instance: alt_fp2int:alt_fp2int_inst|alt_fp2int_altfp_convert_04q:alt_fp2int_altfp_convert_04q_component|lpm_add_sub:add_sub9
 17. Parameter Settings for User Entity Instance: alt_fp2int:alt_fp2int_inst|alt_fp2int_altfp_convert_04q:alt_fp2int_altfp_convert_04q_component|lpm_compare:cmpr1
 18. Parameter Settings for User Entity Instance: alt_fp2int:alt_fp2int_inst|alt_fp2int_altfp_convert_04q:alt_fp2int_altfp_convert_04q_component|lpm_compare:cmpr2
 19. Parameter Settings for User Entity Instance: alt_fp2int:alt_fp2int_inst|alt_fp2int_altfp_convert_04q:alt_fp2int_altfp_convert_04q_component|lpm_compare:cmpr3
 20. Parameter Settings for User Entity Instance: alt_fp2int:alt_fp2int_inst|alt_fp2int_altfp_convert_04q:alt_fp2int_altfp_convert_04q_component|lpm_compare:max_shift_compare
 21. Elapsed Time Per Partition
 22. Analysis & Synthesis Messages



----------------
; Legal Notice ;
----------------
Copyright (C) 1991-2013 Altera Corporation
Your use of Altera Corporation's design tools, logic functions 
and other software and tools, and its AMPP partner logic 
functions, and any output files from any of the foregoing 
(including device programming or simulation files), and any 
associated documentation or information are expressly subject 
to the terms and conditions of the Altera Program License 
Subscription Agreement, Altera MegaCore Function License 
Agreement, or other applicable license agreement, including, 
without limitation, that your use is for the sole purpose of 
programming logic devices manufactured by Altera and sold by 
Altera or its authorized distributors.  Please refer to the 
applicable agreement for further details.



+--------------------------------------------------------------------------------------+
; Analysis & Synthesis Summary                                                         ;
+------------------------------------+-------------------------------------------------+
; Analysis & Synthesis Status        ; Successful - Thu Nov 08 17:24:05 2018           ;
; Quartus II 64-Bit Version          ; 13.0.1 Build 232 06/12/2013 SP 1 SJ Web Edition ;
; Revision Name                      ; fp2int                                          ;
; Top-level Entity Name              ; fp2int                                          ;
; Family                             ; Cyclone II                                      ;
; Total logic elements               ; 269                                             ;
;     Total combinational functions  ; 189                                             ;
;     Dedicated logic registers      ; 183                                             ;
; Total registers                    ; 183                                             ;
; Total pins                         ; 48                                              ;
; Total virtual pins                 ; 0                                               ;
; Total memory bits                  ; 0                                               ;
; Embedded Multiplier 9-bit elements ; 0                                               ;
; Total PLLs                         ; 0                                               ;
+------------------------------------+-------------------------------------------------+


+----------------------------------------------------------------------------------------------------------------------+
; Analysis & Synthesis Settings                                                                                        ;
+----------------------------------------------------------------------------+--------------------+--------------------+
; Option                                                                     ; Setting            ; Default Value      ;
+----------------------------------------------------------------------------+--------------------+--------------------+
; Device                                                                     ; EP2C5AF256A7       ;                    ;
; Top-level entity name                                                      ; fp2int             ; fp2int             ;
; Family name                                                                ; Cyclone II         ; Cyclone IV GX      ;
; Use smart compilation                                                      ; Off                ; Off                ;
; Enable parallel Assembler and TimeQuest Timing Analyzer during compilation ; On                 ; On                 ;
; Enable compact report table                                                ; Off                ; Off                ;
; Restructure Multiplexers                                                   ; Auto               ; Auto               ;
; Create Debugging Nodes for IP Cores                                        ; Off                ; Off                ;
; Preserve fewer node names                                                  ; On                 ; On                 ;
; Disable OpenCore Plus hardware evaluation                                  ; Off                ; Off                ;
; Verilog Version                                                            ; Verilog_2001       ; Verilog_2001       ;
; VHDL Version                                                               ; VHDL_1993          ; VHDL_1993          ;
; State Machine Processing                                                   ; Auto               ; Auto               ;
; Safe State Machine                                                         ; Off                ; Off                ;
; Extract Verilog State Machines                                             ; On                 ; On                 ;
; Extract VHDL State Machines                                                ; On                 ; On                 ;
; Ignore Verilog initial constructs                                          ; Off                ; Off                ;
; Iteration limit for constant Verilog loops                                 ; 5000               ; 5000               ;
; Iteration limit for non-constant Verilog loops                             ; 250                ; 250                ;
; Add Pass-Through Logic to Inferred RAMs                                    ; On                 ; On                 ;
; Infer RAMs from Raw Logic                                                  ; On                 ; On                 ;
; Parallel Synthesis                                                         ; On                 ; On                 ;
; DSP Block Balancing                                                        ; Auto               ; Auto               ;
; NOT Gate Push-Back                                                         ; On                 ; On                 ;
; Power-Up Don't Care                                                        ; On                 ; On                 ;
; Remove Redundant Logic Cells                                               ; Off                ; Off                ;
; Remove Duplicate Registers                                                 ; On                 ; On                 ;
; Ignore CARRY Buffers                                                       ; Off                ; Off                ;
; Ignore CASCADE Buffers                                                     ; Off                ; Off                ;
; Ignore GLOBAL Buffers                                                      ; Off                ; Off                ;
; Ignore ROW GLOBAL Buffers                                                  ; Off                ; Off                ;
; Ignore LCELL Buffers                                                       ; Off                ; Off                ;
; Ignore SOFT Buffers                                                        ; On                 ; On                 ;
; Limit AHDL Integers to 32 Bits                                             ; Off                ; Off                ;
; Optimization Technique                                                     ; Balanced           ; Balanced           ;
; Carry Chain Length                                                         ; 70                 ; 70                 ;
; Auto Carry Chains                                                          ; On                 ; On                 ;
; Auto Open-Drain Pins                                                       ; On                 ; On                 ;
; Perform WYSIWYG Primitive Resynthesis                                      ; Off                ; Off                ;
; Auto ROM Replacement                                                       ; On                 ; On                 ;
; Auto RAM Replacement                                                       ; On                 ; On                 ;
; Auto Shift Register Replacement                                            ; Auto               ; Auto               ;
; Allow Shift Register Merging across Hierarchies                            ; Auto               ; Auto               ;
; Auto Clock Enable Replacement                                              ; On                 ; On                 ;
; Strict RAM Replacement                                                     ; Off                ; Off                ;
; Allow Synchronous Control Signals                                          ; On                 ; On                 ;
; Force Use of Synchronous Clear Signals                                     ; Off                ; Off                ;
; Auto RAM to Logic Cell Conversion                                          ; Off                ; Off                ;
; Auto Resource Sharing                                                      ; Off                ; Off                ;
; Allow Any RAM Size For Recognition                                         ; Off                ; Off                ;
; Allow Any ROM Size For Recognition                                         ; Off                ; Off                ;
; Allow Any Shift Register Size For Recognition                              ; Off                ; Off                ;
; Use LogicLock Constraints during Resource Balancing                        ; On                 ; On                 ;
; Ignore translate_off and synthesis_off directives                          ; Off                ; Off                ;
; Timing-Driven Synthesis                                                    ; Off                ; Off                ;
; Report Parameter Settings                                                  ; On                 ; On                 ;
; Report Source Assignments                                                  ; On                 ; On                 ;
; Report Connectivity Checks                                                 ; On                 ; On                 ;
; Ignore Maximum Fan-Out Assignments                                         ; Off                ; Off                ;
; Synchronization Register Chain Length                                      ; 2                  ; 2                  ;
; PowerPlay Power Optimization                                               ; Normal compilation ; Normal compilation ;
; HDL message level                                                          ; Level2             ; Level2             ;
; Suppress Register Optimization Related Messages                            ; Off                ; Off                ;
; Number of Removed Registers Reported in Synthesis Report                   ; 5000               ; 5000               ;
; Number of Swept Nodes Reported in Synthesis Report                         ; 5000               ; 5000               ;
; Number of Inverted Registers Reported in Synthesis Report                  ; 100                ; 100                ;
; Clock MUX Protection                                                       ; On                 ; On                 ;
; Auto Gated Clock Conversion                                                ; Off                ; Off                ;
; Block Design Naming                                                        ; Auto               ; Auto               ;
; SDC constraint protection                                                  ; Off                ; Off                ;
; Synthesis Effort                                                           ; Auto               ; Auto               ;
; Shift Register Replacement - Allow Asynchronous Clear Signal               ; On                 ; On                 ;
; Pre-Mapping Resynthesis Optimization                                       ; Off                ; Off                ;
; Analysis & Synthesis Message Level                                         ; Medium             ; Medium             ;
; Disable Register Merging Across Hierarchies                                ; Auto               ; Auto               ;
; Resource Aware Inference For Block RAM                                     ; On                 ; On                 ;
; Synthesis Seed                                                             ; 1                  ; 1                  ;
+----------------------------------------------------------------------------+--------------------+--------------------+


Parallel compilation was disabled, but you have multiple processors available. Enable parallel compilation to reduce compilation time.
+-------------------------------------+
; Parallel Compilation                ;
+----------------------------+--------+
; Processors                 ; Number ;
+----------------------------+--------+
; Number detected on machine ; 8      ;
; Maximum allowed            ; 1      ;
+----------------------------+--------+


+-------------------------------------------------------------------------------------------------------------------------------------------------------------------------------------+
; Analysis & Synthesis Source Files Read                                                                                                                                              ;
+----------------------------------+-----------------+------------------------------+---------------------------------------------------------------------------------------+---------+
; File Name with User-Entered Path ; Used in Netlist ; File Type                    ; File Name with Absolute Path                                                          ; Library ;
+----------------------------------+-----------------+------------------------------+---------------------------------------------------------------------------------------+---------+
; alt_fp2int.vhd                   ; yes             ; User Wizard-Generated File   ; C:/Users/VictorSantos/Documents/FPGA/projeto/projeto/common/fp2int/alt_fp2int.vhd     ;         ;
; fp2int.vhd                       ; yes             ; User VHDL File               ; C:/Users/VictorSantos/Documents/FPGA/projeto/projeto/common/fp2int/fp2int.vhd         ;         ;
; lpm_add_sub.tdf                  ; yes             ; Megafunction                 ; c:/altera/13.0sp1/quartus/libraries/megafunctions/lpm_add_sub.tdf                     ;         ;
; addcore.inc                      ; yes             ; Megafunction                 ; c:/altera/13.0sp1/quartus/libraries/megafunctions/addcore.inc                         ;         ;
; look_add.inc                     ; yes             ; Megafunction                 ; c:/altera/13.0sp1/quartus/libraries/megafunctions/look_add.inc                        ;         ;
; bypassff.inc                     ; yes             ; Megafunction                 ; c:/altera/13.0sp1/quartus/libraries/megafunctions/bypassff.inc                        ;         ;
; altshift.inc                     ; yes             ; Megafunction                 ; c:/altera/13.0sp1/quartus/libraries/megafunctions/altshift.inc                        ;         ;
; alt_stratix_add_sub.inc          ; yes             ; Megafunction                 ; c:/altera/13.0sp1/quartus/libraries/megafunctions/alt_stratix_add_sub.inc             ;         ;
; aglobal130.inc                   ; yes             ; Megafunction                 ; c:/altera/13.0sp1/quartus/libraries/megafunctions/aglobal130.inc                      ;         ;
; db/add_sub_9ui.tdf               ; yes             ; Auto-Generated Megafunction  ; C:/Users/VictorSantos/Documents/FPGA/projeto/projeto/common/fp2int/db/add_sub_9ui.tdf ;         ;
; db/add_sub_5ti.tdf               ; yes             ; Auto-Generated Megafunction  ; C:/Users/VictorSantos/Documents/FPGA/projeto/projeto/common/fp2int/db/add_sub_5ti.tdf ;         ;
; db/add_sub_3cj.tdf               ; yes             ; Auto-Generated Megafunction  ; C:/Users/VictorSantos/Documents/FPGA/projeto/projeto/common/fp2int/db/add_sub_3cj.tdf ;         ;
; db/add_sub_vbj.tdf               ; yes             ; Auto-Generated Megafunction  ; C:/Users/VictorSantos/Documents/FPGA/projeto/projeto/common/fp2int/db/add_sub_vbj.tdf ;         ;
; db/add_sub_4ti.tdf               ; yes             ; Auto-Generated Megafunction  ; C:/Users/VictorSantos/Documents/FPGA/projeto/projeto/common/fp2int/db/add_sub_4ti.tdf ;         ;
; lpm_compare.tdf                  ; yes             ; Megafunction                 ; c:/altera/13.0sp1/quartus/libraries/megafunctions/lpm_compare.tdf                     ;         ;
; comptree.inc                     ; yes             ; Megafunction                 ; c:/altera/13.0sp1/quartus/libraries/megafunctions/comptree.inc                        ;         ;
; db/cmpr_28i.tdf                  ; yes             ; Auto-Generated Megafunction  ; C:/Users/VictorSantos/Documents/FPGA/projeto/projeto/common/fp2int/db/cmpr_28i.tdf    ;         ;
; db/cmpr_oth.tdf                  ; yes             ; Auto-Generated Megafunction  ; C:/Users/VictorSantos/Documents/FPGA/projeto/projeto/common/fp2int/db/cmpr_oth.tdf    ;         ;
; db/cmpr_vth.tdf                  ; yes             ; Auto-Generated Megafunction  ; C:/Users/VictorSantos/Documents/FPGA/projeto/projeto/common/fp2int/db/cmpr_vth.tdf    ;         ;
; db/cmpr_nth.tdf                  ; yes             ; Auto-Generated Megafunction  ; C:/Users/VictorSantos/Documents/FPGA/projeto/projeto/common/fp2int/db/cmpr_nth.tdf    ;         ;
+----------------------------------+-----------------+------------------------------+---------------------------------------------------------------------------------------+---------+


+-----------------------------------------------------+
; Analysis & Synthesis Resource Usage Summary         ;
+---------------------------------------------+-------+
; Resource                                    ; Usage ;
+---------------------------------------------+-------+
; Estimated Total logic elements              ; 269   ;
;                                             ;       ;
; Total combinational functions               ; 189   ;
; Logic element usage by number of LUT inputs ;       ;
;     -- 4 input functions                    ; 63    ;
;     -- 3 input functions                    ; 87    ;
;     -- <=2 input functions                  ; 39    ;
;                                             ;       ;
; Logic elements by mode                      ;       ;
;     -- normal mode                          ; 176   ;
;     -- arithmetic mode                      ; 13    ;
;                                             ;       ;
; Total registers                             ; 183   ;
;     -- Dedicated logic registers            ; 183   ;
;     -- I/O registers                        ; 0     ;
;                                             ;       ;
; I/O pins                                    ; 48    ;
; Embedded Multiplier 9-bit elements          ; 0     ;
; Maximum fan-out node                        ; clk   ;
; Maximum fan-out                             ; 183   ;
; Total fan-out                               ; 1404  ;
; Average fan-out                             ; 3.34  ;
+---------------------------------------------+-------+


+-----------------------------------------------------------------------------------------------------------------------------------------------------------------------------------------------------------------------------------------------------------------------------------------------------------------------------------------------------------------------+
; Analysis & Synthesis Resource Utilization by Entity                                                                                                                                                                                                                                                                                                                   ;
+-----------------------------------------------------------------------------+-------------------+--------------+-------------+--------------+---------+-----------+------+--------------+--------------------------------------------------------------------------------------------------------------------------------------------------------------+--------------+
; Compilation Hierarchy Node                                                  ; LC Combinationals ; LC Registers ; Memory Bits ; DSP Elements ; DSP 9x9 ; DSP 18x18 ; Pins ; Virtual Pins ; Full Hierarchy Name                                                                                                                                          ; Library Name ;
+-----------------------------------------------------------------------------+-------------------+--------------+-------------+--------------+---------+-----------+------+--------------+--------------------------------------------------------------------------------------------------------------------------------------------------------------+--------------+
; |fp2int                                                                     ; 189 (0)           ; 183 (0)      ; 0           ; 0            ; 0       ; 0         ; 48   ; 0            ; |fp2int                                                                                                                                                      ; work         ;
;    |alt_fp2int:alt_fp2int_inst|                                             ; 189 (0)           ; 183 (0)      ; 0           ; 0            ; 0       ; 0         ; 0    ; 0            ; |fp2int|alt_fp2int:alt_fp2int_inst                                                                                                                           ; work         ;
;       |alt_fp2int_altfp_convert_04q:alt_fp2int_altfp_convert_04q_component| ; 189 (68)          ; 183 (119)    ; 0           ; 0            ; 0       ; 0         ; 0    ; 0            ; |fp2int|alt_fp2int:alt_fp2int_inst|alt_fp2int_altfp_convert_04q:alt_fp2int_altfp_convert_04q_component                                                       ; work         ;
;          |alt_fp2int_altbarrel_shift_arf:altbarrel_shift6|                  ; 104 (104)         ; 64 (64)      ; 0           ; 0            ; 0       ; 0         ; 0    ; 0            ; |fp2int|alt_fp2int:alt_fp2int_inst|alt_fp2int_altfp_convert_04q:alt_fp2int_altfp_convert_04q_component|alt_fp2int_altbarrel_shift_arf:altbarrel_shift6       ; work         ;
;          |lpm_add_sub:add_sub7|                                             ; 8 (0)             ; 0 (0)        ; 0           ; 0            ; 0       ; 0         ; 0    ; 0            ; |fp2int|alt_fp2int:alt_fp2int_inst|alt_fp2int_altfp_convert_04q:alt_fp2int_altfp_convert_04q_component|lpm_add_sub:add_sub7                                  ; work         ;
;             |add_sub_3cj:auto_generated|                                    ; 8 (8)             ; 0 (0)        ; 0           ; 0            ; 0       ; 0         ; 0    ; 0            ; |fp2int|alt_fp2int:alt_fp2int_inst|alt_fp2int_altfp_convert_04q:alt_fp2int_altfp_convert_04q_component|lpm_add_sub:add_sub7|add_sub_3cj:auto_generated       ; work         ;
;          |lpm_add_sub:add_sub8|                                             ; 2 (0)             ; 0 (0)        ; 0           ; 0            ; 0       ; 0         ; 0    ; 0            ; |fp2int|alt_fp2int:alt_fp2int_inst|alt_fp2int_altfp_convert_04q:alt_fp2int_altfp_convert_04q_component|lpm_add_sub:add_sub8                                  ; work         ;
;             |add_sub_vbj:auto_generated|                                    ; 2 (2)             ; 0 (0)        ; 0           ; 0            ; 0       ; 0         ; 0    ; 0            ; |fp2int|alt_fp2int:alt_fp2int_inst|alt_fp2int_altfp_convert_04q:alt_fp2int_altfp_convert_04q_component|lpm_add_sub:add_sub8|add_sub_vbj:auto_generated       ; work         ;
;          |lpm_add_sub:add_sub9|                                             ; 1 (0)             ; 0 (0)        ; 0           ; 0            ; 0       ; 0         ; 0    ; 0            ; |fp2int|alt_fp2int:alt_fp2int_inst|alt_fp2int_altfp_convert_04q:alt_fp2int_altfp_convert_04q_component|lpm_add_sub:add_sub9                                  ; work         ;
;             |add_sub_4ti:auto_generated|                                    ; 1 (1)             ; 0 (0)        ; 0           ; 0            ; 0       ; 0         ; 0    ; 0            ; |fp2int|alt_fp2int:alt_fp2int_inst|alt_fp2int_altfp_convert_04q:alt_fp2int_altfp_convert_04q_component|lpm_add_sub:add_sub9|add_sub_4ti:auto_generated       ; work         ;
;          |lpm_compare:cmpr1|                                                ; 3 (0)             ; 0 (0)        ; 0           ; 0            ; 0       ; 0         ; 0    ; 0            ; |fp2int|alt_fp2int:alt_fp2int_inst|alt_fp2int_altfp_convert_04q:alt_fp2int_altfp_convert_04q_component|lpm_compare:cmpr1                                     ; work         ;
;             |cmpr_28i:auto_generated|                                       ; 3 (3)             ; 0 (0)        ; 0           ; 0            ; 0       ; 0         ; 0    ; 0            ; |fp2int|alt_fp2int:alt_fp2int_inst|alt_fp2int_altfp_convert_04q:alt_fp2int_altfp_convert_04q_component|lpm_compare:cmpr1|cmpr_28i:auto_generated             ; work         ;
;          |lpm_compare:cmpr2|                                                ; 1 (0)             ; 0 (0)        ; 0           ; 0            ; 0       ; 0         ; 0    ; 0            ; |fp2int|alt_fp2int:alt_fp2int_inst|alt_fp2int_altfp_convert_04q:alt_fp2int_altfp_convert_04q_component|lpm_compare:cmpr2                                     ; work         ;
;             |cmpr_oth:auto_generated|                                       ; 1 (1)             ; 0 (0)        ; 0           ; 0            ; 0       ; 0         ; 0    ; 0            ; |fp2int|alt_fp2int:alt_fp2int_inst|alt_fp2int_altfp_convert_04q:alt_fp2int_altfp_convert_04q_component|lpm_compare:cmpr2|cmpr_oth:auto_generated             ; work         ;
;          |lpm_compare:cmpr3|                                                ; 1 (0)             ; 0 (0)        ; 0           ; 0            ; 0       ; 0         ; 0    ; 0            ; |fp2int|alt_fp2int:alt_fp2int_inst|alt_fp2int_altfp_convert_04q:alt_fp2int_altfp_convert_04q_component|lpm_compare:cmpr3                                     ; work         ;
;             |cmpr_vth:auto_generated|                                       ; 1 (1)             ; 0 (0)        ; 0           ; 0            ; 0       ; 0         ; 0    ; 0            ; |fp2int|alt_fp2int:alt_fp2int_inst|alt_fp2int_altfp_convert_04q:alt_fp2int_altfp_convert_04q_component|lpm_compare:cmpr3|cmpr_vth:auto_generated             ; work         ;
;          |lpm_compare:max_shift_compare|                                    ; 1 (0)             ; 0 (0)        ; 0           ; 0            ; 0       ; 0         ; 0    ; 0            ; |fp2int|alt_fp2int:alt_fp2int_inst|alt_fp2int_altfp_convert_04q:alt_fp2int_altfp_convert_04q_component|lpm_compare:max_shift_compare                         ; work         ;
;             |cmpr_nth:auto_generated|                                       ; 1 (1)             ; 0 (0)        ; 0           ; 0            ; 0       ; 0         ; 0    ; 0            ; |fp2int|alt_fp2int:alt_fp2int_inst|alt_fp2int_altfp_convert_04q:alt_fp2int_altfp_convert_04q_component|lpm_compare:max_shift_compare|cmpr_nth:auto_generated ; work         ;
+-----------------------------------------------------------------------------+-------------------+--------------+-------------+--------------+---------+-----------+------+--------------+--------------------------------------------------------------------------------------------------------------------------------------------------------------+--------------+
Note: For table entries with two numbers listed, the numbers in parentheses indicate the number of resources of the given type used by the specific entity alone. The numbers listed outside of parentheses indicate the total resources of the given type used by the specific entity and all of its sub-entities in the hierarchy.


+-----------------------------------------------------------------------------------------------------------------------------------------------------------------------------------------+
; Analysis & Synthesis IP Cores Summary                                                                                                                                                   ;
+--------+---------------+---------+--------------+--------------+------------------------------------+-----------------------------------------------------------------------------------+
; Vendor ; IP Core Name  ; Version ; Release Date ; License Type ; Entity Instance                    ; IP Include File                                                                   ;
+--------+---------------+---------+--------------+--------------+------------------------------------+-----------------------------------------------------------------------------------+
; Altera ; ALTFP_CONVERT ; 13.0    ; N/A          ; N/A          ; |fp2int|alt_fp2int:alt_fp2int_inst ; C:/Users/VictorSantos/Documents/FPGA/projeto/projeto/common/fp2int/alt_fp2int.vhd ;
+--------+---------------+---------+--------------+--------------+------------------------------------+-----------------------------------------------------------------------------------+


+-----------------------------------------------------------------------------------------------------------------------------------------------------------------------------------------------------+
; Registers Removed During Synthesis                                                                                                                                                                  ;
+------------------------------------------------------------------------------------------------------------------------------------------------------------+----------------------------------------+
; Register name                                                                                                                                              ; Reason for Removal                     ;
+------------------------------------------------------------------------------------------------------------------------------------------------------------+----------------------------------------+
; alt_fp2int:alt_fp2int_inst|alt_fp2int_altfp_convert_04q:alt_fp2int_altfp_convert_04q_component|alt_fp2int_altbarrel_shift_arf:altbarrel_shift6|dir_pipe[0] ; Stuck at GND due to stuck port data_in ;
; alt_fp2int:alt_fp2int_inst|alt_fp2int_altfp_convert_04q:alt_fp2int_altfp_convert_04q_component|added_power2_reg[0..2]                                      ; Lost fanout                            ;
; Total Number of Removed Registers = 4                                                                                                                      ;                                        ;
+------------------------------------------------------------------------------------------------------------------------------------------------------------+----------------------------------------+


+------------------------------------------------------+
; General Register Statistics                          ;
+----------------------------------------------+-------+
; Statistic                                    ; Value ;
+----------------------------------------------+-------+
; Total registers                              ; 183   ;
; Number of registers using Synchronous Clear  ; 1     ;
; Number of registers using Synchronous Load   ; 36    ;
; Number of registers using Asynchronous Clear ; 183   ;
; Number of registers using Asynchronous Load  ; 0     ;
; Number of registers using Clock Enable       ; 183   ;
; Number of registers using Preset             ; 0     ;
+----------------------------------------------+-------+


+---------------------------------------------------------------------------------------------------------------------------------------------------------------------------------------------------------------------------------------------------------------------------------------+
; Multiplexer Restructuring Statistics (Restructuring Performed)                                                                                                                                                                                                                        ;
+--------------------+-----------+---------------+----------------------+------------------------+------------+-------------------------------------------------------------------------------------------------------------------------------------------------------------------------+
; Multiplexer Inputs ; Bus Width ; Baseline Area ; Area if Restructured ; Saving if Restructured ; Registered ; Example Multiplexer Output                                                                                                                                              ;
+--------------------+-----------+---------------+----------------------+------------------------+------------+-------------------------------------------------------------------------------------------------------------------------------------------------------------------------+
; 3:1                ; 15 bits   ; 30 LEs        ; 30 LEs               ; 0 LEs                  ; Yes        ; |fp2int|alt_fp2int:alt_fp2int_inst|alt_fp2int_altfp_convert_04q:alt_fp2int_altfp_convert_04q_component|alt_fp2int_altbarrel_shift_arf:altbarrel_shift6|sbit_piper2d[21] ;
; 3:1                ; 3 bits    ; 6 LEs         ; 6 LEs                ; 0 LEs                  ; No         ; |fp2int|alt_fp2int:alt_fp2int_inst|alt_fp2int_altfp_convert_04q:alt_fp2int_altfp_convert_04q_component|integer_tmp_output[6]                                            ;
+--------------------+-----------+---------------+----------------------+------------------------+------------+-------------------------------------------------------------------------------------------------------------------------------------------------------------------------+


+------------------------------------------------------------------------------------------------------------------------------------------------------------------+
; Parameter Settings for User Entity Instance: alt_fp2int:alt_fp2int_inst|alt_fp2int_altfp_convert_04q:alt_fp2int_altfp_convert_04q_component|lpm_add_sub:add_sub4 ;
+------------------------+-------------+---------------------------------------------------------------------------------------------------------------------------+
; Parameter Name         ; Value       ; Type                                                                                                                      ;
+------------------------+-------------+---------------------------------------------------------------------------------------------------------------------------+
; LPM_WIDTH              ; 8           ; Signed Integer                                                                                                            ;
; LPM_REPRESENTATION     ; SIGNED      ; Untyped                                                                                                                   ;
; LPM_DIRECTION          ; SUB         ; Untyped                                                                                                                   ;
; ONE_INPUT_IS_CONSTANT  ; YES         ; Untyped                                                                                                                   ;
; LPM_PIPELINE           ; 0           ; Signed Integer                                                                                                            ;
; MAXIMIZE_SPEED         ; 5           ; Untyped                                                                                                                   ;
; REGISTERED_AT_END      ; 0           ; Untyped                                                                                                                   ;
; OPTIMIZE_FOR_SPEED     ; 5           ; Untyped                                                                                                                   ;
; USE_CS_BUFFERS         ; 1           ; Untyped                                                                                                                   ;
; CARRY_CHAIN            ; MANUAL      ; Untyped                                                                                                                   ;
; CARRY_CHAIN_LENGTH     ; 48          ; CARRY_CHAIN_LENGTH                                                                                                        ;
; DEVICE_FAMILY          ; Cyclone II  ; Untyped                                                                                                                   ;
; USE_WYS                ; OFF         ; Untyped                                                                                                                   ;
; STYLE                  ; FAST        ; Untyped                                                                                                                   ;
; CBXI_PARAMETER         ; add_sub_9ui ; Untyped                                                                                                                   ;
; AUTO_CARRY_CHAINS      ; ON          ; AUTO_CARRY                                                                                                                ;
; IGNORE_CARRY_BUFFERS   ; OFF         ; IGNORE_CARRY                                                                                                              ;
; AUTO_CASCADE_CHAINS    ; ON          ; AUTO_CASCADE                                                                                                              ;
; IGNORE_CASCADE_BUFFERS ; OFF         ; IGNORE_CASCADE                                                                                                            ;
+------------------------+-------------+---------------------------------------------------------------------------------------------------------------------------+
Note: In order to hide this table in the UI and the text report file, please set the "Show Parameter Settings in Synthesis Report" option in "Analysis and Synthesis Settings -> More Settings" to "Off".


+------------------------------------------------------------------------------------------------------------------------------------------------------------------+
; Parameter Settings for User Entity Instance: alt_fp2int:alt_fp2int_inst|alt_fp2int_altfp_convert_04q:alt_fp2int_altfp_convert_04q_component|lpm_add_sub:add_sub5 ;
+------------------------+-------------+---------------------------------------------------------------------------------------------------------------------------+
; Parameter Name         ; Value       ; Type                                                                                                                      ;
+------------------------+-------------+---------------------------------------------------------------------------------------------------------------------------+
; LPM_WIDTH              ; 5           ; Signed Integer                                                                                                            ;
; LPM_REPRESENTATION     ; SIGNED      ; Untyped                                                                                                                   ;
; LPM_DIRECTION          ; ADD         ; Untyped                                                                                                                   ;
; ONE_INPUT_IS_CONSTANT  ; YES         ; Untyped                                                                                                                   ;
; LPM_PIPELINE           ; 0           ; Signed Integer                                                                                                            ;
; MAXIMIZE_SPEED         ; 5           ; Untyped                                                                                                                   ;
; REGISTERED_AT_END      ; 0           ; Untyped                                                                                                                   ;
; OPTIMIZE_FOR_SPEED     ; 5           ; Untyped                                                                                                                   ;
; USE_CS_BUFFERS         ; 1           ; Untyped                                                                                                                   ;
; CARRY_CHAIN            ; MANUAL      ; Untyped                                                                                                                   ;
; CARRY_CHAIN_LENGTH     ; 48          ; CARRY_CHAIN_LENGTH                                                                                                        ;
; DEVICE_FAMILY          ; Cyclone II  ; Untyped                                                                                                                   ;
; USE_WYS                ; OFF         ; Untyped                                                                                                                   ;
; STYLE                  ; FAST        ; Untyped                                                                                                                   ;
; CBXI_PARAMETER         ; add_sub_5ti ; Untyped                                                                                                                   ;
; AUTO_CARRY_CHAINS      ; ON          ; AUTO_CARRY                                                                                                                ;
; IGNORE_CARRY_BUFFERS   ; OFF         ; IGNORE_CARRY                                                                                                              ;
; AUTO_CASCADE_CHAINS    ; ON          ; AUTO_CASCADE                                                                                                              ;
; IGNORE_CASCADE_BUFFERS ; OFF         ; IGNORE_CASCADE                                                                                                            ;
+------------------------+-------------+---------------------------------------------------------------------------------------------------------------------------+
Note: In order to hide this table in the UI and the text report file, please set the "Show Parameter Settings in Synthesis Report" option in "Analysis and Synthesis Settings -> More Settings" to "Off".


+------------------------------------------------------------------------------------------------------------------------------------------------------------------+
; Parameter Settings for User Entity Instance: alt_fp2int:alt_fp2int_inst|alt_fp2int_altfp_convert_04q:alt_fp2int_altfp_convert_04q_component|lpm_add_sub:add_sub7 ;
+------------------------+-------------+---------------------------------------------------------------------------------------------------------------------------+
; Parameter Name         ; Value       ; Type                                                                                                                      ;
+------------------------+-------------+---------------------------------------------------------------------------------------------------------------------------+
; LPM_WIDTH              ; 8           ; Signed Integer                                                                                                            ;
; LPM_REPRESENTATION     ; SIGNED      ; Untyped                                                                                                                   ;
; LPM_DIRECTION          ; ADD         ; Untyped                                                                                                                   ;
; ONE_INPUT_IS_CONSTANT  ; YES         ; Untyped                                                                                                                   ;
; LPM_PIPELINE           ; 0           ; Signed Integer                                                                                                            ;
; MAXIMIZE_SPEED         ; 5           ; Untyped                                                                                                                   ;
; REGISTERED_AT_END      ; 0           ; Untyped                                                                                                                   ;
; OPTIMIZE_FOR_SPEED     ; 5           ; Untyped                                                                                                                   ;
; USE_CS_BUFFERS         ; 1           ; Untyped                                                                                                                   ;
; CARRY_CHAIN            ; MANUAL      ; Untyped                                                                                                                   ;
; CARRY_CHAIN_LENGTH     ; 48          ; CARRY_CHAIN_LENGTH                                                                                                        ;
; DEVICE_FAMILY          ; Cyclone II  ; Untyped                                                                                                                   ;
; USE_WYS                ; OFF         ; Untyped                                                                                                                   ;
; STYLE                  ; FAST        ; Untyped                                                                                                                   ;
; CBXI_PARAMETER         ; add_sub_3cj ; Untyped                                                                                                                   ;
; AUTO_CARRY_CHAINS      ; ON          ; AUTO_CARRY                                                                                                                ;
; IGNORE_CARRY_BUFFERS   ; OFF         ; IGNORE_CARRY                                                                                                              ;
; AUTO_CASCADE_CHAINS    ; ON          ; AUTO_CASCADE                                                                                                              ;
; IGNORE_CASCADE_BUFFERS ; OFF         ; IGNORE_CASCADE                                                                                                            ;
+------------------------+-------------+---------------------------------------------------------------------------------------------------------------------------+
Note: In order to hide this table in the UI and the text report file, please set the "Show Parameter Settings in Synthesis Report" option in "Analysis and Synthesis Settings -> More Settings" to "Off".


+------------------------------------------------------------------------------------------------------------------------------------------------------------------+
; Parameter Settings for User Entity Instance: alt_fp2int:alt_fp2int_inst|alt_fp2int_altfp_convert_04q:alt_fp2int_altfp_convert_04q_component|lpm_add_sub:add_sub8 ;
+------------------------+-------------+---------------------------------------------------------------------------------------------------------------------------+
; Parameter Name         ; Value       ; Type                                                                                                                      ;
+------------------------+-------------+---------------------------------------------------------------------------------------------------------------------------+
; LPM_WIDTH              ; 4           ; Signed Integer                                                                                                            ;
; LPM_REPRESENTATION     ; SIGNED      ; Untyped                                                                                                                   ;
; LPM_DIRECTION          ; ADD         ; Untyped                                                                                                                   ;
; ONE_INPUT_IS_CONSTANT  ; YES         ; Untyped                                                                                                                   ;
; LPM_PIPELINE           ; 0           ; Signed Integer                                                                                                            ;
; MAXIMIZE_SPEED         ; 5           ; Untyped                                                                                                                   ;
; REGISTERED_AT_END      ; 0           ; Untyped                                                                                                                   ;
; OPTIMIZE_FOR_SPEED     ; 5           ; Untyped                                                                                                                   ;
; USE_CS_BUFFERS         ; 1           ; Untyped                                                                                                                   ;
; CARRY_CHAIN            ; MANUAL      ; Untyped                                                                                                                   ;
; CARRY_CHAIN_LENGTH     ; 48          ; CARRY_CHAIN_LENGTH                                                                                                        ;
; DEVICE_FAMILY          ; Cyclone II  ; Untyped                                                                                                                   ;
; USE_WYS                ; OFF         ; Untyped                                                                                                                   ;
; STYLE                  ; FAST        ; Untyped                                                                                                                   ;
; CBXI_PARAMETER         ; add_sub_vbj ; Untyped                                                                                                                   ;
; AUTO_CARRY_CHAINS      ; ON          ; AUTO_CARRY                                                                                                                ;
; IGNORE_CARRY_BUFFERS   ; OFF         ; IGNORE_CARRY                                                                                                              ;
; AUTO_CASCADE_CHAINS    ; ON          ; AUTO_CASCADE                                                                                                              ;
; IGNORE_CASCADE_BUFFERS ; OFF         ; IGNORE_CASCADE                                                                                                            ;
+------------------------+-------------+---------------------------------------------------------------------------------------------------------------------------+
Note: In order to hide this table in the UI and the text report file, please set the "Show Parameter Settings in Synthesis Report" option in "Analysis and Synthesis Settings -> More Settings" to "Off".


+------------------------------------------------------------------------------------------------------------------------------------------------------------------+
; Parameter Settings for User Entity Instance: alt_fp2int:alt_fp2int_inst|alt_fp2int_altfp_convert_04q:alt_fp2int_altfp_convert_04q_component|lpm_add_sub:add_sub9 ;
+------------------------+-------------+---------------------------------------------------------------------------------------------------------------------------+
; Parameter Name         ; Value       ; Type                                                                                                                      ;
+------------------------+-------------+---------------------------------------------------------------------------------------------------------------------------+
; LPM_WIDTH              ; 4           ; Signed Integer                                                                                                            ;
; LPM_REPRESENTATION     ; SIGNED      ; Untyped                                                                                                                   ;
; LPM_DIRECTION          ; ADD         ; Untyped                                                                                                                   ;
; ONE_INPUT_IS_CONSTANT  ; YES         ; Untyped                                                                                                                   ;
; LPM_PIPELINE           ; 0           ; Signed Integer                                                                                                            ;
; MAXIMIZE_SPEED         ; 5           ; Untyped                                                                                                                   ;
; REGISTERED_AT_END      ; 0           ; Untyped                                                                                                                   ;
; OPTIMIZE_FOR_SPEED     ; 5           ; Untyped                                                                                                                   ;
; USE_CS_BUFFERS         ; 1           ; Untyped                                                                                                                   ;
; CARRY_CHAIN            ; MANUAL      ; Untyped                                                                                                                   ;
; CARRY_CHAIN_LENGTH     ; 48          ; CARRY_CHAIN_LENGTH                                                                                                        ;
; DEVICE_FAMILY          ; Cyclone II  ; Untyped                                                                                                                   ;
; USE_WYS                ; OFF         ; Untyped                                                                                                                   ;
; STYLE                  ; FAST        ; Untyped                                                                                                                   ;
; CBXI_PARAMETER         ; add_sub_4ti ; Untyped                                                                                                                   ;
; AUTO_CARRY_CHAINS      ; ON          ; AUTO_CARRY                                                                                                                ;
; IGNORE_CARRY_BUFFERS   ; OFF         ; IGNORE_CARRY                                                                                                              ;
; AUTO_CASCADE_CHAINS    ; ON          ; AUTO_CASCADE                                                                                                              ;
; IGNORE_CASCADE_BUFFERS ; OFF         ; IGNORE_CASCADE                                                                                                            ;
+------------------------+-------------+---------------------------------------------------------------------------------------------------------------------------+
Note: In order to hide this table in the UI and the text report file, please set the "Show Parameter Settings in Synthesis Report" option in "Analysis and Synthesis Settings -> More Settings" to "Off".


+---------------------------------------------------------------------------------------------------------------------------------------------------------------+
; Parameter Settings for User Entity Instance: alt_fp2int:alt_fp2int_inst|alt_fp2int_altfp_convert_04q:alt_fp2int_altfp_convert_04q_component|lpm_compare:cmpr1 ;
+------------------------+------------+-------------------------------------------------------------------------------------------------------------------------+
; Parameter Name         ; Value      ; Type                                                                                                                    ;
+------------------------+------------+-------------------------------------------------------------------------------------------------------------------------+
; lpm_width              ; 8          ; Signed Integer                                                                                                          ;
; LPM_REPRESENTATION     ; UNSIGNED   ; Untyped                                                                                                                 ;
; LPM_PIPELINE           ; 0          ; Signed Integer                                                                                                          ;
; CHAIN_SIZE             ; 8          ; Untyped                                                                                                                 ;
; ONE_INPUT_IS_CONSTANT  ; NO         ; Untyped                                                                                                                 ;
; CARRY_CHAIN            ; MANUAL     ; Untyped                                                                                                                 ;
; CASCADE_CHAIN          ; MANUAL     ; Untyped                                                                                                                 ;
; CARRY_CHAIN_LENGTH     ; 48         ; CARRY_CHAIN_LENGTH                                                                                                      ;
; CASCADE_CHAIN_LENGTH   ; 2          ; CASCADE_CHAIN_LENGTH                                                                                                    ;
; DEVICE_FAMILY          ; Cyclone II ; Untyped                                                                                                                 ;
; CBXI_PARAMETER         ; cmpr_28i   ; Untyped                                                                                                                 ;
; AUTO_CARRY_CHAINS      ; ON         ; AUTO_CARRY                                                                                                              ;
; IGNORE_CARRY_BUFFERS   ; OFF        ; IGNORE_CARRY                                                                                                            ;
; AUTO_CASCADE_CHAINS    ; ON         ; AUTO_CASCADE                                                                                                            ;
; IGNORE_CASCADE_BUFFERS ; OFF        ; IGNORE_CASCADE                                                                                                          ;
+------------------------+------------+-------------------------------------------------------------------------------------------------------------------------+
Note: In order to hide this table in the UI and the text report file, please set the "Show Parameter Settings in Synthesis Report" option in "Analysis and Synthesis Settings -> More Settings" to "Off".


+---------------------------------------------------------------------------------------------------------------------------------------------------------------+
; Parameter Settings for User Entity Instance: alt_fp2int:alt_fp2int_inst|alt_fp2int_altfp_convert_04q:alt_fp2int_altfp_convert_04q_component|lpm_compare:cmpr2 ;
+------------------------+------------+-------------------------------------------------------------------------------------------------------------------------+
; Parameter Name         ; Value      ; Type                                                                                                                    ;
+------------------------+------------+-------------------------------------------------------------------------------------------------------------------------+
; lpm_width              ; 8          ; Signed Integer                                                                                                          ;
; LPM_REPRESENTATION     ; UNSIGNED   ; Untyped                                                                                                                 ;
; LPM_PIPELINE           ; 0          ; Signed Integer                                                                                                          ;
; CHAIN_SIZE             ; 8          ; Untyped                                                                                                                 ;
; ONE_INPUT_IS_CONSTANT  ; NO         ; Untyped                                                                                                                 ;
; CARRY_CHAIN            ; MANUAL     ; Untyped                                                                                                                 ;
; CASCADE_CHAIN          ; MANUAL     ; Untyped                                                                                                                 ;
; CARRY_CHAIN_LENGTH     ; 48         ; CARRY_CHAIN_LENGTH                                                                                                      ;
; CASCADE_CHAIN_LENGTH   ; 2          ; CASCADE_CHAIN_LENGTH                                                                                                    ;
; DEVICE_FAMILY          ; Cyclone II ; Untyped                                                                                                                 ;
; CBXI_PARAMETER         ; cmpr_oth   ; Untyped                                                                                                                 ;
; AUTO_CARRY_CHAINS      ; ON         ; AUTO_CARRY                                                                                                              ;
; IGNORE_CARRY_BUFFERS   ; OFF        ; IGNORE_CARRY                                                                                                            ;
; AUTO_CASCADE_CHAINS    ; ON         ; AUTO_CASCADE                                                                                                            ;
; IGNORE_CASCADE_BUFFERS ; OFF        ; IGNORE_CASCADE                                                                                                          ;
+------------------------+------------+-------------------------------------------------------------------------------------------------------------------------+
Note: In order to hide this table in the UI and the text report file, please set the "Show Parameter Settings in Synthesis Report" option in "Analysis and Synthesis Settings -> More Settings" to "Off".


+---------------------------------------------------------------------------------------------------------------------------------------------------------------+
; Parameter Settings for User Entity Instance: alt_fp2int:alt_fp2int_inst|alt_fp2int_altfp_convert_04q:alt_fp2int_altfp_convert_04q_component|lpm_compare:cmpr3 ;
+------------------------+------------+-------------------------------------------------------------------------------------------------------------------------+
; Parameter Name         ; Value      ; Type                                                                                                                    ;
+------------------------+------------+-------------------------------------------------------------------------------------------------------------------------+
; lpm_width              ; 8          ; Signed Integer                                                                                                          ;
; LPM_REPRESENTATION     ; UNSIGNED   ; Untyped                                                                                                                 ;
; LPM_PIPELINE           ; 0          ; Signed Integer                                                                                                          ;
; CHAIN_SIZE             ; 8          ; Untyped                                                                                                                 ;
; ONE_INPUT_IS_CONSTANT  ; NO         ; Untyped                                                                                                                 ;
; CARRY_CHAIN            ; MANUAL     ; Untyped                                                                                                                 ;
; CASCADE_CHAIN          ; MANUAL     ; Untyped                                                                                                                 ;
; CARRY_CHAIN_LENGTH     ; 48         ; CARRY_CHAIN_LENGTH                                                                                                      ;
; CASCADE_CHAIN_LENGTH   ; 2          ; CASCADE_CHAIN_LENGTH                                                                                                    ;
; DEVICE_FAMILY          ; Cyclone II ; Untyped                                                                                                                 ;
; CBXI_PARAMETER         ; cmpr_vth   ; Untyped                                                                                                                 ;
; AUTO_CARRY_CHAINS      ; ON         ; AUTO_CARRY                                                                                                              ;
; IGNORE_CARRY_BUFFERS   ; OFF        ; IGNORE_CARRY                                                                                                            ;
; AUTO_CASCADE_CHAINS    ; ON         ; AUTO_CASCADE                                                                                                            ;
; IGNORE_CASCADE_BUFFERS ; OFF        ; IGNORE_CASCADE                                                                                                          ;
+------------------------+------------+-------------------------------------------------------------------------------------------------------------------------+
Note: In order to hide this table in the UI and the text report file, please set the "Show Parameter Settings in Synthesis Report" option in "Analysis and Synthesis Settings -> More Settings" to "Off".


+---------------------------------------------------------------------------------------------------------------------------------------------------------------------------+
; Parameter Settings for User Entity Instance: alt_fp2int:alt_fp2int_inst|alt_fp2int_altfp_convert_04q:alt_fp2int_altfp_convert_04q_component|lpm_compare:max_shift_compare ;
+------------------------+------------+-------------------------------------------------------------------------------------------------------------------------------------+
; Parameter Name         ; Value      ; Type                                                                                                                                ;
+------------------------+------------+-------------------------------------------------------------------------------------------------------------------------------------+
; lpm_width              ; 5          ; Signed Integer                                                                                                                      ;
; LPM_REPRESENTATION     ; UNSIGNED   ; Untyped                                                                                                                             ;
; LPM_PIPELINE           ; 0          ; Signed Integer                                                                                                                      ;
; CHAIN_SIZE             ; 8          ; Untyped                                                                                                                             ;
; ONE_INPUT_IS_CONSTANT  ; NO         ; Untyped                                                                                                                             ;
; CARRY_CHAIN            ; MANUAL     ; Untyped                                                                                                                             ;
; CASCADE_CHAIN          ; MANUAL     ; Untyped                                                                                                                             ;
; CARRY_CHAIN_LENGTH     ; 48         ; CARRY_CHAIN_LENGTH                                                                                                                  ;
; CASCADE_CHAIN_LENGTH   ; 2          ; CASCADE_CHAIN_LENGTH                                                                                                                ;
; DEVICE_FAMILY          ; Cyclone II ; Untyped                                                                                                                             ;
; CBXI_PARAMETER         ; cmpr_nth   ; Untyped                                                                                                                             ;
; AUTO_CARRY_CHAINS      ; ON         ; AUTO_CARRY                                                                                                                          ;
; IGNORE_CARRY_BUFFERS   ; OFF        ; IGNORE_CARRY                                                                                                                        ;
; AUTO_CASCADE_CHAINS    ; ON         ; AUTO_CASCADE                                                                                                                        ;
; IGNORE_CASCADE_BUFFERS ; OFF        ; IGNORE_CASCADE                                                                                                                      ;
+------------------------+------------+-------------------------------------------------------------------------------------------------------------------------------------+
Note: In order to hide this table in the UI and the text report file, please set the "Show Parameter Settings in Synthesis Report" option in "Analysis and Synthesis Settings -> More Settings" to "Off".


+-------------------------------+
; Elapsed Time Per Partition    ;
+----------------+--------------+
; Partition Name ; Elapsed Time ;
+----------------+--------------+
; Top            ; 00:00:00     ;
+----------------+--------------+


+-------------------------------+
; Analysis & Synthesis Messages ;
+-------------------------------+
Info: *******************************************************************
Info: Running Quartus II 64-Bit Analysis & Synthesis
    Info: Version 13.0.1 Build 232 06/12/2013 Service Pack 1 SJ Web Edition
    Info: Processing started: Thu Nov 08 17:24:01 2018
Info: Command: quartus_map --read_settings_files=on --write_settings_files=off fp2int -c fp2int
Warning (20028): Parallel compilation is not licensed and has been disabled
Info (12021): Found 6 design units, including 3 entities, in source file alt_fp2int.vhd
    Info (12022): Found design unit 1: alt_fp2int_altbarrel_shift_arf-RTL
    Info (12022): Found design unit 2: alt_fp2int_altfp_convert_04q-RTL
    Info (12022): Found design unit 3: alt_fp2int-RTL
    Info (12023): Found entity 1: alt_fp2int_altbarrel_shift_arf
    Info (12023): Found entity 2: alt_fp2int_altfp_convert_04q
    Info (12023): Found entity 3: alt_fp2int
Info (12021): Found 2 design units, including 1 entities, in source file fp2int.vhd
    Info (12022): Found design unit 1: fp2int-behavioral
    Info (12023): Found entity 1: fp2int
Info (12021): Found 2 design units, including 1 entities, in source file tb_fp2int.vhd
    Info (12022): Found design unit 1: tb_conv-behavioral
    Info (12023): Found entity 1: tb_conv
Info (12127): Elaborating entity "fp2int" for the top level hierarchy
Info (12128): Elaborating entity "alt_fp2int" for hierarchy "alt_fp2int:alt_fp2int_inst"
Info (12128): Elaborating entity "alt_fp2int_altfp_convert_04q" for hierarchy "alt_fp2int:alt_fp2int_inst|alt_fp2int_altfp_convert_04q:alt_fp2int_altfp_convert_04q_component"
Info (12128): Elaborating entity "alt_fp2int_altbarrel_shift_arf" for hierarchy "alt_fp2int:alt_fp2int_inst|alt_fp2int_altfp_convert_04q:alt_fp2int_altfp_convert_04q_component|alt_fp2int_altbarrel_shift_arf:altbarrel_shift6"
Info (12128): Elaborating entity "lpm_add_sub" for hierarchy "alt_fp2int:alt_fp2int_inst|alt_fp2int_altfp_convert_04q:alt_fp2int_altfp_convert_04q_component|lpm_add_sub:add_sub4"
Info (12130): Elaborated megafunction instantiation "alt_fp2int:alt_fp2int_inst|alt_fp2int_altfp_convert_04q:alt_fp2int_altfp_convert_04q_component|lpm_add_sub:add_sub4"
Info (12133): Instantiated megafunction "alt_fp2int:alt_fp2int_inst|alt_fp2int_altfp_convert_04q:alt_fp2int_altfp_convert_04q_component|lpm_add_sub:add_sub4" with the following parameter:
    Info (12134): Parameter "LPM_DIRECTION" = "SUB"
    Info (12134): Parameter "LPM_PIPELINE" = "0"
    Info (12134): Parameter "LPM_REPRESENTATION" = "SIGNED"
    Info (12134): Parameter "LPM_WIDTH" = "8"
    Info (12134): Parameter "lpm_hint" = "ONE_INPUT_IS_CONSTANT=YES"
    Info (12134): Parameter "lpm_type" = "lpm_add_sub"
Info (12021): Found 1 design units, including 1 entities, in source file db/add_sub_9ui.tdf
    Info (12023): Found entity 1: add_sub_9ui
Info (12128): Elaborating entity "add_sub_9ui" for hierarchy "alt_fp2int:alt_fp2int_inst|alt_fp2int_altfp_convert_04q:alt_fp2int_altfp_convert_04q_component|lpm_add_sub:add_sub4|add_sub_9ui:auto_generated"
Info (12128): Elaborating entity "lpm_add_sub" for hierarchy "alt_fp2int:alt_fp2int_inst|alt_fp2int_altfp_convert_04q:alt_fp2int_altfp_convert_04q_component|lpm_add_sub:add_sub5"
Info (12130): Elaborated megafunction instantiation "alt_fp2int:alt_fp2int_inst|alt_fp2int_altfp_convert_04q:alt_fp2int_altfp_convert_04q_component|lpm_add_sub:add_sub5"
Info (12133): Instantiated megafunction "alt_fp2int:alt_fp2int_inst|alt_fp2int_altfp_convert_04q:alt_fp2int_altfp_convert_04q_component|lpm_add_sub:add_sub5" with the following parameter:
    Info (12134): Parameter "LPM_DIRECTION" = "ADD"
    Info (12134): Parameter "LPM_PIPELINE" = "0"
    Info (12134): Parameter "LPM_REPRESENTATION" = "SIGNED"
    Info (12134): Parameter "LPM_WIDTH" = "5"
    Info (12134): Parameter "lpm_hint" = "ONE_INPUT_IS_CONSTANT=YES"
    Info (12134): Parameter "lpm_type" = "lpm_add_sub"
Info (12021): Found 1 design units, including 1 entities, in source file db/add_sub_5ti.tdf
    Info (12023): Found entity 1: add_sub_5ti
Info (12128): Elaborating entity "add_sub_5ti" for hierarchy "alt_fp2int:alt_fp2int_inst|alt_fp2int_altfp_convert_04q:alt_fp2int_altfp_convert_04q_component|lpm_add_sub:add_sub5|add_sub_5ti:auto_generated"
Info (12128): Elaborating entity "lpm_add_sub" for hierarchy "alt_fp2int:alt_fp2int_inst|alt_fp2int_altfp_convert_04q:alt_fp2int_altfp_convert_04q_component|lpm_add_sub:add_sub7"
Info (12130): Elaborated megafunction instantiation "alt_fp2int:alt_fp2int_inst|alt_fp2int_altfp_convert_04q:alt_fp2int_altfp_convert_04q_component|lpm_add_sub:add_sub7"
Info (12133): Instantiated megafunction "alt_fp2int:alt_fp2int_inst|alt_fp2int_altfp_convert_04q:alt_fp2int_altfp_convert_04q_component|lpm_add_sub:add_sub7" with the following parameter:
    Info (12134): Parameter "LPM_DIRECTION" = "ADD"
    Info (12134): Parameter "LPM_PIPELINE" = "0"
    Info (12134): Parameter "LPM_REPRESENTATION" = "SIGNED"
    Info (12134): Parameter "LPM_WIDTH" = "8"
    Info (12134): Parameter "lpm_hint" = "ONE_INPUT_IS_CONSTANT=YES"
    Info (12134): Parameter "lpm_type" = "lpm_add_sub"
Info (12021): Found 1 design units, including 1 entities, in source file db/add_sub_3cj.tdf
    Info (12023): Found entity 1: add_sub_3cj
Info (12128): Elaborating entity "add_sub_3cj" for hierarchy "alt_fp2int:alt_fp2int_inst|alt_fp2int_altfp_convert_04q:alt_fp2int_altfp_convert_04q_component|lpm_add_sub:add_sub7|add_sub_3cj:auto_generated"
Info (12128): Elaborating entity "lpm_add_sub" for hierarchy "alt_fp2int:alt_fp2int_inst|alt_fp2int_altfp_convert_04q:alt_fp2int_altfp_convert_04q_component|lpm_add_sub:add_sub8"
Info (12130): Elaborated megafunction instantiation "alt_fp2int:alt_fp2int_inst|alt_fp2int_altfp_convert_04q:alt_fp2int_altfp_convert_04q_component|lpm_add_sub:add_sub8"
Info (12133): Instantiated megafunction "alt_fp2int:alt_fp2int_inst|alt_fp2int_altfp_convert_04q:alt_fp2int_altfp_convert_04q_component|lpm_add_sub:add_sub8" with the following parameter:
    Info (12134): Parameter "LPM_DIRECTION" = "ADD"
    Info (12134): Parameter "LPM_PIPELINE" = "0"
    Info (12134): Parameter "LPM_REPRESENTATION" = "SIGNED"
    Info (12134): Parameter "LPM_WIDTH" = "4"
    Info (12134): Parameter "lpm_hint" = "ONE_INPUT_IS_CONSTANT=YES"
    Info (12134): Parameter "lpm_type" = "lpm_add_sub"
Info (12021): Found 1 design units, including 1 entities, in source file db/add_sub_vbj.tdf
    Info (12023): Found entity 1: add_sub_vbj
Info (12128): Elaborating entity "add_sub_vbj" for hierarchy "alt_fp2int:alt_fp2int_inst|alt_fp2int_altfp_convert_04q:alt_fp2int_altfp_convert_04q_component|lpm_add_sub:add_sub8|add_sub_vbj:auto_generated"
Info (12128): Elaborating entity "lpm_add_sub" for hierarchy "alt_fp2int:alt_fp2int_inst|alt_fp2int_altfp_convert_04q:alt_fp2int_altfp_convert_04q_component|lpm_add_sub:add_sub9"
Info (12130): Elaborated megafunction instantiation "alt_fp2int:alt_fp2int_inst|alt_fp2int_altfp_convert_04q:alt_fp2int_altfp_convert_04q_component|lpm_add_sub:add_sub9"
Info (12133): Instantiated megafunction "alt_fp2int:alt_fp2int_inst|alt_fp2int_altfp_convert_04q:alt_fp2int_altfp_convert_04q_component|lpm_add_sub:add_sub9" with the following parameter:
    Info (12134): Parameter "LPM_DIRECTION" = "ADD"
    Info (12134): Parameter "LPM_PIPELINE" = "0"
    Info (12134): Parameter "LPM_REPRESENTATION" = "SIGNED"
    Info (12134): Parameter "LPM_WIDTH" = "4"
    Info (12134): Parameter "lpm_hint" = "ONE_INPUT_IS_CONSTANT=YES"
    Info (12134): Parameter "lpm_type" = "lpm_add_sub"
Info (12021): Found 1 design units, including 1 entities, in source file db/add_sub_4ti.tdf
    Info (12023): Found entity 1: add_sub_4ti
Info (12128): Elaborating entity "add_sub_4ti" for hierarchy "alt_fp2int:alt_fp2int_inst|alt_fp2int_altfp_convert_04q:alt_fp2int_altfp_convert_04q_component|lpm_add_sub:add_sub9|add_sub_4ti:auto_generated"
Info (12128): Elaborating entity "lpm_compare" for hierarchy "alt_fp2int:alt_fp2int_inst|alt_fp2int_altfp_convert_04q:alt_fp2int_altfp_convert_04q_component|lpm_compare:cmpr1"
Info (12130): Elaborated megafunction instantiation "alt_fp2int:alt_fp2int_inst|alt_fp2int_altfp_convert_04q:alt_fp2int_altfp_convert_04q_component|lpm_compare:cmpr1"
Info (12133): Instantiated megafunction "alt_fp2int:alt_fp2int_inst|alt_fp2int_altfp_convert_04q:alt_fp2int_altfp_convert_04q_component|lpm_compare:cmpr1" with the following parameter:
    Info (12134): Parameter "LPM_PIPELINE" = "0"
    Info (12134): Parameter "LPM_REPRESENTATION" = "UNSIGNED"
    Info (12134): Parameter "LPM_WIDTH" = "8"
    Info (12134): Parameter "lpm_hint" = "UNUSED"
    Info (12134): Parameter "lpm_type" = "lpm_compare"
Info (12021): Found 1 design units, including 1 entities, in source file db/cmpr_28i.tdf
    Info (12023): Found entity 1: cmpr_28i
Info (12128): Elaborating entity "cmpr_28i" for hierarchy "alt_fp2int:alt_fp2int_inst|alt_fp2int_altfp_convert_04q:alt_fp2int_altfp_convert_04q_component|lpm_compare:cmpr1|cmpr_28i:auto_generated"
Info (12128): Elaborating entity "lpm_compare" for hierarchy "alt_fp2int:alt_fp2int_inst|alt_fp2int_altfp_convert_04q:alt_fp2int_altfp_convert_04q_component|lpm_compare:cmpr2"
Info (12130): Elaborated megafunction instantiation "alt_fp2int:alt_fp2int_inst|alt_fp2int_altfp_convert_04q:alt_fp2int_altfp_convert_04q_component|lpm_compare:cmpr2"
Info (12133): Instantiated megafunction "alt_fp2int:alt_fp2int_inst|alt_fp2int_altfp_convert_04q:alt_fp2int_altfp_convert_04q_component|lpm_compare:cmpr2" with the following parameter:
    Info (12134): Parameter "LPM_PIPELINE" = "0"
    Info (12134): Parameter "LPM_REPRESENTATION" = "UNSIGNED"
    Info (12134): Parameter "LPM_WIDTH" = "8"
    Info (12134): Parameter "lpm_hint" = "UNUSED"
    Info (12134): Parameter "lpm_type" = "lpm_compare"
Info (12021): Found 1 design units, including 1 entities, in source file db/cmpr_oth.tdf
    Info (12023): Found entity 1: cmpr_oth
Info (12128): Elaborating entity "cmpr_oth" for hierarchy "alt_fp2int:alt_fp2int_inst|alt_fp2int_altfp_convert_04q:alt_fp2int_altfp_convert_04q_component|lpm_compare:cmpr2|cmpr_oth:auto_generated"
Info (12128): Elaborating entity "lpm_compare" for hierarchy "alt_fp2int:alt_fp2int_inst|alt_fp2int_altfp_convert_04q:alt_fp2int_altfp_convert_04q_component|lpm_compare:cmpr3"
Info (12130): Elaborated megafunction instantiation "alt_fp2int:alt_fp2int_inst|alt_fp2int_altfp_convert_04q:alt_fp2int_altfp_convert_04q_component|lpm_compare:cmpr3"
Info (12133): Instantiated megafunction "alt_fp2int:alt_fp2int_inst|alt_fp2int_altfp_convert_04q:alt_fp2int_altfp_convert_04q_component|lpm_compare:cmpr3" with the following parameter:
    Info (12134): Parameter "LPM_PIPELINE" = "0"
    Info (12134): Parameter "LPM_REPRESENTATION" = "UNSIGNED"
    Info (12134): Parameter "LPM_WIDTH" = "8"
    Info (12134): Parameter "lpm_hint" = "UNUSED"
    Info (12134): Parameter "lpm_type" = "lpm_compare"
Info (12021): Found 1 design units, including 1 entities, in source file db/cmpr_vth.tdf
    Info (12023): Found entity 1: cmpr_vth
Info (12128): Elaborating entity "cmpr_vth" for hierarchy "alt_fp2int:alt_fp2int_inst|alt_fp2int_altfp_convert_04q:alt_fp2int_altfp_convert_04q_component|lpm_compare:cmpr3|cmpr_vth:auto_generated"
Info (12128): Elaborating entity "lpm_compare" for hierarchy "alt_fp2int:alt_fp2int_inst|alt_fp2int_altfp_convert_04q:alt_fp2int_altfp_convert_04q_component|lpm_compare:max_shift_compare"
Info (12130): Elaborated megafunction instantiation "alt_fp2int:alt_fp2int_inst|alt_fp2int_altfp_convert_04q:alt_fp2int_altfp_convert_04q_component|lpm_compare:max_shift_compare"
Info (12133): Instantiated megafunction "alt_fp2int:alt_fp2int_inst|alt_fp2int_altfp_convert_04q:alt_fp2int_altfp_convert_04q_component|lpm_compare:max_shift_compare" with the following parameter:
    Info (12134): Parameter "LPM_PIPELINE" = "0"
    Info (12134): Parameter "LPM_REPRESENTATION" = "UNSIGNED"
    Info (12134): Parameter "LPM_WIDTH" = "5"
    Info (12134): Parameter "lpm_hint" = "UNUSED"
    Info (12134): Parameter "lpm_type" = "lpm_compare"
Info (12021): Found 1 design units, including 1 entities, in source file db/cmpr_nth.tdf
    Info (12023): Found entity 1: cmpr_nth
Info (12128): Elaborating entity "cmpr_nth" for hierarchy "alt_fp2int:alt_fp2int_inst|alt_fp2int_altfp_convert_04q:alt_fp2int_altfp_convert_04q_component|lpm_compare:max_shift_compare|cmpr_nth:auto_generated"
Info (17049): 3 registers lost all their fanouts during netlist optimizations.
Info (16010): Generating hard_block partition "hard_block:auto_generated_inst"
    Info (16011): Adding 0 node(s), including 0 DDIO, 0 PLL, 0 transceiver and 0 LCELL
Info (21057): Implemented 342 device resources after synthesis - the final resource count might be different
    Info (21058): Implemented 35 input pins
    Info (21059): Implemented 13 output pins
    Info (21061): Implemented 294 logic cells
Info: Quartus II 64-Bit Analysis & Synthesis was successful. 0 errors, 1 warning
    Info: Peak virtual memory: 4682 megabytes
    Info: Processing ended: Thu Nov 08 17:24:05 2018
    Info: Elapsed time: 00:00:04
    Info: Total CPU time (on all processors): 00:00:03


