Flow report for avalon_wrapper
Thu Nov 01 21:49:10 2018
Quartus II 64-Bit Version 13.0.1 Build 232 06/12/2013 Service Pack 1 SJ Web Edition


---------------------
; Table of Contents ;
---------------------
  1. Legal Notice
  2. Flow Summary
  3. Flow Settings
  4. Flow Non-Default Global Settings
  5. Flow Elapsed Time
  6. Flow OS Summary
  7. Flow Log
  8. Flow Messages
  9. Flow Suppressed Messages



----------------
; Legal Notice ;
----------------
Copyright (C) 1991-2013 Altera Corporation
Your use of Altera Corporation's design tools, logic functions 
and other software and tools, and its AMPP partner logic 
functions, and any output files from any of the foregoing 
(including device programming or simulation files), and any 
associated documentation or information are expressly subject 
to the terms and conditions of the Altera Program License 
Subscription Agreement, Altera MegaCore Function License 
Agreement, or other applicable license agreement, including, 
without limitation, that your use is for the sole purpose of 
programming logic devices manufactured by Altera and sold by 
Altera or its authorized distributors.  Please refer to the 
applicable agreement for further details.



+--------------------------------------------------------------------------------------+
; Flow Summary                                                                         ;
+------------------------------------+-------------------------------------------------+
; Flow Status                        ; Successful - Thu Nov 01 21:49:10 2018           ;
; Quartus II 64-Bit Version          ; 13.0.1 Build 232 06/12/2013 SP 1 SJ Web Edition ;
; Revision Name                      ; avalon_wrapper                                  ;
; Top-level Entity Name              ; avalon_wrapper                                  ;
; Family                             ; Cyclone II                                      ;
; Device                             ; EP2C35F672I8                                    ;
; Timing Models                      ; Final                                           ;
; Total logic elements               ; 6,938 / 33,216 ( 21 % )                         ;
;     Total combinational functions  ; 6,439 / 33,216 ( 19 % )                         ;
;     Dedicated logic registers      ; 3,931 / 33,216 ( 12 % )                         ;
; Total registers                    ; 3931                                            ;
; Total pins                         ; 86 / 475 ( 18 % )                               ;
; Total virtual pins                 ; 0                                               ;
; Total memory bits                  ; 216 / 483,840 ( < 1 % )                         ;
; Embedded Multiplier 9-bit elements ; 28 / 70 ( 40 % )                                ;
; Total PLLs                         ; 0 / 4 ( 0 % )                                   ;
+------------------------------------+-------------------------------------------------+


+-----------------------------------------+
; Flow Settings                           ;
+-------------------+---------------------+
; Option            ; Setting             ;
+-------------------+---------------------+
; Start date & time ; 11/01/2018 21:47:49 ;
; Main task         ; Compilation         ;
; Revision Name     ; avalon_wrapper      ;
+-------------------+---------------------+


+----------------------------------------------------------------------------------------------------------------------------+
; Flow Non-Default Global Settings                                                                                           ;
+-------------------------------------+---------------------------------------+---------------+-------------+----------------+
; Assignment Name                     ; Value                                 ; Default Value ; Entity Name ; Section Id     ;
+-------------------------------------+---------------------------------------+---------------+-------------+----------------+
; COMPILER_SIGNATURE_ID               ; 167300351925160.154111966836712       ; --            ; --          ; --             ;
; EDA_OUTPUT_DATA_FORMAT              ; Vhdl                                  ; --            ; --          ; eda_simulation ;
; EDA_SIMULATION_TOOL                 ; ModelSim-Altera (VHDL)                ; <None>        ; --          ; --             ;
; MAX_CORE_JUNCTION_TEMP              ; 125                                   ; --            ; --          ; --             ;
; MIN_CORE_JUNCTION_TEMP              ; -40                                   ; --            ; --          ; --             ;
; PARTITION_COLOR                     ; 16764057                              ; --            ; --          ; Top            ;
; PARTITION_FITTER_PRESERVATION_LEVEL ; PLACEMENT_AND_ROUTING                 ; --            ; --          ; Top            ;
; PARTITION_NETLIST_TYPE              ; SOURCE                                ; --            ; --          ; Top            ;
; POWER_BOARD_THERMAL_MODEL           ; None (CONSERVATIVE)                   ; --            ; --          ; --             ;
; POWER_PRESET_COOLING_SOLUTION       ; 23 MM HEAT SINK WITH 200 LFPM AIRFLOW ; --            ; --          ; --             ;
; PROJECT_OUTPUT_DIRECTORY            ; output_files                          ; --            ; --          ; --             ;
+-------------------------------------+---------------------------------------+---------------+-------------+----------------+


+-------------------------------------------------------------------------------------------------------------------------------+
; Flow Elapsed Time                                                                                                             ;
+---------------------------+--------------+-------------------------+---------------------+------------------------------------+
; Module Name               ; Elapsed Time ; Average Processors Used ; Peak Virtual Memory ; Total CPU Time (on all processors) ;
+---------------------------+--------------+-------------------------+---------------------+------------------------------------+
; Analysis & Synthesis      ; 00:00:26     ; 1.0                     ; 637 MB              ; 00:00:25                           ;
; Fitter                    ; 00:00:35     ; 1.0                     ; 900 MB              ; 00:00:34                           ;
; Assembler                 ; 00:00:02     ; 1.0                     ; 513 MB              ; 00:00:02                           ;
; TimeQuest Timing Analyzer ; 00:00:03     ; 1.0                     ; 581 MB              ; 00:00:03                           ;
; EDA Netlist Writer        ; 00:00:07     ; 1.0                     ; 546 MB              ; 00:00:07                           ;
; Total                     ; 00:01:13     ; --                      ; --                  ; 00:01:11                           ;
+---------------------------+--------------+-------------------------+---------------------+------------------------------------+


+----------------------------------------------------------------------------------------+
; Flow OS Summary                                                                        ;
+---------------------------+------------------+-----------+------------+----------------+
; Module Name               ; Machine Hostname ; OS Name   ; OS Version ; Processor type ;
+---------------------------+------------------+-----------+------------+----------------+
; Analysis & Synthesis      ; DESKTOP-22R8DLK  ; Windows 7 ; 6.2        ; x86_64         ;
; Fitter                    ; DESKTOP-22R8DLK  ; Windows 7 ; 6.2        ; x86_64         ;
; Assembler                 ; DESKTOP-22R8DLK  ; Windows 7 ; 6.2        ; x86_64         ;
; TimeQuest Timing Analyzer ; DESKTOP-22R8DLK  ; Windows 7 ; 6.2        ; x86_64         ;
; EDA Netlist Writer        ; DESKTOP-22R8DLK  ; Windows 7 ; 6.2        ; x86_64         ;
+---------------------------+------------------+-----------+------------+----------------+


------------
; Flow Log ;
------------
quartus_map --read_settings_files=on --write_settings_files=off avalon_wrapper -c avalon_wrapper
quartus_fit --read_settings_files=off --write_settings_files=off avalon_wrapper -c avalon_wrapper
quartus_asm --read_settings_files=off --write_settings_files=off avalon_wrapper -c avalon_wrapper
quartus_sta avalon_wrapper -c avalon_wrapper
quartus_eda --read_settings_files=off --write_settings_files=off avalon_wrapper -c avalon_wrapper



