Analysis & Synthesis report for fpmult
Thu Oct 11 20:06:09 2018
Quartus II 64-Bit Version 13.0.1 Build 232 06/12/2013 Service Pack 1 SJ Web Edition


---------------------
; Table of Contents ;
---------------------
  1. Legal Notice
  2. Analysis & Synthesis Summary
  3. Analysis & Synthesis Settings
  4. Parallel Compilation
  5. Analysis & Synthesis Source Files Read
  6. Analysis & Synthesis Resource Usage Summary
  7. Analysis & Synthesis Resource Utilization by Entity
  8. Analysis & Synthesis DSP Block Usage Summary
  9. Analysis & Synthesis IP Cores Summary
 10. Registers Removed During Synthesis
 11. General Register Statistics
 12. Source assignments for alt_fpmult:alt_fpmult_inst|alt_fpmult_altfp_mult_0gr:alt_fpmult_altfp_mult_0gr_component|lpm_mult:man_product2_mult|mult_2ft:auto_generated
 13. Parameter Settings for User Entity Instance: alt_fpmult:alt_fpmult_inst|alt_fpmult_altfp_mult_0gr:alt_fpmult_altfp_mult_0gr_component|lpm_add_sub:exp_add_adder
 14. Parameter Settings for User Entity Instance: alt_fpmult:alt_fpmult_inst|alt_fpmult_altfp_mult_0gr:alt_fpmult_altfp_mult_0gr_component|lpm_add_sub:exp_adj_adder
 15. Parameter Settings for User Entity Instance: alt_fpmult:alt_fpmult_inst|alt_fpmult_altfp_mult_0gr:alt_fpmult_altfp_mult_0gr_component|lpm_add_sub:exp_bias_subtr
 16. Parameter Settings for User Entity Instance: alt_fpmult:alt_fpmult_inst|alt_fpmult_altfp_mult_0gr:alt_fpmult_altfp_mult_0gr_component|lpm_add_sub:man_round_adder
 17. Parameter Settings for User Entity Instance: alt_fpmult:alt_fpmult_inst|alt_fpmult_altfp_mult_0gr:alt_fpmult_altfp_mult_0gr_component|lpm_mult:man_product2_mult
 18. lpm_mult Parameter Settings by Entity Instance
 19. Elapsed Time Per Partition
 20. Analysis & Synthesis Messages



----------------
; Legal Notice ;
----------------
Copyright (C) 1991-2013 Altera Corporation
Your use of Altera Corporation's design tools, logic functions 
and other software and tools, and its AMPP partner logic 
functions, and any output files from any of the foregoing 
(including device programming or simulation files), and any 
associated documentation or information are expressly subject 
to the terms and conditions of the Altera Program License 
Subscription Agreement, Altera MegaCore Function License 
Agreement, or other applicable license agreement, including, 
without limitation, that your use is for the sole purpose of 
programming logic devices manufactured by Altera and sold by 
Altera or its authorized distributors.  Please refer to the 
applicable agreement for further details.



+--------------------------------------------------------------------------------------+
; Analysis & Synthesis Summary                                                         ;
+------------------------------------+-------------------------------------------------+
; Analysis & Synthesis Status        ; Successful - Thu Oct 11 20:06:09 2018           ;
; Quartus II 64-Bit Version          ; 13.0.1 Build 232 06/12/2013 SP 1 SJ Web Edition ;
; Revision Name                      ; fpmult                                          ;
; Top-level Entity Name              ; fpmult                                          ;
; Family                             ; Cyclone II                                      ;
; Total logic elements               ; 325                                             ;
;     Total combinational functions  ; 247                                             ;
;     Dedicated logic registers      ; 221                                             ;
; Total registers                    ; 221                                             ;
; Total pins                         ; 103                                             ;
; Total virtual pins                 ; 0                                               ;
; Total memory bits                  ; 0                                               ;
; Embedded Multiplier 9-bit elements ; 7                                               ;
; Total PLLs                         ; 0                                               ;
+------------------------------------+-------------------------------------------------+


+----------------------------------------------------------------------------------------------------------------------+
; Analysis & Synthesis Settings                                                                                        ;
+----------------------------------------------------------------------------+--------------------+--------------------+
; Option                                                                     ; Setting            ; Default Value      ;
+----------------------------------------------------------------------------+--------------------+--------------------+
; Device                                                                     ; EP2C5AF256A7       ;                    ;
; Top-level entity name                                                      ; fpmult             ; fpmult             ;
; Family name                                                                ; Cyclone II         ; Cyclone IV GX      ;
; Use smart compilation                                                      ; Off                ; Off                ;
; Enable parallel Assembler and TimeQuest Timing Analyzer during compilation ; On                 ; On                 ;
; Enable compact report table                                                ; Off                ; Off                ;
; Restructure Multiplexers                                                   ; Auto               ; Auto               ;
; Create Debugging Nodes for IP Cores                                        ; Off                ; Off                ;
; Preserve fewer node names                                                  ; On                 ; On                 ;
; Disable OpenCore Plus hardware evaluation                                  ; Off                ; Off                ;
; Verilog Version                                                            ; Verilog_2001       ; Verilog_2001       ;
; VHDL Version                                                               ; VHDL_1993          ; VHDL_1993          ;
; State Machine Processing                                                   ; Auto               ; Auto               ;
; Safe State Machine                                                         ; Off                ; Off                ;
; Extract Verilog State Machines                                             ; On                 ; On                 ;
; Extract VHDL State Machines                                                ; On                 ; On                 ;
; Ignore Verilog initial constructs                                          ; Off                ; Off                ;
; Iteration limit for constant Verilog loops                                 ; 5000               ; 5000               ;
; Iteration limit for non-constant Verilog loops                             ; 250                ; 250                ;
; Add Pass-Through Logic to Inferred RAMs                                    ; On                 ; On                 ;
; Infer RAMs from Raw Logic                                                  ; On                 ; On                 ;
; Parallel Synthesis                                                         ; On                 ; On                 ;
; DSP Block Balancing                                                        ; Auto               ; Auto               ;
; NOT Gate Push-Back                                                         ; On                 ; On                 ;
; Power-Up Don't Care                                                        ; On                 ; On                 ;
; Remove Redundant Logic Cells                                               ; Off                ; Off                ;
; Remove Duplicate Registers                                                 ; On                 ; On                 ;
; Ignore CARRY Buffers                                                       ; Off                ; Off                ;
; Ignore CASCADE Buffers                                                     ; Off                ; Off                ;
; Ignore GLOBAL Buffers                                                      ; Off                ; Off                ;
; Ignore ROW GLOBAL Buffers                                                  ; Off                ; Off                ;
; Ignore LCELL Buffers                                                       ; Off                ; Off                ;
; Ignore SOFT Buffers                                                        ; On                 ; On                 ;
; Limit AHDL Integers to 32 Bits                                             ; Off                ; Off                ;
; Optimization Technique                                                     ; Balanced           ; Balanced           ;
; Carry Chain Length                                                         ; 70                 ; 70                 ;
; Auto Carry Chains                                                          ; On                 ; On                 ;
; Auto Open-Drain Pins                                                       ; On                 ; On                 ;
; Perform WYSIWYG Primitive Resynthesis                                      ; Off                ; Off                ;
; Auto ROM Replacement                                                       ; On                 ; On                 ;
; Auto RAM Replacement                                                       ; On                 ; On                 ;
; Auto Shift Register Replacement                                            ; Auto               ; Auto               ;
; Allow Shift Register Merging across Hierarchies                            ; Auto               ; Auto               ;
; Auto Clock Enable Replacement                                              ; On                 ; On                 ;
; Strict RAM Replacement                                                     ; Off                ; Off                ;
; Allow Synchronous Control Signals                                          ; On                 ; On                 ;
; Force Use of Synchronous Clear Signals                                     ; Off                ; Off                ;
; Auto RAM to Logic Cell Conversion                                          ; Off                ; Off                ;
; Auto Resource Sharing                                                      ; Off                ; Off                ;
; Allow Any RAM Size For Recognition                                         ; Off                ; Off                ;
; Allow Any ROM Size For Recognition                                         ; Off                ; Off                ;
; Allow Any Shift Register Size For Recognition                              ; Off                ; Off                ;
; Use LogicLock Constraints during Resource Balancing                        ; On                 ; On                 ;
; Ignore translate_off and synthesis_off directives                          ; Off                ; Off                ;
; Timing-Driven Synthesis                                                    ; Off                ; Off                ;
; Report Parameter Settings                                                  ; On                 ; On                 ;
; Report Source Assignments                                                  ; On                 ; On                 ;
; Report Connectivity Checks                                                 ; On                 ; On                 ;
; Ignore Maximum Fan-Out Assignments                                         ; Off                ; Off                ;
; Synchronization Register Chain Length                                      ; 2                  ; 2                  ;
; PowerPlay Power Optimization                                               ; Normal compilation ; Normal compilation ;
; HDL message level                                                          ; Level2             ; Level2             ;
; Suppress Register Optimization Related Messages                            ; Off                ; Off                ;
; Number of Removed Registers Reported in Synthesis Report                   ; 5000               ; 5000               ;
; Number of Swept Nodes Reported in Synthesis Report                         ; 5000               ; 5000               ;
; Number of Inverted Registers Reported in Synthesis Report                  ; 100                ; 100                ;
; Clock MUX Protection                                                       ; On                 ; On                 ;
; Auto Gated Clock Conversion                                                ; Off                ; Off                ;
; Block Design Naming                                                        ; Auto               ; Auto               ;
; SDC constraint protection                                                  ; Off                ; Off                ;
; Synthesis Effort                                                           ; Auto               ; Auto               ;
; Shift Register Replacement - Allow Asynchronous Clear Signal               ; On                 ; On                 ;
; Pre-Mapping Resynthesis Optimization                                       ; Off                ; Off                ;
; Analysis & Synthesis Message Level                                         ; Medium             ; Medium             ;
; Disable Register Merging Across Hierarchies                                ; Auto               ; Auto               ;
; Resource Aware Inference For Block RAM                                     ; On                 ; On                 ;
; Synthesis Seed                                                             ; 1                  ; 1                  ;
+----------------------------------------------------------------------------+--------------------+--------------------+


Parallel compilation was disabled, but you have multiple processors available. Enable parallel compilation to reduce compilation time.
+-------------------------------------+
; Parallel Compilation                ;
+----------------------------+--------+
; Processors                 ; Number ;
+----------------------------+--------+
; Number detected on machine ; 8      ;
; Maximum allowed            ; 1      ;
+----------------------------+--------+


+-------------------------------------------------------------------------------------------------------------------------------------------------------------------------+
; Analysis & Synthesis Source Files Read                                                                                                                                  ;
+----------------------------------+-----------------+------------------------------+---------------------------------------------------------------------------+---------+
; File Name with User-Entered Path ; Used in Netlist ; File Type                    ; File Name with Absolute Path                                              ; Library ;
+----------------------------------+-----------------+------------------------------+---------------------------------------------------------------------------+---------+
; alt_fpmult.vhd                   ; yes             ; User Wizard-Generated File   ; C:/Users/Victor Santos/Documents/FPGA/library/fpmult/alt_fpmult.vhd       ;         ;
; fpmult.vhd                       ; yes             ; User VHDL File               ; C:/Users/Victor Santos/Documents/FPGA/library/fpmult/fpmult.vhd           ;         ;
; lpm_add_sub.tdf                  ; yes             ; Megafunction                 ; c:/altera/13.0sp1/quartus/libraries/megafunctions/lpm_add_sub.tdf         ;         ;
; addcore.inc                      ; yes             ; Megafunction                 ; c:/altera/13.0sp1/quartus/libraries/megafunctions/addcore.inc             ;         ;
; look_add.inc                     ; yes             ; Megafunction                 ; c:/altera/13.0sp1/quartus/libraries/megafunctions/look_add.inc            ;         ;
; bypassff.inc                     ; yes             ; Megafunction                 ; c:/altera/13.0sp1/quartus/libraries/megafunctions/bypassff.inc            ;         ;
; altshift.inc                     ; yes             ; Megafunction                 ; c:/altera/13.0sp1/quartus/libraries/megafunctions/altshift.inc            ;         ;
; alt_stratix_add_sub.inc          ; yes             ; Megafunction                 ; c:/altera/13.0sp1/quartus/libraries/megafunctions/alt_stratix_add_sub.inc ;         ;
; aglobal130.inc                   ; yes             ; Megafunction                 ; c:/altera/13.0sp1/quartus/libraries/megafunctions/aglobal130.inc          ;         ;
; db/add_sub_kgi.tdf               ; yes             ; Auto-Generated Megafunction  ; C:/Users/Victor Santos/Documents/FPGA/library/fpmult/db/add_sub_kgi.tdf   ;         ;
; db/add_sub_01h.tdf               ; yes             ; Auto-Generated Megafunction  ; C:/Users/Victor Santos/Documents/FPGA/library/fpmult/db/add_sub_01h.tdf   ;         ;
; db/add_sub_egg.tdf               ; yes             ; Auto-Generated Megafunction  ; C:/Users/Victor Santos/Documents/FPGA/library/fpmult/db/add_sub_egg.tdf   ;         ;
; db/add_sub_cmg.tdf               ; yes             ; Auto-Generated Megafunction  ; C:/Users/Victor Santos/Documents/FPGA/library/fpmult/db/add_sub_cmg.tdf   ;         ;
; lpm_mult.tdf                     ; yes             ; Megafunction                 ; c:/altera/13.0sp1/quartus/libraries/megafunctions/lpm_mult.tdf            ;         ;
; lpm_add_sub.inc                  ; yes             ; Megafunction                 ; c:/altera/13.0sp1/quartus/libraries/megafunctions/lpm_add_sub.inc         ;         ;
; multcore.inc                     ; yes             ; Megafunction                 ; c:/altera/13.0sp1/quartus/libraries/megafunctions/multcore.inc            ;         ;
; db/mult_2ft.tdf                  ; yes             ; Auto-Generated Megafunction  ; C:/Users/Victor Santos/Documents/FPGA/library/fpmult/db/mult_2ft.tdf      ;         ;
+----------------------------------+-----------------+------------------------------+---------------------------------------------------------------------------+---------+


+-----------------------------------------------------+
; Analysis & Synthesis Resource Usage Summary         ;
+---------------------------------------------+-------+
; Resource                                    ; Usage ;
+---------------------------------------------+-------+
; Estimated Total logic elements              ; 325   ;
;                                             ;       ;
; Total combinational functions               ; 247   ;
; Logic element usage by number of LUT inputs ;       ;
;     -- 4 input functions                    ; 90    ;
;     -- 3 input functions                    ; 98    ;
;     -- <=2 input functions                  ; 59    ;
;                                             ;       ;
; Logic elements by mode                      ;       ;
;     -- normal mode                          ; 145   ;
;     -- arithmetic mode                      ; 102   ;
;                                             ;       ;
; Total registers                             ; 221   ;
;     -- Dedicated logic registers            ; 221   ;
;     -- I/O registers                        ; 0     ;
;                                             ;       ;
; I/O pins                                    ; 103   ;
; Embedded Multiplier 9-bit elements          ; 7     ;
; Maximum fan-out node                        ; clk   ;
; Maximum fan-out                             ; 225   ;
; Total fan-out                               ; 1791  ;
; Average fan-out                             ; 3.09  ;
+---------------------------------------------+-------+


+----------------------------------------------------------------------------------------------------------------------------------------------------------------------------------------------------------------------------------------------------------------------------------------------------------------------------------------------------------+
; Analysis & Synthesis Resource Utilization by Entity                                                                                                                                                                                                                                                                                                      ;
+-----------------------------------------------------------------------+-------------------+--------------+-------------+--------------+---------+-----------+------+--------------+-------------------------------------------------------------------------------------------------------------------------------------------------------+--------------+
; Compilation Hierarchy Node                                            ; LC Combinationals ; LC Registers ; Memory Bits ; DSP Elements ; DSP 9x9 ; DSP 18x18 ; Pins ; Virtual Pins ; Full Hierarchy Name                                                                                                                                   ; Library Name ;
+-----------------------------------------------------------------------+-------------------+--------------+-------------+--------------+---------+-----------+------+--------------+-------------------------------------------------------------------------------------------------------------------------------------------------------+--------------+
; |fpmult                                                               ; 247 (1)           ; 221 (0)      ; 0           ; 7            ; 1       ; 3         ; 103  ; 0            ; |fpmult                                                                                                                                               ; work         ;
;    |alt_fpmult:alt_fpmult_inst|                                       ; 246 (0)           ; 221 (0)      ; 0           ; 7            ; 1       ; 3         ; 0    ; 0            ; |fpmult|alt_fpmult:alt_fpmult_inst                                                                                                                    ; work         ;
;       |alt_fpmult_altfp_mult_0gr:alt_fpmult_altfp_mult_0gr_component| ; 246 (172)         ; 221 (139)    ; 0           ; 7            ; 1       ; 3         ; 0    ; 0            ; |fpmult|alt_fpmult:alt_fpmult_inst|alt_fpmult_altfp_mult_0gr:alt_fpmult_altfp_mult_0gr_component                                                      ; work         ;
;          |lpm_add_sub:exp_add_adder|                                  ; 9 (0)             ; 9 (0)        ; 0           ; 0            ; 0       ; 0         ; 0    ; 0            ; |fpmult|alt_fpmult:alt_fpmult_inst|alt_fpmult_altfp_mult_0gr:alt_fpmult_altfp_mult_0gr_component|lpm_add_sub:exp_add_adder                            ; work         ;
;             |add_sub_kgi:auto_generated|                              ; 9 (9)             ; 9 (9)        ; 0           ; 0            ; 0       ; 0         ; 0    ; 0            ; |fpmult|alt_fpmult:alt_fpmult_inst|alt_fpmult_altfp_mult_0gr:alt_fpmult_altfp_mult_0gr_component|lpm_add_sub:exp_add_adder|add_sub_kgi:auto_generated ; work         ;
;          |lpm_add_sub:exp_adj_adder|                                  ; 10 (0)            ; 0 (0)        ; 0           ; 0            ; 0       ; 0         ; 0    ; 0            ; |fpmult|alt_fpmult:alt_fpmult_inst|alt_fpmult_altfp_mult_0gr:alt_fpmult_altfp_mult_0gr_component|lpm_add_sub:exp_adj_adder                            ; work         ;
;             |add_sub_01h:auto_generated|                              ; 10 (10)           ; 0 (0)        ; 0           ; 0            ; 0       ; 0         ; 0    ; 0            ; |fpmult|alt_fpmult:alt_fpmult_inst|alt_fpmult_altfp_mult_0gr:alt_fpmult_altfp_mult_0gr_component|lpm_add_sub:exp_adj_adder|add_sub_01h:auto_generated ; work         ;
;          |lpm_mult:man_product2_mult|                                 ; 55 (0)            ; 73 (0)       ; 0           ; 7            ; 1       ; 3         ; 0    ; 0            ; |fpmult|alt_fpmult:alt_fpmult_inst|alt_fpmult_altfp_mult_0gr:alt_fpmult_altfp_mult_0gr_component|lpm_mult:man_product2_mult                           ; work         ;
;             |mult_2ft:auto_generated|                                 ; 55 (55)           ; 73 (73)      ; 0           ; 7            ; 1       ; 3         ; 0    ; 0            ; |fpmult|alt_fpmult:alt_fpmult_inst|alt_fpmult_altfp_mult_0gr:alt_fpmult_altfp_mult_0gr_component|lpm_mult:man_product2_mult|mult_2ft:auto_generated   ; work         ;
+-----------------------------------------------------------------------+-------------------+--------------+-------------+--------------+---------+-----------+------+--------------+-------------------------------------------------------------------------------------------------------------------------------------------------------+--------------+
Note: For table entries with two numbers listed, the numbers in parentheses indicate the number of resources of the given type used by the specific entity alone. The numbers listed outside of parentheses indicate the total resources of the given type used by the specific entity and all of its sub-entities in the hierarchy.


+-----------------------------------------------------+
; Analysis & Synthesis DSP Block Usage Summary        ;
+---------------------------------------+-------------+
; Statistic                             ; Number Used ;
+---------------------------------------+-------------+
; Simple Multipliers (9-bit)            ; 1           ;
; Simple Multipliers (18-bit)           ; 3           ;
; Embedded Multiplier Blocks            ; --          ;
; Embedded Multiplier 9-bit elements    ; 7           ;
; Signed Embedded Multipliers           ; 0           ;
; Unsigned Embedded Multipliers         ; 4           ;
; Mixed Sign Embedded Multipliers       ; 0           ;
; Variable Sign Embedded Multipliers    ; 0           ;
; Dedicated Input Shift Register Chains ; 0           ;
+---------------------------------------+-------------+
Note: number of Embedded Multiplier Blocks used is only available after a successful fit.


+--------------------------------------------------------------------------------------------------------------------------------------------------------------------------+
; Analysis & Synthesis IP Cores Summary                                                                                                                                    ;
+--------+--------------+---------+--------------+--------------+------------------------------------+---------------------------------------------------------------------+
; Vendor ; IP Core Name ; Version ; Release Date ; License Type ; Entity Instance                    ; IP Include File                                                     ;
+--------+--------------+---------+--------------+--------------+------------------------------------+---------------------------------------------------------------------+
; Altera ; ALTFP_MULT   ; 13.0    ; N/A          ; N/A          ; |fpmult|alt_fpmult:alt_fpmult_inst ; C:/Users/Victor Santos/Documents/FPGA/library/fpmult/alt_fpmult.vhd ;
+--------+--------------+---------+--------------+--------------+------------------------------------+---------------------------------------------------------------------+


+-------------------------------------------------------------------------------------------------------------------------------------------------------------------------------------------------------------------------+
; Registers Removed During Synthesis                                                                                                                                                                                      ;
+---------------------------------------------------------------------------------------------------------+---------------------------------------------------------------------------------------------------------------+
; Register name                                                                                           ; Reason for Removal                                                                                            ;
+---------------------------------------------------------------------------------------------------------+---------------------------------------------------------------------------------------------------------------+
; alt_fpmult:alt_fpmult_inst|alt_fpmult_altfp_mult_0gr:alt_fpmult_altfp_mult_0gr_component|man_round_p[0] ; Merged with alt_fpmult:alt_fpmult_inst|alt_fpmult_altfp_mult_0gr:alt_fpmult_altfp_mult_0gr_component|lsb_dffe ;
; Total Number of Removed Registers = 1                                                                   ;                                                                                                               ;
+---------------------------------------------------------------------------------------------------------+---------------------------------------------------------------------------------------------------------------+


+------------------------------------------------------+
; General Register Statistics                          ;
+----------------------------------------------+-------+
; Statistic                                    ; Value ;
+----------------------------------------------+-------+
; Total registers                              ; 221   ;
; Number of registers using Synchronous Clear  ; 0     ;
; Number of registers using Synchronous Load   ; 0     ;
; Number of registers using Asynchronous Clear ; 221   ;
; Number of registers using Asynchronous Load  ; 0     ;
; Number of registers using Clock Enable       ; 221   ;
; Number of registers using Preset             ; 0     ;
+----------------------------------------------+-------+


+--------------------------------------------------------------------------------------------------------------------------------------------------------------------+
; Source assignments for alt_fpmult:alt_fpmult_inst|alt_fpmult_altfp_mult_0gr:alt_fpmult_altfp_mult_0gr_component|lpm_mult:man_product2_mult|mult_2ft:auto_generated ;
+----------------+-------+------+------------------------------------------------------------------------------------------------------------------------------------+
; Assignment     ; Value ; From ; To                                                                                                                                 ;
+----------------+-------+------+------------------------------------------------------------------------------------------------------------------------------------+
; POWER_UP_LEVEL ; LOW   ; -    ; dffe10                                                                                                                             ;
; POWER_UP_LEVEL ; LOW   ; -    ; dffe11                                                                                                                             ;
; POWER_UP_LEVEL ; LOW   ; -    ; dffe12                                                                                                                             ;
; POWER_UP_LEVEL ; LOW   ; -    ; dffe13                                                                                                                             ;
; POWER_UP_LEVEL ; LOW   ; -    ; dffe14                                                                                                                             ;
; POWER_UP_LEVEL ; LOW   ; -    ; dffe15                                                                                                                             ;
; POWER_UP_LEVEL ; LOW   ; -    ; dffe16                                                                                                                             ;
; POWER_UP_LEVEL ; LOW   ; -    ; dffe17                                                                                                                             ;
; POWER_UP_LEVEL ; LOW   ; -    ; dffe18                                                                                                                             ;
; POWER_UP_LEVEL ; LOW   ; -    ; dffe19                                                                                                                             ;
; POWER_UP_LEVEL ; LOW   ; -    ; dffe20                                                                                                                             ;
; POWER_UP_LEVEL ; LOW   ; -    ; dffe21                                                                                                                             ;
; POWER_UP_LEVEL ; LOW   ; -    ; dffe22                                                                                                                             ;
; POWER_UP_LEVEL ; LOW   ; -    ; dffe23                                                                                                                             ;
; POWER_UP_LEVEL ; LOW   ; -    ; dffe24                                                                                                                             ;
; POWER_UP_LEVEL ; LOW   ; -    ; dffe25                                                                                                                             ;
; POWER_UP_LEVEL ; LOW   ; -    ; dffe26                                                                                                                             ;
; POWER_UP_LEVEL ; LOW   ; -    ; dffe27                                                                                                                             ;
; POWER_UP_LEVEL ; LOW   ; -    ; dffe28                                                                                                                             ;
; POWER_UP_LEVEL ; LOW   ; -    ; dffe29                                                                                                                             ;
; POWER_UP_LEVEL ; LOW   ; -    ; dffe30                                                                                                                             ;
; POWER_UP_LEVEL ; LOW   ; -    ; dffe31                                                                                                                             ;
; POWER_UP_LEVEL ; LOW   ; -    ; dffe32                                                                                                                             ;
; POWER_UP_LEVEL ; LOW   ; -    ; dffe33                                                                                                                             ;
; POWER_UP_LEVEL ; LOW   ; -    ; dffe34                                                                                                                             ;
; POWER_UP_LEVEL ; LOW   ; -    ; dffe35                                                                                                                             ;
; POWER_UP_LEVEL ; LOW   ; -    ; dffe36                                                                                                                             ;
; POWER_UP_LEVEL ; LOW   ; -    ; dffe37                                                                                                                             ;
; POWER_UP_LEVEL ; LOW   ; -    ; dffe38                                                                                                                             ;
; POWER_UP_LEVEL ; LOW   ; -    ; dffe39                                                                                                                             ;
; POWER_UP_LEVEL ; LOW   ; -    ; dffe40                                                                                                                             ;
; POWER_UP_LEVEL ; LOW   ; -    ; dffe41                                                                                                                             ;
; POWER_UP_LEVEL ; LOW   ; -    ; dffe42                                                                                                                             ;
; POWER_UP_LEVEL ; LOW   ; -    ; dffe43                                                                                                                             ;
; POWER_UP_LEVEL ; LOW   ; -    ; dffe44                                                                                                                             ;
; POWER_UP_LEVEL ; LOW   ; -    ; dffe45                                                                                                                             ;
; POWER_UP_LEVEL ; LOW   ; -    ; dffe46                                                                                                                             ;
; POWER_UP_LEVEL ; LOW   ; -    ; dffe47                                                                                                                             ;
; POWER_UP_LEVEL ; LOW   ; -    ; dffe48                                                                                                                             ;
; POWER_UP_LEVEL ; LOW   ; -    ; dffe49                                                                                                                             ;
; POWER_UP_LEVEL ; LOW   ; -    ; dffe50                                                                                                                             ;
; POWER_UP_LEVEL ; LOW   ; -    ; dffe51                                                                                                                             ;
; POWER_UP_LEVEL ; LOW   ; -    ; dffe52                                                                                                                             ;
; POWER_UP_LEVEL ; LOW   ; -    ; dffe53                                                                                                                             ;
; POWER_UP_LEVEL ; LOW   ; -    ; dffe54                                                                                                                             ;
; POWER_UP_LEVEL ; LOW   ; -    ; dffe55                                                                                                                             ;
; POWER_UP_LEVEL ; LOW   ; -    ; dffe56                                                                                                                             ;
; POWER_UP_LEVEL ; LOW   ; -    ; dffe57                                                                                                                             ;
; POWER_UP_LEVEL ; LOW   ; -    ; dffe58                                                                                                                             ;
; POWER_UP_LEVEL ; LOW   ; -    ; dffe59                                                                                                                             ;
; POWER_UP_LEVEL ; LOW   ; -    ; dffe60                                                                                                                             ;
; POWER_UP_LEVEL ; LOW   ; -    ; dffe61                                                                                                                             ;
; POWER_UP_LEVEL ; LOW   ; -    ; dffe62                                                                                                                             ;
; POWER_UP_LEVEL ; LOW   ; -    ; dffe63                                                                                                                             ;
; POWER_UP_LEVEL ; LOW   ; -    ; dffe64                                                                                                                             ;
; POWER_UP_LEVEL ; LOW   ; -    ; dffe65                                                                                                                             ;
; POWER_UP_LEVEL ; LOW   ; -    ; dffe66                                                                                                                             ;
; POWER_UP_LEVEL ; LOW   ; -    ; dffe67                                                                                                                             ;
; POWER_UP_LEVEL ; LOW   ; -    ; dffe68                                                                                                                             ;
; POWER_UP_LEVEL ; LOW   ; -    ; dffe69                                                                                                                             ;
; POWER_UP_LEVEL ; LOW   ; -    ; dffe70                                                                                                                             ;
; POWER_UP_LEVEL ; LOW   ; -    ; dffe71                                                                                                                             ;
; POWER_UP_LEVEL ; LOW   ; -    ; dffe72                                                                                                                             ;
; POWER_UP_LEVEL ; LOW   ; -    ; dffe73                                                                                                                             ;
; POWER_UP_LEVEL ; LOW   ; -    ; dffe74                                                                                                                             ;
; POWER_UP_LEVEL ; LOW   ; -    ; dffe75                                                                                                                             ;
; POWER_UP_LEVEL ; LOW   ; -    ; dffe76                                                                                                                             ;
; POWER_UP_LEVEL ; LOW   ; -    ; dffe77                                                                                                                             ;
; POWER_UP_LEVEL ; LOW   ; -    ; dffe78                                                                                                                             ;
; POWER_UP_LEVEL ; LOW   ; -    ; dffe79                                                                                                                             ;
; POWER_UP_LEVEL ; LOW   ; -    ; dffe80                                                                                                                             ;
; POWER_UP_LEVEL ; LOW   ; -    ; dffe81                                                                                                                             ;
; POWER_UP_LEVEL ; LOW   ; -    ; dffe9                                                                                                                              ;
+----------------+-------+------+------------------------------------------------------------------------------------------------------------------------------------+


+-----------------------------------------------------------------------------------------------------------------------------------------------------------------+
; Parameter Settings for User Entity Instance: alt_fpmult:alt_fpmult_inst|alt_fpmult_altfp_mult_0gr:alt_fpmult_altfp_mult_0gr_component|lpm_add_sub:exp_add_adder ;
+------------------------+-------------+--------------------------------------------------------------------------------------------------------------------------+
; Parameter Name         ; Value       ; Type                                                                                                                     ;
+------------------------+-------------+--------------------------------------------------------------------------------------------------------------------------+
; LPM_WIDTH              ; 9           ; Signed Integer                                                                                                           ;
; LPM_REPRESENTATION     ; SIGNED      ; Untyped                                                                                                                  ;
; LPM_DIRECTION          ; DEFAULT     ; Untyped                                                                                                                  ;
; ONE_INPUT_IS_CONSTANT  ; NO          ; Untyped                                                                                                                  ;
; LPM_PIPELINE           ; 1           ; Signed Integer                                                                                                           ;
; MAXIMIZE_SPEED         ; 5           ; Untyped                                                                                                                  ;
; REGISTERED_AT_END      ; 0           ; Untyped                                                                                                                  ;
; OPTIMIZE_FOR_SPEED     ; 5           ; Untyped                                                                                                                  ;
; USE_CS_BUFFERS         ; 1           ; Untyped                                                                                                                  ;
; CARRY_CHAIN            ; MANUAL      ; Untyped                                                                                                                  ;
; CARRY_CHAIN_LENGTH     ; 48          ; CARRY_CHAIN_LENGTH                                                                                                       ;
; DEVICE_FAMILY          ; Cyclone II  ; Untyped                                                                                                                  ;
; USE_WYS                ; OFF         ; Untyped                                                                                                                  ;
; STYLE                  ; FAST        ; Untyped                                                                                                                  ;
; CBXI_PARAMETER         ; add_sub_kgi ; Untyped                                                                                                                  ;
; AUTO_CARRY_CHAINS      ; ON          ; AUTO_CARRY                                                                                                               ;
; IGNORE_CARRY_BUFFERS   ; OFF         ; IGNORE_CARRY                                                                                                             ;
; AUTO_CASCADE_CHAINS    ; ON          ; AUTO_CASCADE                                                                                                             ;
; IGNORE_CASCADE_BUFFERS ; OFF         ; IGNORE_CASCADE                                                                                                           ;
+------------------------+-------------+--------------------------------------------------------------------------------------------------------------------------+
Note: In order to hide this table in the UI and the text report file, please set the "Show Parameter Settings in Synthesis Report" option in "Analysis and Synthesis Settings -> More Settings" to "Off".


+-----------------------------------------------------------------------------------------------------------------------------------------------------------------+
; Parameter Settings for User Entity Instance: alt_fpmult:alt_fpmult_inst|alt_fpmult_altfp_mult_0gr:alt_fpmult_altfp_mult_0gr_component|lpm_add_sub:exp_adj_adder ;
+------------------------+-------------+--------------------------------------------------------------------------------------------------------------------------+
; Parameter Name         ; Value       ; Type                                                                                                                     ;
+------------------------+-------------+--------------------------------------------------------------------------------------------------------------------------+
; LPM_WIDTH              ; 10          ; Signed Integer                                                                                                           ;
; LPM_REPRESENTATION     ; SIGNED      ; Untyped                                                                                                                  ;
; LPM_DIRECTION          ; DEFAULT     ; Untyped                                                                                                                  ;
; ONE_INPUT_IS_CONSTANT  ; NO          ; Untyped                                                                                                                  ;
; LPM_PIPELINE           ; 0           ; Signed Integer                                                                                                           ;
; MAXIMIZE_SPEED         ; 5           ; Untyped                                                                                                                  ;
; REGISTERED_AT_END      ; 0           ; Untyped                                                                                                                  ;
; OPTIMIZE_FOR_SPEED     ; 5           ; Untyped                                                                                                                  ;
; USE_CS_BUFFERS         ; 1           ; Untyped                                                                                                                  ;
; CARRY_CHAIN            ; MANUAL      ; Untyped                                                                                                                  ;
; CARRY_CHAIN_LENGTH     ; 48          ; CARRY_CHAIN_LENGTH                                                                                                       ;
; DEVICE_FAMILY          ; Cyclone II  ; Untyped                                                                                                                  ;
; USE_WYS                ; OFF         ; Untyped                                                                                                                  ;
; STYLE                  ; FAST        ; Untyped                                                                                                                  ;
; CBXI_PARAMETER         ; add_sub_01h ; Untyped                                                                                                                  ;
; AUTO_CARRY_CHAINS      ; ON          ; AUTO_CARRY                                                                                                               ;
; IGNORE_CARRY_BUFFERS   ; OFF         ; IGNORE_CARRY                                                                                                             ;
; AUTO_CASCADE_CHAINS    ; ON          ; AUTO_CASCADE                                                                                                             ;
; IGNORE_CASCADE_BUFFERS ; OFF         ; IGNORE_CASCADE                                                                                                           ;
+------------------------+-------------+--------------------------------------------------------------------------------------------------------------------------+
Note: In order to hide this table in the UI and the text report file, please set the "Show Parameter Settings in Synthesis Report" option in "Analysis and Synthesis Settings -> More Settings" to "Off".


+------------------------------------------------------------------------------------------------------------------------------------------------------------------+
; Parameter Settings for User Entity Instance: alt_fpmult:alt_fpmult_inst|alt_fpmult_altfp_mult_0gr:alt_fpmult_altfp_mult_0gr_component|lpm_add_sub:exp_bias_subtr ;
+------------------------+-------------+---------------------------------------------------------------------------------------------------------------------------+
; Parameter Name         ; Value       ; Type                                                                                                                      ;
+------------------------+-------------+---------------------------------------------------------------------------------------------------------------------------+
; LPM_WIDTH              ; 10          ; Signed Integer                                                                                                            ;
; LPM_REPRESENTATION     ; UNSIGNED    ; Untyped                                                                                                                   ;
; LPM_DIRECTION          ; SUB         ; Untyped                                                                                                                   ;
; ONE_INPUT_IS_CONSTANT  ; NO          ; Untyped                                                                                                                   ;
; LPM_PIPELINE           ; 0           ; Signed Integer                                                                                                            ;
; MAXIMIZE_SPEED         ; 5           ; Untyped                                                                                                                   ;
; REGISTERED_AT_END      ; 0           ; Untyped                                                                                                                   ;
; OPTIMIZE_FOR_SPEED     ; 5           ; Untyped                                                                                                                   ;
; USE_CS_BUFFERS         ; 1           ; Untyped                                                                                                                   ;
; CARRY_CHAIN            ; MANUAL      ; Untyped                                                                                                                   ;
; CARRY_CHAIN_LENGTH     ; 48          ; CARRY_CHAIN_LENGTH                                                                                                        ;
; DEVICE_FAMILY          ; Cyclone II  ; Untyped                                                                                                                   ;
; USE_WYS                ; OFF         ; Untyped                                                                                                                   ;
; STYLE                  ; FAST        ; Untyped                                                                                                                   ;
; CBXI_PARAMETER         ; add_sub_egg ; Untyped                                                                                                                   ;
; AUTO_CARRY_CHAINS      ; ON          ; AUTO_CARRY                                                                                                                ;
; IGNORE_CARRY_BUFFERS   ; OFF         ; IGNORE_CARRY                                                                                                              ;
; AUTO_CASCADE_CHAINS    ; ON          ; AUTO_CASCADE                                                                                                              ;
; IGNORE_CASCADE_BUFFERS ; OFF         ; IGNORE_CASCADE                                                                                                            ;
+------------------------+-------------+---------------------------------------------------------------------------------------------------------------------------+
Note: In order to hide this table in the UI and the text report file, please set the "Show Parameter Settings in Synthesis Report" option in "Analysis and Synthesis Settings -> More Settings" to "Off".


+-------------------------------------------------------------------------------------------------------------------------------------------------------------------+
; Parameter Settings for User Entity Instance: alt_fpmult:alt_fpmult_inst|alt_fpmult_altfp_mult_0gr:alt_fpmult_altfp_mult_0gr_component|lpm_add_sub:man_round_adder ;
+------------------------+-------------+----------------------------------------------------------------------------------------------------------------------------+
; Parameter Name         ; Value       ; Type                                                                                                                       ;
+------------------------+-------------+----------------------------------------------------------------------------------------------------------------------------+
; LPM_WIDTH              ; 25          ; Signed Integer                                                                                                             ;
; LPM_REPRESENTATION     ; SIGNED      ; Untyped                                                                                                                    ;
; LPM_DIRECTION          ; DEFAULT     ; Untyped                                                                                                                    ;
; ONE_INPUT_IS_CONSTANT  ; NO          ; Untyped                                                                                                                    ;
; LPM_PIPELINE           ; 0           ; Signed Integer                                                                                                             ;
; MAXIMIZE_SPEED         ; 5           ; Untyped                                                                                                                    ;
; REGISTERED_AT_END      ; 0           ; Untyped                                                                                                                    ;
; OPTIMIZE_FOR_SPEED     ; 5           ; Untyped                                                                                                                    ;
; USE_CS_BUFFERS         ; 1           ; Untyped                                                                                                                    ;
; CARRY_CHAIN            ; MANUAL      ; Untyped                                                                                                                    ;
; CARRY_CHAIN_LENGTH     ; 48          ; CARRY_CHAIN_LENGTH                                                                                                         ;
; DEVICE_FAMILY          ; Cyclone II  ; Untyped                                                                                                                    ;
; USE_WYS                ; OFF         ; Untyped                                                                                                                    ;
; STYLE                  ; FAST        ; Untyped                                                                                                                    ;
; CBXI_PARAMETER         ; add_sub_cmg ; Untyped                                                                                                                    ;
; AUTO_CARRY_CHAINS      ; ON          ; AUTO_CARRY                                                                                                                 ;
; IGNORE_CARRY_BUFFERS   ; OFF         ; IGNORE_CARRY                                                                                                               ;
; AUTO_CASCADE_CHAINS    ; ON          ; AUTO_CASCADE                                                                                                               ;
; IGNORE_CASCADE_BUFFERS ; OFF         ; IGNORE_CASCADE                                                                                                             ;
+------------------------+-------------+----------------------------------------------------------------------------------------------------------------------------+
Note: In order to hide this table in the UI and the text report file, please set the "Show Parameter Settings in Synthesis Report" option in "Analysis and Synthesis Settings -> More Settings" to "Off".


+------------------------------------------------------------------------------------------------------------------------------------------------------------------+
; Parameter Settings for User Entity Instance: alt_fpmult:alt_fpmult_inst|alt_fpmult_altfp_mult_0gr:alt_fpmult_altfp_mult_0gr_component|lpm_mult:man_product2_mult ;
+------------------------------------------------+------------+----------------------------------------------------------------------------------------------------+
; Parameter Name                                 ; Value      ; Type                                                                                               ;
+------------------------------------------------+------------+----------------------------------------------------------------------------------------------------+
; AUTO_CARRY_CHAINS                              ; ON         ; AUTO_CARRY                                                                                         ;
; IGNORE_CARRY_BUFFERS                           ; OFF        ; IGNORE_CARRY                                                                                       ;
; AUTO_CASCADE_CHAINS                            ; ON         ; AUTO_CASCADE                                                                                       ;
; IGNORE_CASCADE_BUFFERS                         ; OFF        ; IGNORE_CASCADE                                                                                     ;
; LPM_WIDTHA                                     ; 24         ; Signed Integer                                                                                     ;
; LPM_WIDTHB                                     ; 24         ; Signed Integer                                                                                     ;
; LPM_WIDTHP                                     ; 48         ; Signed Integer                                                                                     ;
; LPM_WIDTHR                                     ; 0          ; Untyped                                                                                            ;
; LPM_WIDTHS                                     ; 1          ; Signed Integer                                                                                     ;
; LPM_REPRESENTATION                             ; UNSIGNED   ; Untyped                                                                                            ;
; LPM_PIPELINE                                   ; 2          ; Signed Integer                                                                                     ;
; LATENCY                                        ; 0          ; Untyped                                                                                            ;
; INPUT_A_IS_CONSTANT                            ; NO         ; Untyped                                                                                            ;
; INPUT_B_IS_CONSTANT                            ; NO         ; Untyped                                                                                            ;
; USE_EAB                                        ; OFF        ; Untyped                                                                                            ;
; MAXIMIZE_SPEED                                 ; 5          ; Untyped                                                                                            ;
; DEVICE_FAMILY                                  ; Cyclone II ; Untyped                                                                                            ;
; CARRY_CHAIN                                    ; MANUAL     ; Untyped                                                                                            ;
; APEX20K_TECHNOLOGY_MAPPER                      ; LUT        ; TECH_MAPPER_APEX20K                                                                                ;
; DEDICATED_MULTIPLIER_CIRCUITRY                 ; YES        ; Untyped                                                                                            ;
; DEDICATED_MULTIPLIER_MIN_INPUT_WIDTH_FOR_AUTO  ; 0          ; Untyped                                                                                            ;
; DEDICATED_MULTIPLIER_MIN_OUTPUT_WIDTH_FOR_AUTO ; 0          ; Untyped                                                                                            ;
; CBXI_PARAMETER                                 ; mult_2ft   ; Untyped                                                                                            ;
; INPUT_A_FIXED_VALUE                            ; Bx         ; Untyped                                                                                            ;
; INPUT_B_FIXED_VALUE                            ; Bx         ; Untyped                                                                                            ;
; USE_AHDL_IMPLEMENTATION                        ; OFF        ; Untyped                                                                                            ;
+------------------------------------------------+------------+----------------------------------------------------------------------------------------------------+
Note: In order to hide this table in the UI and the text report file, please set the "Show Parameter Settings in Synthesis Report" option in "Analysis and Synthesis Settings -> More Settings" to "Off".


+-------------------------------------------------------------------------------------------------------------------------------------------------------------+
; lpm_mult Parameter Settings by Entity Instance                                                                                                              ;
+---------------------------------------+---------------------------------------------------------------------------------------------------------------------+
; Name                                  ; Value                                                                                                               ;
+---------------------------------------+---------------------------------------------------------------------------------------------------------------------+
; Number of entity instances            ; 1                                                                                                                   ;
; Entity Instance                       ; alt_fpmult:alt_fpmult_inst|alt_fpmult_altfp_mult_0gr:alt_fpmult_altfp_mult_0gr_component|lpm_mult:man_product2_mult ;
;     -- LPM_WIDTHA                     ; 24                                                                                                                  ;
;     -- LPM_WIDTHB                     ; 24                                                                                                                  ;
;     -- LPM_WIDTHP                     ; 48                                                                                                                  ;
;     -- LPM_REPRESENTATION             ; UNSIGNED                                                                                                            ;
;     -- INPUT_A_IS_CONSTANT            ; NO                                                                                                                  ;
;     -- INPUT_B_IS_CONSTANT            ; NO                                                                                                                  ;
;     -- USE_EAB                        ; OFF                                                                                                                 ;
;     -- DEDICATED_MULTIPLIER_CIRCUITRY ; YES                                                                                                                 ;
;     -- INPUT_A_FIXED_VALUE            ; Bx                                                                                                                  ;
;     -- INPUT_B_FIXED_VALUE            ; Bx                                                                                                                  ;
+---------------------------------------+---------------------------------------------------------------------------------------------------------------------+


+-------------------------------+
; Elapsed Time Per Partition    ;
+----------------+--------------+
; Partition Name ; Elapsed Time ;
+----------------+--------------+
; Top            ; 00:00:00     ;
+----------------+--------------+


+-------------------------------+
; Analysis & Synthesis Messages ;
+-------------------------------+
Info: *******************************************************************
Info: Running Quartus II 64-Bit Analysis & Synthesis
    Info: Version 13.0.1 Build 232 06/12/2013 Service Pack 1 SJ Web Edition
    Info: Processing started: Thu Oct 11 20:06:06 2018
Info: Command: quartus_map --read_settings_files=on --write_settings_files=off fpmult -c fpmult
Warning (20028): Parallel compilation is not licensed and has been disabled
Info (12021): Found 4 design units, including 2 entities, in source file alt_fpmult.vhd
    Info (12022): Found design unit 1: alt_fpmult_altfp_mult_0gr-RTL
    Info (12022): Found design unit 2: alt_fpmult-RTL
    Info (12023): Found entity 1: alt_fpmult_altfp_mult_0gr
    Info (12023): Found entity 2: alt_fpmult
Info (12021): Found 2 design units, including 1 entities, in source file fpmult.vhd
    Info (12022): Found design unit 1: fpmult-behavioral
    Info (12023): Found entity 1: fpmult
Info (12127): Elaborating entity "fpmult" for the top level hierarchy
Info (12128): Elaborating entity "alt_fpmult" for hierarchy "alt_fpmult:alt_fpmult_inst"
Info (12128): Elaborating entity "alt_fpmult_altfp_mult_0gr" for hierarchy "alt_fpmult:alt_fpmult_inst|alt_fpmult_altfp_mult_0gr:alt_fpmult_altfp_mult_0gr_component"
Info (12128): Elaborating entity "lpm_add_sub" for hierarchy "alt_fpmult:alt_fpmult_inst|alt_fpmult_altfp_mult_0gr:alt_fpmult_altfp_mult_0gr_component|lpm_add_sub:exp_add_adder"
Info (12130): Elaborated megafunction instantiation "alt_fpmult:alt_fpmult_inst|alt_fpmult_altfp_mult_0gr:alt_fpmult_altfp_mult_0gr_component|lpm_add_sub:exp_add_adder"
Info (12133): Instantiated megafunction "alt_fpmult:alt_fpmult_inst|alt_fpmult_altfp_mult_0gr:alt_fpmult_altfp_mult_0gr_component|lpm_add_sub:exp_add_adder" with the following parameter:
    Info (12134): Parameter "LPM_DIRECTION" = "DEFAULT"
    Info (12134): Parameter "LPM_PIPELINE" = "1"
    Info (12134): Parameter "LPM_REPRESENTATION" = "SIGNED"
    Info (12134): Parameter "LPM_WIDTH" = "9"
    Info (12134): Parameter "lpm_hint" = "UNUSED"
    Info (12134): Parameter "lpm_type" = "lpm_add_sub"
Info (12021): Found 1 design units, including 1 entities, in source file db/add_sub_kgi.tdf
    Info (12023): Found entity 1: add_sub_kgi
Info (12128): Elaborating entity "add_sub_kgi" for hierarchy "alt_fpmult:alt_fpmult_inst|alt_fpmult_altfp_mult_0gr:alt_fpmult_altfp_mult_0gr_component|lpm_add_sub:exp_add_adder|add_sub_kgi:auto_generated"
Info (12128): Elaborating entity "lpm_add_sub" for hierarchy "alt_fpmult:alt_fpmult_inst|alt_fpmult_altfp_mult_0gr:alt_fpmult_altfp_mult_0gr_component|lpm_add_sub:exp_adj_adder"
Info (12130): Elaborated megafunction instantiation "alt_fpmult:alt_fpmult_inst|alt_fpmult_altfp_mult_0gr:alt_fpmult_altfp_mult_0gr_component|lpm_add_sub:exp_adj_adder"
Info (12133): Instantiated megafunction "alt_fpmult:alt_fpmult_inst|alt_fpmult_altfp_mult_0gr:alt_fpmult_altfp_mult_0gr_component|lpm_add_sub:exp_adj_adder" with the following parameter:
    Info (12134): Parameter "LPM_DIRECTION" = "DEFAULT"
    Info (12134): Parameter "LPM_PIPELINE" = "0"
    Info (12134): Parameter "LPM_REPRESENTATION" = "SIGNED"
    Info (12134): Parameter "LPM_WIDTH" = "10"
    Info (12134): Parameter "lpm_hint" = "UNUSED"
    Info (12134): Parameter "lpm_type" = "lpm_add_sub"
Info (12021): Found 1 design units, including 1 entities, in source file db/add_sub_01h.tdf
    Info (12023): Found entity 1: add_sub_01h
Info (12128): Elaborating entity "add_sub_01h" for hierarchy "alt_fpmult:alt_fpmult_inst|alt_fpmult_altfp_mult_0gr:alt_fpmult_altfp_mult_0gr_component|lpm_add_sub:exp_adj_adder|add_sub_01h:auto_generated"
Info (12128): Elaborating entity "lpm_add_sub" for hierarchy "alt_fpmult:alt_fpmult_inst|alt_fpmult_altfp_mult_0gr:alt_fpmult_altfp_mult_0gr_component|lpm_add_sub:exp_bias_subtr"
Info (12130): Elaborated megafunction instantiation "alt_fpmult:alt_fpmult_inst|alt_fpmult_altfp_mult_0gr:alt_fpmult_altfp_mult_0gr_component|lpm_add_sub:exp_bias_subtr"
Info (12133): Instantiated megafunction "alt_fpmult:alt_fpmult_inst|alt_fpmult_altfp_mult_0gr:alt_fpmult_altfp_mult_0gr_component|lpm_add_sub:exp_bias_subtr" with the following parameter:
    Info (12134): Parameter "LPM_DIRECTION" = "SUB"
    Info (12134): Parameter "LPM_PIPELINE" = "0"
    Info (12134): Parameter "LPM_REPRESENTATION" = "UNSIGNED"
    Info (12134): Parameter "LPM_WIDTH" = "10"
    Info (12134): Parameter "lpm_hint" = "UNUSED"
    Info (12134): Parameter "lpm_type" = "lpm_add_sub"
Info (12021): Found 1 design units, including 1 entities, in source file db/add_sub_egg.tdf
    Info (12023): Found entity 1: add_sub_egg
Info (12128): Elaborating entity "add_sub_egg" for hierarchy "alt_fpmult:alt_fpmult_inst|alt_fpmult_altfp_mult_0gr:alt_fpmult_altfp_mult_0gr_component|lpm_add_sub:exp_bias_subtr|add_sub_egg:auto_generated"
Info (12128): Elaborating entity "lpm_add_sub" for hierarchy "alt_fpmult:alt_fpmult_inst|alt_fpmult_altfp_mult_0gr:alt_fpmult_altfp_mult_0gr_component|lpm_add_sub:man_round_adder"
Info (12130): Elaborated megafunction instantiation "alt_fpmult:alt_fpmult_inst|alt_fpmult_altfp_mult_0gr:alt_fpmult_altfp_mult_0gr_component|lpm_add_sub:man_round_adder"
Info (12133): Instantiated megafunction "alt_fpmult:alt_fpmult_inst|alt_fpmult_altfp_mult_0gr:alt_fpmult_altfp_mult_0gr_component|lpm_add_sub:man_round_adder" with the following parameter:
    Info (12134): Parameter "LPM_DIRECTION" = "DEFAULT"
    Info (12134): Parameter "LPM_PIPELINE" = "0"
    Info (12134): Parameter "LPM_REPRESENTATION" = "SIGNED"
    Info (12134): Parameter "LPM_WIDTH" = "25"
    Info (12134): Parameter "lpm_hint" = "UNUSED"
    Info (12134): Parameter "lpm_type" = "lpm_add_sub"
Info (12021): Found 1 design units, including 1 entities, in source file db/add_sub_cmg.tdf
    Info (12023): Found entity 1: add_sub_cmg
Info (12128): Elaborating entity "add_sub_cmg" for hierarchy "alt_fpmult:alt_fpmult_inst|alt_fpmult_altfp_mult_0gr:alt_fpmult_altfp_mult_0gr_component|lpm_add_sub:man_round_adder|add_sub_cmg:auto_generated"
Info (12128): Elaborating entity "lpm_mult" for hierarchy "alt_fpmult:alt_fpmult_inst|alt_fpmult_altfp_mult_0gr:alt_fpmult_altfp_mult_0gr_component|lpm_mult:man_product2_mult"
Info (12130): Elaborated megafunction instantiation "alt_fpmult:alt_fpmult_inst|alt_fpmult_altfp_mult_0gr:alt_fpmult_altfp_mult_0gr_component|lpm_mult:man_product2_mult"
Info (12133): Instantiated megafunction "alt_fpmult:alt_fpmult_inst|alt_fpmult_altfp_mult_0gr:alt_fpmult_altfp_mult_0gr_component|lpm_mult:man_product2_mult" with the following parameter:
    Info (12134): Parameter "LPM_PIPELINE" = "2"
    Info (12134): Parameter "LPM_REPRESENTATION" = "UNSIGNED"
    Info (12134): Parameter "LPM_WIDTHA" = "24"
    Info (12134): Parameter "LPM_WIDTHB" = "24"
    Info (12134): Parameter "LPM_WIDTHP" = "48"
    Info (12134): Parameter "LPM_WIDTHS" = "1"
    Info (12134): Parameter "lpm_hint" = "DEDICATED_MULTIPLIER_CIRCUITRY=YES"
    Info (12134): Parameter "lpm_type" = "lpm_mult"
Info (12021): Found 1 design units, including 1 entities, in source file db/mult_2ft.tdf
    Info (12023): Found entity 1: mult_2ft
Info (12128): Elaborating entity "mult_2ft" for hierarchy "alt_fpmult:alt_fpmult_inst|alt_fpmult_altfp_mult_0gr:alt_fpmult_altfp_mult_0gr_component|lpm_mult:man_product2_mult|mult_2ft:auto_generated"
Info (13014): Ignored 158 buffer(s)
    Info (13019): Ignored 158 SOFT buffer(s)
Info (16010): Generating hard_block partition "hard_block:auto_generated_inst"
    Info (16011): Adding 0 node(s), including 0 DDIO, 0 PLL, 0 transceiver and 0 LCELL
Info (21057): Implemented 437 device resources after synthesis - the final resource count might be different
    Info (21058): Implemented 67 input pins
    Info (21059): Implemented 36 output pins
    Info (21061): Implemented 327 logic cells
    Info (21062): Implemented 7 DSP elements
Info: Quartus II 64-Bit Analysis & Synthesis was successful. 0 errors, 1 warning
    Info: Peak virtual memory: 585 megabytes
    Info: Processing ended: Thu Oct 11 20:06:09 2018
    Info: Elapsed time: 00:00:03
    Info: Total CPU time (on all processors): 00:00:03


