Analysis & Synthesis report for int2fp
Fri Oct 12 07:56:52 2018
Quartus II 64-Bit Version 13.0.1 Build 232 06/12/2013 Service Pack 1 SJ Web Edition


---------------------
; Table of Contents ;
---------------------
  1. Legal Notice
  2. Analysis & Synthesis Summary
  3. Analysis & Synthesis Settings
  4. Parallel Compilation
  5. Analysis & Synthesis Source Files Read
  6. Analysis & Synthesis Resource Usage Summary
  7. Analysis & Synthesis Resource Utilization by Entity
  8. Analysis & Synthesis IP Cores Summary
  9. Registers Removed During Synthesis
 10. Removed Registers Triggering Further Register Optimizations
 11. General Register Statistics
 12. Multiplexer Restructuring Statistics (Restructuring Performed)
 13. Parameter Settings for User Entity Instance: alt_int2fp:alt_int2fp_inst|alt_int2fp_altfp_convert_hvn:alt_int2fp_altfp_convert_hvn_component|lpm_add_sub:add_sub1
 14. Parameter Settings for User Entity Instance: alt_int2fp:alt_int2fp_inst|alt_int2fp_altfp_convert_hvn:alt_int2fp_altfp_convert_hvn_component|lpm_add_sub:add_sub3
 15. Parameter Settings for User Entity Instance: alt_int2fp:alt_int2fp_inst|alt_int2fp_altfp_convert_hvn:alt_int2fp_altfp_convert_hvn_component|lpm_add_sub:add_sub6
 16. Parameter Settings for User Entity Instance: alt_int2fp:alt_int2fp_inst|alt_int2fp_altfp_convert_hvn:alt_int2fp_altfp_convert_hvn_component|lpm_add_sub:add_sub7
 17. Parameter Settings for User Entity Instance: alt_int2fp:alt_int2fp_inst|alt_int2fp_altfp_convert_hvn:alt_int2fp_altfp_convert_hvn_component|lpm_add_sub:add_sub8
 18. Parameter Settings for User Entity Instance: alt_int2fp:alt_int2fp_inst|alt_int2fp_altfp_convert_hvn:alt_int2fp_altfp_convert_hvn_component|lpm_compare:cmpr4
 19. Elapsed Time Per Partition
 20. Analysis & Synthesis Messages



----------------
; Legal Notice ;
----------------
Copyright (C) 1991-2013 Altera Corporation
Your use of Altera Corporation's design tools, logic functions 
and other software and tools, and its AMPP partner logic 
functions, and any output files from any of the foregoing 
(including device programming or simulation files), and any 
associated documentation or information are expressly subject 
to the terms and conditions of the Altera Program License 
Subscription Agreement, Altera MegaCore Function License 
Agreement, or other applicable license agreement, including, 
without limitation, that your use is for the sole purpose of 
programming logic devices manufactured by Altera and sold by 
Altera or its authorized distributors.  Please refer to the 
applicable agreement for further details.



+--------------------------------------------------------------------------------------+
; Analysis & Synthesis Summary                                                         ;
+------------------------------------+-------------------------------------------------+
; Analysis & Synthesis Status        ; Successful - Fri Oct 12 07:56:52 2018           ;
; Quartus II 64-Bit Version          ; 13.0.1 Build 232 06/12/2013 SP 1 SJ Web Edition ;
; Revision Name                      ; int2fp                                          ;
; Top-level Entity Name              ; int2fp                                          ;
; Family                             ; Cyclone II                                      ;
; Total logic elements               ; 326                                             ;
;     Total combinational functions  ; 250                                             ;
;     Dedicated logic registers      ; 238                                             ;
; Total registers                    ; 238                                             ;
; Total pins                         ; 67                                              ;
; Total virtual pins                 ; 0                                               ;
; Total memory bits                  ; 0                                               ;
; Embedded Multiplier 9-bit elements ; 0                                               ;
; Total PLLs                         ; 0                                               ;
+------------------------------------+-------------------------------------------------+


+----------------------------------------------------------------------------------------------------------------------+
; Analysis & Synthesis Settings                                                                                        ;
+----------------------------------------------------------------------------+--------------------+--------------------+
; Option                                                                     ; Setting            ; Default Value      ;
+----------------------------------------------------------------------------+--------------------+--------------------+
; Device                                                                     ; EP2C5AF256A7       ;                    ;
; Top-level entity name                                                      ; int2fp             ; int2fp             ;
; Family name                                                                ; Cyclone II         ; Cyclone IV GX      ;
; Use smart compilation                                                      ; Off                ; Off                ;
; Enable parallel Assembler and TimeQuest Timing Analyzer during compilation ; On                 ; On                 ;
; Enable compact report table                                                ; Off                ; Off                ;
; Restructure Multiplexers                                                   ; Auto               ; Auto               ;
; Create Debugging Nodes for IP Cores                                        ; Off                ; Off                ;
; Preserve fewer node names                                                  ; On                 ; On                 ;
; Disable OpenCore Plus hardware evaluation                                  ; Off                ; Off                ;
; Verilog Version                                                            ; Verilog_2001       ; Verilog_2001       ;
; VHDL Version                                                               ; VHDL_1993          ; VHDL_1993          ;
; State Machine Processing                                                   ; Auto               ; Auto               ;
; Safe State Machine                                                         ; Off                ; Off                ;
; Extract Verilog State Machines                                             ; On                 ; On                 ;
; Extract VHDL State Machines                                                ; On                 ; On                 ;
; Ignore Verilog initial constructs                                          ; Off                ; Off                ;
; Iteration limit for constant Verilog loops                                 ; 5000               ; 5000               ;
; Iteration limit for non-constant Verilog loops                             ; 250                ; 250                ;
; Add Pass-Through Logic to Inferred RAMs                                    ; On                 ; On                 ;
; Infer RAMs from Raw Logic                                                  ; On                 ; On                 ;
; Parallel Synthesis                                                         ; On                 ; On                 ;
; DSP Block Balancing                                                        ; Auto               ; Auto               ;
; NOT Gate Push-Back                                                         ; On                 ; On                 ;
; Power-Up Don't Care                                                        ; On                 ; On                 ;
; Remove Redundant Logic Cells                                               ; Off                ; Off                ;
; Remove Duplicate Registers                                                 ; On                 ; On                 ;
; Ignore CARRY Buffers                                                       ; Off                ; Off                ;
; Ignore CASCADE Buffers                                                     ; Off                ; Off                ;
; Ignore GLOBAL Buffers                                                      ; Off                ; Off                ;
; Ignore ROW GLOBAL Buffers                                                  ; Off                ; Off                ;
; Ignore LCELL Buffers                                                       ; Off                ; Off                ;
; Ignore SOFT Buffers                                                        ; On                 ; On                 ;
; Limit AHDL Integers to 32 Bits                                             ; Off                ; Off                ;
; Optimization Technique                                                     ; Balanced           ; Balanced           ;
; Carry Chain Length                                                         ; 70                 ; 70                 ;
; Auto Carry Chains                                                          ; On                 ; On                 ;
; Auto Open-Drain Pins                                                       ; On                 ; On                 ;
; Perform WYSIWYG Primitive Resynthesis                                      ; Off                ; Off                ;
; Auto ROM Replacement                                                       ; On                 ; On                 ;
; Auto RAM Replacement                                                       ; On                 ; On                 ;
; Auto Shift Register Replacement                                            ; Auto               ; Auto               ;
; Allow Shift Register Merging across Hierarchies                            ; Auto               ; Auto               ;
; Auto Clock Enable Replacement                                              ; On                 ; On                 ;
; Strict RAM Replacement                                                     ; Off                ; Off                ;
; Allow Synchronous Control Signals                                          ; On                 ; On                 ;
; Force Use of Synchronous Clear Signals                                     ; Off                ; Off                ;
; Auto RAM to Logic Cell Conversion                                          ; Off                ; Off                ;
; Auto Resource Sharing                                                      ; Off                ; Off                ;
; Allow Any RAM Size For Recognition                                         ; Off                ; Off                ;
; Allow Any ROM Size For Recognition                                         ; Off                ; Off                ;
; Allow Any Shift Register Size For Recognition                              ; Off                ; Off                ;
; Use LogicLock Constraints during Resource Balancing                        ; On                 ; On                 ;
; Ignore translate_off and synthesis_off directives                          ; Off                ; Off                ;
; Timing-Driven Synthesis                                                    ; Off                ; Off                ;
; Report Parameter Settings                                                  ; On                 ; On                 ;
; Report Source Assignments                                                  ; On                 ; On                 ;
; Report Connectivity Checks                                                 ; On                 ; On                 ;
; Ignore Maximum Fan-Out Assignments                                         ; Off                ; Off                ;
; Synchronization Register Chain Length                                      ; 2                  ; 2                  ;
; PowerPlay Power Optimization                                               ; Normal compilation ; Normal compilation ;
; HDL message level                                                          ; Level2             ; Level2             ;
; Suppress Register Optimization Related Messages                            ; Off                ; Off                ;
; Number of Removed Registers Reported in Synthesis Report                   ; 5000               ; 5000               ;
; Number of Swept Nodes Reported in Synthesis Report                         ; 5000               ; 5000               ;
; Number of Inverted Registers Reported in Synthesis Report                  ; 100                ; 100                ;
; Clock MUX Protection                                                       ; On                 ; On                 ;
; Auto Gated Clock Conversion                                                ; Off                ; Off                ;
; Block Design Naming                                                        ; Auto               ; Auto               ;
; SDC constraint protection                                                  ; Off                ; Off                ;
; Synthesis Effort                                                           ; Auto               ; Auto               ;
; Shift Register Replacement - Allow Asynchronous Clear Signal               ; On                 ; On                 ;
; Pre-Mapping Resynthesis Optimization                                       ; Off                ; Off                ;
; Analysis & Synthesis Message Level                                         ; Medium             ; Medium             ;
; Disable Register Merging Across Hierarchies                                ; Auto               ; Auto               ;
; Resource Aware Inference For Block RAM                                     ; On                 ; On                 ;
; Synthesis Seed                                                             ; 1                  ; 1                  ;
+----------------------------------------------------------------------------+--------------------+--------------------+


Parallel compilation was disabled, but you have multiple processors available. Enable parallel compilation to reduce compilation time.
+-------------------------------------+
; Parallel Compilation                ;
+----------------------------+--------+
; Processors                 ; Number ;
+----------------------------+--------+
; Number detected on machine ; 8      ;
; Maximum allowed            ; 1      ;
+----------------------------+--------+


+-------------------------------------------------------------------------------------------------------------------------------------------------------------------------+
; Analysis & Synthesis Source Files Read                                                                                                                                  ;
+----------------------------------+-----------------+------------------------------+---------------------------------------------------------------------------+---------+
; File Name with User-Entered Path ; Used in Netlist ; File Type                    ; File Name with Absolute Path                                              ; Library ;
+----------------------------------+-----------------+------------------------------+---------------------------------------------------------------------------+---------+
; alt_int2fp.vhd                   ; yes             ; User Wizard-Generated File   ; C:/Users/Victor Santos/Documents/FPGA/library/int2fp/alt_int2fp.vhd       ;         ;
; int2fp.vhd                       ; yes             ; User VHDL File               ; C:/Users/Victor Santos/Documents/FPGA/library/int2fp/int2fp.vhd           ;         ;
; lpm_add_sub.tdf                  ; yes             ; Megafunction                 ; c:/altera/13.0sp1/quartus/libraries/megafunctions/lpm_add_sub.tdf         ;         ;
; addcore.inc                      ; yes             ; Megafunction                 ; c:/altera/13.0sp1/quartus/libraries/megafunctions/addcore.inc             ;         ;
; look_add.inc                     ; yes             ; Megafunction                 ; c:/altera/13.0sp1/quartus/libraries/megafunctions/look_add.inc            ;         ;
; bypassff.inc                     ; yes             ; Megafunction                 ; c:/altera/13.0sp1/quartus/libraries/megafunctions/bypassff.inc            ;         ;
; altshift.inc                     ; yes             ; Megafunction                 ; c:/altera/13.0sp1/quartus/libraries/megafunctions/altshift.inc            ;         ;
; alt_stratix_add_sub.inc          ; yes             ; Megafunction                 ; c:/altera/13.0sp1/quartus/libraries/megafunctions/alt_stratix_add_sub.inc ;         ;
; aglobal130.inc                   ; yes             ; Megafunction                 ; c:/altera/13.0sp1/quartus/libraries/megafunctions/aglobal130.inc          ;         ;
; db/add_sub_kui.tdf               ; yes             ; Auto-Generated Megafunction  ; C:/Users/Victor Santos/Documents/FPGA/library/int2fp/db/add_sub_kui.tdf   ;         ;
; db/add_sub_9ui.tdf               ; yes             ; Auto-Generated Megafunction  ; C:/Users/Victor Santos/Documents/FPGA/library/int2fp/db/add_sub_9ui.tdf   ;         ;
; db/add_sub_edj.tdf               ; yes             ; Auto-Generated Megafunction  ; C:/Users/Victor Santos/Documents/FPGA/library/int2fp/db/add_sub_edj.tdf   ;         ;
; db/add_sub_8ti.tdf               ; yes             ; Auto-Generated Megafunction  ; C:/Users/Victor Santos/Documents/FPGA/library/int2fp/db/add_sub_8ti.tdf   ;         ;
; lpm_compare.tdf                  ; yes             ; Megafunction                 ; c:/altera/13.0sp1/quartus/libraries/megafunctions/lpm_compare.tdf         ;         ;
; comptree.inc                     ; yes             ; Megafunction                 ; c:/altera/13.0sp1/quartus/libraries/megafunctions/comptree.inc            ;         ;
; db/cmpr_vth.tdf                  ; yes             ; Auto-Generated Megafunction  ; C:/Users/Victor Santos/Documents/FPGA/library/int2fp/db/cmpr_vth.tdf      ;         ;
+----------------------------------+-----------------+------------------------------+---------------------------------------------------------------------------+---------+


+-----------------------------------------------------+
; Analysis & Synthesis Resource Usage Summary         ;
+---------------------------------------------+-------+
; Resource                                    ; Usage ;
+---------------------------------------------+-------+
; Estimated Total logic elements              ; 326   ;
;                                             ;       ;
; Total combinational functions               ; 250   ;
; Logic element usage by number of LUT inputs ;       ;
;     -- 4 input functions                    ; 60    ;
;     -- 3 input functions                    ; 115   ;
;     -- <=2 input functions                  ; 75    ;
;                                             ;       ;
; Logic elements by mode                      ;       ;
;     -- normal mode                          ; 193   ;
;     -- arithmetic mode                      ; 57    ;
;                                             ;       ;
; Total registers                             ; 238   ;
;     -- Dedicated logic registers            ; 238   ;
;     -- I/O registers                        ; 0     ;
;                                             ;       ;
; I/O pins                                    ; 67    ;
; Embedded Multiplier 9-bit elements          ; 0     ;
; Maximum fan-out node                        ; clk   ;
; Maximum fan-out                             ; 238   ;
; Total fan-out                               ; 1864  ;
; Average fan-out                             ; 3.36  ;
+---------------------------------------------+-------+


+-----------------------------------------------------------------------------------------------------------------------------------------------------------------------------------------------------------------------------------------------------------------------------------------------------------------------------------------------------------------------------------------------------------------------------------------------------------------------------------------------------------------------------------------------------+
; Analysis & Synthesis Resource Utilization by Entity                                                                                                                                                                                                                                                                                                                                                                                                                                                                                                 ;
+------------------------------------------------------------------------------+-------------------+--------------+-------------+--------------+---------+-----------+------+--------------+-------------------------------------------------------------------------------------------------------------------------------------------------------------------------------------------------------------------------------------------------------------------------------------------------------------------------------------------+--------------+
; Compilation Hierarchy Node                                                   ; LC Combinationals ; LC Registers ; Memory Bits ; DSP Elements ; DSP 9x9 ; DSP 18x18 ; Pins ; Virtual Pins ; Full Hierarchy Name                                                                                                                                                                                                                                                                                                                       ; Library Name ;
+------------------------------------------------------------------------------+-------------------+--------------+-------------+--------------+---------+-----------+------+--------------+-------------------------------------------------------------------------------------------------------------------------------------------------------------------------------------------------------------------------------------------------------------------------------------------------------------------------------------------+--------------+
; |int2fp                                                                      ; 250 (0)           ; 238 (0)      ; 0           ; 0            ; 0       ; 0         ; 67   ; 0            ; |int2fp                                                                                                                                                                                                                                                                                                                                   ; work         ;
;    |alt_int2fp:alt_int2fp_inst|                                              ; 250 (0)           ; 238 (0)      ; 0           ; 0            ; 0       ; 0         ; 0    ; 0            ; |int2fp|alt_int2fp:alt_int2fp_inst                                                                                                                                                                                                                                                                                                        ; work         ;
;       |alt_int2fp_altfp_convert_hvn:alt_int2fp_altfp_convert_hvn_component|  ; 250 (97)          ; 238 (174)    ; 0           ; 0            ; 0       ; 0         ; 0    ; 0            ; |int2fp|alt_int2fp:alt_int2fp_inst|alt_int2fp_altfp_convert_hvn:alt_int2fp_altfp_convert_hvn_component                                                                                                                                                                                                                                    ; work         ;
;          |alt_int2fp_altbarrel_shift_brf:altbarrel_shift5|                   ; 116 (116)         ; 64 (64)      ; 0           ; 0            ; 0       ; 0         ; 0    ; 0            ; |int2fp|alt_int2fp:alt_int2fp_inst|alt_int2fp_altfp_convert_hvn:alt_int2fp_altfp_convert_hvn_component|alt_int2fp_altbarrel_shift_brf:altbarrel_shift5                                                                                                                                                                                    ; work         ;
;          |alt_int2fp_altpriority_encoder_qb6:altpriority_encoder2|           ; 32 (22)           ; 0 (0)        ; 0           ; 0            ; 0       ; 0         ; 0    ; 0            ; |int2fp|alt_int2fp:alt_int2fp_inst|alt_int2fp_altfp_convert_hvn:alt_int2fp_altfp_convert_hvn_component|alt_int2fp_altpriority_encoder_qb6:altpriority_encoder2                                                                                                                                                                            ; work         ;
;             |alt_int2fp_altpriority_encoder_r08:altpriority_encoder9|        ; 5 (1)             ; 0 (0)        ; 0           ; 0            ; 0       ; 0         ; 0    ; 0            ; |int2fp|alt_int2fp:alt_int2fp_inst|alt_int2fp_altfp_convert_hvn:alt_int2fp_altfp_convert_hvn_component|alt_int2fp_altpriority_encoder_qb6:altpriority_encoder2|alt_int2fp_altpriority_encoder_r08:altpriority_encoder9                                                                                                                    ; work         ;
;                |alt_int2fp_altpriority_encoder_be8:altpriority_encoder18|    ; 3 (2)             ; 0 (0)        ; 0           ; 0            ; 0       ; 0         ; 0    ; 0            ; |int2fp|alt_int2fp:alt_int2fp_inst|alt_int2fp_altfp_convert_hvn:alt_int2fp_altfp_convert_hvn_component|alt_int2fp_altpriority_encoder_qb6:altpriority_encoder2|alt_int2fp_altpriority_encoder_r08:altpriority_encoder9|alt_int2fp_altpriority_encoder_be8:altpriority_encoder18                                                           ; work         ;
;                   |alt_int2fp_altpriority_encoder_6e8:altpriority_encoder14| ; 1 (1)             ; 0 (0)        ; 0           ; 0            ; 0       ; 0         ; 0    ; 0            ; |int2fp|alt_int2fp:alt_int2fp_inst|alt_int2fp_altfp_convert_hvn:alt_int2fp_altfp_convert_hvn_component|alt_int2fp_altpriority_encoder_qb6:altpriority_encoder2|alt_int2fp_altpriority_encoder_r08:altpriority_encoder9|alt_int2fp_altpriority_encoder_be8:altpriority_encoder18|alt_int2fp_altpriority_encoder_6e8:altpriority_encoder14  ; work         ;
;                |alt_int2fp_altpriority_encoder_bv7:altpriority_encoder17|    ; 1 (0)             ; 0 (0)        ; 0           ; 0            ; 0       ; 0         ; 0    ; 0            ; |int2fp|alt_int2fp:alt_int2fp_inst|alt_int2fp_altfp_convert_hvn:alt_int2fp_altfp_convert_hvn_component|alt_int2fp_altpriority_encoder_qb6:altpriority_encoder2|alt_int2fp_altpriority_encoder_r08:altpriority_encoder9|alt_int2fp_altpriority_encoder_bv7:altpriority_encoder17                                                           ; work         ;
;                   |alt_int2fp_altpriority_encoder_6e8:altpriority_encoder20| ; 1 (1)             ; 0 (0)        ; 0           ; 0            ; 0       ; 0         ; 0    ; 0            ; |int2fp|alt_int2fp:alt_int2fp_inst|alt_int2fp_altfp_convert_hvn:alt_int2fp_altfp_convert_hvn_component|alt_int2fp_altpriority_encoder_qb6:altpriority_encoder2|alt_int2fp_altpriority_encoder_r08:altpriority_encoder9|alt_int2fp_altpriority_encoder_bv7:altpriority_encoder17|alt_int2fp_altpriority_encoder_6e8:altpriority_encoder20  ; work         ;
;             |alt_int2fp_altpriority_encoder_rf8:altpriority_encoder10|       ; 5 (2)             ; 0 (0)        ; 0           ; 0            ; 0       ; 0         ; 0    ; 0            ; |int2fp|alt_int2fp:alt_int2fp_inst|alt_int2fp_altfp_convert_hvn:alt_int2fp_altfp_convert_hvn_component|alt_int2fp_altpriority_encoder_qb6:altpriority_encoder2|alt_int2fp_altpriority_encoder_rf8:altpriority_encoder10                                                                                                                   ; work         ;
;                |alt_int2fp_altpriority_encoder_be8:altpriority_encoder11|    ; 1 (0)             ; 0 (0)        ; 0           ; 0            ; 0       ; 0         ; 0    ; 0            ; |int2fp|alt_int2fp:alt_int2fp_inst|alt_int2fp_altfp_convert_hvn:alt_int2fp_altfp_convert_hvn_component|alt_int2fp_altpriority_encoder_qb6:altpriority_encoder2|alt_int2fp_altpriority_encoder_rf8:altpriority_encoder10|alt_int2fp_altpriority_encoder_be8:altpriority_encoder11                                                          ; work         ;
;                   |alt_int2fp_altpriority_encoder_6e8:altpriority_encoder14| ; 1 (1)             ; 0 (0)        ; 0           ; 0            ; 0       ; 0         ; 0    ; 0            ; |int2fp|alt_int2fp:alt_int2fp_inst|alt_int2fp_altfp_convert_hvn:alt_int2fp_altfp_convert_hvn_component|alt_int2fp_altpriority_encoder_qb6:altpriority_encoder2|alt_int2fp_altpriority_encoder_rf8:altpriority_encoder10|alt_int2fp_altpriority_encoder_be8:altpriority_encoder11|alt_int2fp_altpriority_encoder_6e8:altpriority_encoder14 ; work         ;
;                |alt_int2fp_altpriority_encoder_be8:altpriority_encoder12|    ; 2 (1)             ; 0 (0)        ; 0           ; 0            ; 0       ; 0         ; 0    ; 0            ; |int2fp|alt_int2fp:alt_int2fp_inst|alt_int2fp_altfp_convert_hvn:alt_int2fp_altfp_convert_hvn_component|alt_int2fp_altpriority_encoder_qb6:altpriority_encoder2|alt_int2fp_altpriority_encoder_rf8:altpriority_encoder10|alt_int2fp_altpriority_encoder_be8:altpriority_encoder12                                                          ; work         ;
;                   |alt_int2fp_altpriority_encoder_6e8:altpriority_encoder14| ; 1 (1)             ; 0 (0)        ; 0           ; 0            ; 0       ; 0         ; 0    ; 0            ; |int2fp|alt_int2fp:alt_int2fp_inst|alt_int2fp_altfp_convert_hvn:alt_int2fp_altfp_convert_hvn_component|alt_int2fp_altpriority_encoder_qb6:altpriority_encoder2|alt_int2fp_altpriority_encoder_rf8:altpriority_encoder10|alt_int2fp_altpriority_encoder_be8:altpriority_encoder12|alt_int2fp_altpriority_encoder_6e8:altpriority_encoder14 ; work         ;
;          |lpm_add_sub:add_sub3|                                              ; 2 (0)             ; 0 (0)        ; 0           ; 0            ; 0       ; 0         ; 0    ; 0            ; |int2fp|alt_int2fp:alt_int2fp_inst|alt_int2fp_altfp_convert_hvn:alt_int2fp_altfp_convert_hvn_component|lpm_add_sub:add_sub3                                                                                                                                                                                                               ; work         ;
;             |add_sub_9ui:auto_generated|                                     ; 2 (2)             ; 0 (0)        ; 0           ; 0            ; 0       ; 0         ; 0    ; 0            ; |int2fp|alt_int2fp:alt_int2fp_inst|alt_int2fp_altfp_convert_hvn:alt_int2fp_altfp_convert_hvn_component|lpm_add_sub:add_sub3|add_sub_9ui:auto_generated                                                                                                                                                                                    ; work         ;
;          |lpm_compare:cmpr4|                                                 ; 3 (0)             ; 0 (0)        ; 0           ; 0            ; 0       ; 0         ; 0    ; 0            ; |int2fp|alt_int2fp:alt_int2fp_inst|alt_int2fp_altfp_convert_hvn:alt_int2fp_altfp_convert_hvn_component|lpm_compare:cmpr4                                                                                                                                                                                                                  ; work         ;
;             |cmpr_vth:auto_generated|                                        ; 3 (3)             ; 0 (0)        ; 0           ; 0            ; 0       ; 0         ; 0    ; 0            ; |int2fp|alt_int2fp:alt_int2fp_inst|alt_int2fp_altfp_convert_hvn:alt_int2fp_altfp_convert_hvn_component|lpm_compare:cmpr4|cmpr_vth:auto_generated                                                                                                                                                                                          ; work         ;
+------------------------------------------------------------------------------+-------------------+--------------+-------------+--------------+---------+-----------+------+--------------+-------------------------------------------------------------------------------------------------------------------------------------------------------------------------------------------------------------------------------------------------------------------------------------------------------------------------------------------+--------------+
Note: For table entries with two numbers listed, the numbers in parentheses indicate the number of resources of the given type used by the specific entity alone. The numbers listed outside of parentheses indicate the total resources of the given type used by the specific entity and all of its sub-entities in the hierarchy.


+---------------------------------------------------------------------------------------------------------------------------------------------------------------------------+
; Analysis & Synthesis IP Cores Summary                                                                                                                                     ;
+--------+---------------+---------+--------------+--------------+------------------------------------+---------------------------------------------------------------------+
; Vendor ; IP Core Name  ; Version ; Release Date ; License Type ; Entity Instance                    ; IP Include File                                                     ;
+--------+---------------+---------+--------------+--------------+------------------------------------+---------------------------------------------------------------------+
; Altera ; ALTFP_CONVERT ; 13.0    ; N/A          ; N/A          ; |int2fp|alt_int2fp:alt_int2fp_inst ; C:/Users/Victor Santos/Documents/FPGA/library/int2fp/alt_int2fp.vhd ;
+--------+---------------+---------+--------------+--------------+------------------------------------+---------------------------------------------------------------------+


+-------------------------------------------------------------------------------------------------------------------------------------------------------------------------------------------------------------------------------------------------------------------------------------------------------+
; Registers Removed During Synthesis                                                                                                                                                                                                                                                                    ;
+-----------------------------------------------------------------------------------------------------------------------------------------------------------------+-------------------------------------------------------------------------------------------------------------------------------------+
; Register name                                                                                                                                                   ; Reason for Removal                                                                                                                  ;
+-----------------------------------------------------------------------------------------------------------------------------------------------------------------+-------------------------------------------------------------------------------------------------------------------------------------+
; alt_int2fp:alt_int2fp_inst|alt_int2fp_altfp_convert_hvn:alt_int2fp_altfp_convert_hvn_component|alt_int2fp_altbarrel_shift_brf:altbarrel_shift5|dir_pipe[0]      ; Stuck at GND due to stuck port data_in                                                                                              ;
; alt_int2fp:alt_int2fp_inst|alt_int2fp_altfp_convert_hvn:alt_int2fp_altfp_convert_hvn_component|alt_int2fp_altbarrel_shift_brf:altbarrel_shift5|sbit_piper1d[31] ; Lost fanout                                                                                                                         ;
; alt_int2fp:alt_int2fp_inst|alt_int2fp_altfp_convert_hvn:alt_int2fp_altfp_convert_hvn_component|exponent_bus_pre_reg3[6]                                         ; Merged with alt_int2fp:alt_int2fp_inst|alt_int2fp_altfp_convert_hvn:alt_int2fp_altfp_convert_hvn_component|exponent_bus_pre_reg3[5] ;
; alt_int2fp:alt_int2fp_inst|alt_int2fp_altfp_convert_hvn:alt_int2fp_altfp_convert_hvn_component|exponent_bus_pre_reg2[6]                                         ; Merged with alt_int2fp:alt_int2fp_inst|alt_int2fp_altfp_convert_hvn:alt_int2fp_altfp_convert_hvn_component|exponent_bus_pre_reg2[5] ;
; alt_int2fp:alt_int2fp_inst|alt_int2fp_altfp_convert_hvn:alt_int2fp_altfp_convert_hvn_component|exponent_bus_pre_reg[6]                                          ; Merged with alt_int2fp:alt_int2fp_inst|alt_int2fp_altfp_convert_hvn:alt_int2fp_altfp_convert_hvn_component|exponent_bus_pre_reg[5]  ;
; Total Number of Removed Registers = 5                                                                                                                           ;                                                                                                                                     ;
+-----------------------------------------------------------------------------------------------------------------------------------------------------------------+-------------------------------------------------------------------------------------------------------------------------------------+


+----------------------------------------------------------------------------------------------------------------------------------------------------------------------------------------------------------------------------------------------------------------------------------------------------------------------------------------------------------+
; Removed Registers Triggering Further Register Optimizations                                                                                                                                                                                                                                                                                              ;
+------------------------------------------------------------------------------------------------------------------------------------------------------------+---------------------------+-----------------------------------------------------------------------------------------------------------------------------------------------------------------+
; Register name                                                                                                                                              ; Reason for Removal        ; Registers Removed due to This Register                                                                                                                          ;
+------------------------------------------------------------------------------------------------------------------------------------------------------------+---------------------------+-----------------------------------------------------------------------------------------------------------------------------------------------------------------+
; alt_int2fp:alt_int2fp_inst|alt_int2fp_altfp_convert_hvn:alt_int2fp_altfp_convert_hvn_component|alt_int2fp_altbarrel_shift_brf:altbarrel_shift5|dir_pipe[0] ; Stuck at GND              ; alt_int2fp:alt_int2fp_inst|alt_int2fp_altfp_convert_hvn:alt_int2fp_altfp_convert_hvn_component|alt_int2fp_altbarrel_shift_brf:altbarrel_shift5|sbit_piper1d[31] ;
;                                                                                                                                                            ; due to stuck port data_in ;                                                                                                                                                                 ;
+------------------------------------------------------------------------------------------------------------------------------------------------------------+---------------------------+-----------------------------------------------------------------------------------------------------------------------------------------------------------------+


+------------------------------------------------------+
; General Register Statistics                          ;
+----------------------------------------------+-------+
; Statistic                                    ; Value ;
+----------------------------------------------+-------+
; Total registers                              ; 238   ;
; Number of registers using Synchronous Clear  ; 1     ;
; Number of registers using Synchronous Load   ; 77    ;
; Number of registers using Asynchronous Clear ; 238   ;
; Number of registers using Asynchronous Load  ; 0     ;
; Number of registers using Clock Enable       ; 238   ;
; Number of registers using Preset             ; 0     ;
+----------------------------------------------+-------+


+---------------------------------------------------------------------------------------------------------------------------------------------------------------------------------------------------------------------------------------------------------------------------------------+
; Multiplexer Restructuring Statistics (Restructuring Performed)                                                                                                                                                                                                                        ;
+--------------------+-----------+---------------+----------------------+------------------------+------------+-------------------------------------------------------------------------------------------------------------------------------------------------------------------------+
; Multiplexer Inputs ; Bus Width ; Baseline Area ; Area if Restructured ; Saving if Restructured ; Registered ; Example Multiplexer Output                                                                                                                                              ;
+--------------------+-----------+---------------+----------------------+------------------------+------------+-------------------------------------------------------------------------------------------------------------------------------------------------------------------------+
; 3:1                ; 11 bits   ; 22 LEs        ; 11 LEs               ; 11 LEs                 ; Yes        ; |int2fp|alt_int2fp:alt_int2fp_inst|alt_int2fp_altfp_convert_hvn:alt_int2fp_altfp_convert_hvn_component|result_reg[15]                                                   ;
; 3:1                ; 15 bits   ; 30 LEs        ; 30 LEs               ; 0 LEs                  ; Yes        ; |int2fp|alt_int2fp:alt_int2fp_inst|alt_int2fp_altfp_convert_hvn:alt_int2fp_altfp_convert_hvn_component|alt_int2fp_altbarrel_shift_brf:altbarrel_shift5|sbit_piper2d[23] ;
; 3:1                ; 2 bits    ; 4 LEs         ; 4 LEs                ; 0 LEs                  ; Yes        ; |int2fp|alt_int2fp:alt_int2fp_inst|alt_int2fp_altfp_convert_hvn:alt_int2fp_altfp_convert_hvn_component|alt_int2fp_altbarrel_shift_brf:altbarrel_shift5|sbit_piper1d[28] ;
; 4:1                ; 2 bits    ; 4 LEs         ; 4 LEs                ; 0 LEs                  ; Yes        ; |int2fp|alt_int2fp:alt_int2fp_inst|alt_int2fp_altfp_convert_hvn:alt_int2fp_altfp_convert_hvn_component|alt_int2fp_altbarrel_shift_brf:altbarrel_shift5|sbit_piper1d[29] ;
+--------------------+-----------+---------------+----------------------+------------------------+------------+-------------------------------------------------------------------------------------------------------------------------------------------------------------------------+


+------------------------------------------------------------------------------------------------------------------------------------------------------------------+
; Parameter Settings for User Entity Instance: alt_int2fp:alt_int2fp_inst|alt_int2fp_altfp_convert_hvn:alt_int2fp_altfp_convert_hvn_component|lpm_add_sub:add_sub1 ;
+------------------------+-------------+---------------------------------------------------------------------------------------------------------------------------+
; Parameter Name         ; Value       ; Type                                                                                                                      ;
+------------------------+-------------+---------------------------------------------------------------------------------------------------------------------------+
; LPM_WIDTH              ; 31          ; Signed Integer                                                                                                            ;
; LPM_REPRESENTATION     ; SIGNED      ; Untyped                                                                                                                   ;
; LPM_DIRECTION          ; ADD         ; Untyped                                                                                                                   ;
; ONE_INPUT_IS_CONSTANT  ; YES         ; Untyped                                                                                                                   ;
; LPM_PIPELINE           ; 0           ; Signed Integer                                                                                                            ;
; MAXIMIZE_SPEED         ; 5           ; Untyped                                                                                                                   ;
; REGISTERED_AT_END      ; 0           ; Untyped                                                                                                                   ;
; OPTIMIZE_FOR_SPEED     ; 5           ; Untyped                                                                                                                   ;
; USE_CS_BUFFERS         ; 1           ; Untyped                                                                                                                   ;
; CARRY_CHAIN            ; MANUAL      ; Untyped                                                                                                                   ;
; CARRY_CHAIN_LENGTH     ; 48          ; CARRY_CHAIN_LENGTH                                                                                                        ;
; DEVICE_FAMILY          ; Cyclone II  ; Untyped                                                                                                                   ;
; USE_WYS                ; OFF         ; Untyped                                                                                                                   ;
; STYLE                  ; FAST        ; Untyped                                                                                                                   ;
; CBXI_PARAMETER         ; add_sub_kui ; Untyped                                                                                                                   ;
; AUTO_CARRY_CHAINS      ; ON          ; AUTO_CARRY                                                                                                                ;
; IGNORE_CARRY_BUFFERS   ; OFF         ; IGNORE_CARRY                                                                                                              ;
; AUTO_CASCADE_CHAINS    ; ON          ; AUTO_CASCADE                                                                                                              ;
; IGNORE_CASCADE_BUFFERS ; OFF         ; IGNORE_CASCADE                                                                                                            ;
+------------------------+-------------+---------------------------------------------------------------------------------------------------------------------------+
Note: In order to hide this table in the UI and the text report file, please set the "Show Parameter Settings in Synthesis Report" option in "Analysis and Synthesis Settings -> More Settings" to "Off".


+------------------------------------------------------------------------------------------------------------------------------------------------------------------+
; Parameter Settings for User Entity Instance: alt_int2fp:alt_int2fp_inst|alt_int2fp_altfp_convert_hvn:alt_int2fp_altfp_convert_hvn_component|lpm_add_sub:add_sub3 ;
+------------------------+-------------+---------------------------------------------------------------------------------------------------------------------------+
; Parameter Name         ; Value       ; Type                                                                                                                      ;
+------------------------+-------------+---------------------------------------------------------------------------------------------------------------------------+
; LPM_WIDTH              ; 8           ; Signed Integer                                                                                                            ;
; LPM_REPRESENTATION     ; SIGNED      ; Untyped                                                                                                                   ;
; LPM_DIRECTION          ; SUB         ; Untyped                                                                                                                   ;
; ONE_INPUT_IS_CONSTANT  ; YES         ; Untyped                                                                                                                   ;
; LPM_PIPELINE           ; 0           ; Signed Integer                                                                                                            ;
; MAXIMIZE_SPEED         ; 5           ; Untyped                                                                                                                   ;
; REGISTERED_AT_END      ; 0           ; Untyped                                                                                                                   ;
; OPTIMIZE_FOR_SPEED     ; 5           ; Untyped                                                                                                                   ;
; USE_CS_BUFFERS         ; 1           ; Untyped                                                                                                                   ;
; CARRY_CHAIN            ; MANUAL      ; Untyped                                                                                                                   ;
; CARRY_CHAIN_LENGTH     ; 48          ; CARRY_CHAIN_LENGTH                                                                                                        ;
; DEVICE_FAMILY          ; Cyclone II  ; Untyped                                                                                                                   ;
; USE_WYS                ; OFF         ; Untyped                                                                                                                   ;
; STYLE                  ; FAST        ; Untyped                                                                                                                   ;
; CBXI_PARAMETER         ; add_sub_9ui ; Untyped                                                                                                                   ;
; AUTO_CARRY_CHAINS      ; ON          ; AUTO_CARRY                                                                                                                ;
; IGNORE_CARRY_BUFFERS   ; OFF         ; IGNORE_CARRY                                                                                                              ;
; AUTO_CASCADE_CHAINS    ; ON          ; AUTO_CASCADE                                                                                                              ;
; IGNORE_CASCADE_BUFFERS ; OFF         ; IGNORE_CASCADE                                                                                                            ;
+------------------------+-------------+---------------------------------------------------------------------------------------------------------------------------+
Note: In order to hide this table in the UI and the text report file, please set the "Show Parameter Settings in Synthesis Report" option in "Analysis and Synthesis Settings -> More Settings" to "Off".


+------------------------------------------------------------------------------------------------------------------------------------------------------------------+
; Parameter Settings for User Entity Instance: alt_int2fp:alt_int2fp_inst|alt_int2fp_altfp_convert_hvn:alt_int2fp_altfp_convert_hvn_component|lpm_add_sub:add_sub6 ;
+------------------------+-------------+---------------------------------------------------------------------------------------------------------------------------+
; Parameter Name         ; Value       ; Type                                                                                                                      ;
+------------------------+-------------+---------------------------------------------------------------------------------------------------------------------------+
; LPM_WIDTH              ; 12          ; Signed Integer                                                                                                            ;
; LPM_REPRESENTATION     ; SIGNED      ; Untyped                                                                                                                   ;
; LPM_DIRECTION          ; ADD         ; Untyped                                                                                                                   ;
; ONE_INPUT_IS_CONSTANT  ; YES         ; Untyped                                                                                                                   ;
; LPM_PIPELINE           ; 0           ; Signed Integer                                                                                                            ;
; MAXIMIZE_SPEED         ; 5           ; Untyped                                                                                                                   ;
; REGISTERED_AT_END      ; 0           ; Untyped                                                                                                                   ;
; OPTIMIZE_FOR_SPEED     ; 5           ; Untyped                                                                                                                   ;
; USE_CS_BUFFERS         ; 1           ; Untyped                                                                                                                   ;
; CARRY_CHAIN            ; MANUAL      ; Untyped                                                                                                                   ;
; CARRY_CHAIN_LENGTH     ; 48          ; CARRY_CHAIN_LENGTH                                                                                                        ;
; DEVICE_FAMILY          ; Cyclone II  ; Untyped                                                                                                                   ;
; USE_WYS                ; OFF         ; Untyped                                                                                                                   ;
; STYLE                  ; FAST        ; Untyped                                                                                                                   ;
; CBXI_PARAMETER         ; add_sub_edj ; Untyped                                                                                                                   ;
; AUTO_CARRY_CHAINS      ; ON          ; AUTO_CARRY                                                                                                                ;
; IGNORE_CARRY_BUFFERS   ; OFF         ; IGNORE_CARRY                                                                                                              ;
; AUTO_CASCADE_CHAINS    ; ON          ; AUTO_CASCADE                                                                                                              ;
; IGNORE_CASCADE_BUFFERS ; OFF         ; IGNORE_CASCADE                                                                                                            ;
+------------------------+-------------+---------------------------------------------------------------------------------------------------------------------------+
Note: In order to hide this table in the UI and the text report file, please set the "Show Parameter Settings in Synthesis Report" option in "Analysis and Synthesis Settings -> More Settings" to "Off".


+------------------------------------------------------------------------------------------------------------------------------------------------------------------+
; Parameter Settings for User Entity Instance: alt_int2fp:alt_int2fp_inst|alt_int2fp_altfp_convert_hvn:alt_int2fp_altfp_convert_hvn_component|lpm_add_sub:add_sub7 ;
+------------------------+-------------+---------------------------------------------------------------------------------------------------------------------------+
; Parameter Name         ; Value       ; Type                                                                                                                      ;
+------------------------+-------------+---------------------------------------------------------------------------------------------------------------------------+
; LPM_WIDTH              ; 12          ; Signed Integer                                                                                                            ;
; LPM_REPRESENTATION     ; SIGNED      ; Untyped                                                                                                                   ;
; LPM_DIRECTION          ; ADD         ; Untyped                                                                                                                   ;
; ONE_INPUT_IS_CONSTANT  ; YES         ; Untyped                                                                                                                   ;
; LPM_PIPELINE           ; 0           ; Signed Integer                                                                                                            ;
; MAXIMIZE_SPEED         ; 5           ; Untyped                                                                                                                   ;
; REGISTERED_AT_END      ; 0           ; Untyped                                                                                                                   ;
; OPTIMIZE_FOR_SPEED     ; 5           ; Untyped                                                                                                                   ;
; USE_CS_BUFFERS         ; 1           ; Untyped                                                                                                                   ;
; CARRY_CHAIN            ; MANUAL      ; Untyped                                                                                                                   ;
; CARRY_CHAIN_LENGTH     ; 48          ; CARRY_CHAIN_LENGTH                                                                                                        ;
; DEVICE_FAMILY          ; Cyclone II  ; Untyped                                                                                                                   ;
; USE_WYS                ; OFF         ; Untyped                                                                                                                   ;
; STYLE                  ; FAST        ; Untyped                                                                                                                   ;
; CBXI_PARAMETER         ; add_sub_edj ; Untyped                                                                                                                   ;
; AUTO_CARRY_CHAINS      ; ON          ; AUTO_CARRY                                                                                                                ;
; IGNORE_CARRY_BUFFERS   ; OFF         ; IGNORE_CARRY                                                                                                              ;
; AUTO_CASCADE_CHAINS    ; ON          ; AUTO_CASCADE                                                                                                              ;
; IGNORE_CASCADE_BUFFERS ; OFF         ; IGNORE_CASCADE                                                                                                            ;
+------------------------+-------------+---------------------------------------------------------------------------------------------------------------------------+
Note: In order to hide this table in the UI and the text report file, please set the "Show Parameter Settings in Synthesis Report" option in "Analysis and Synthesis Settings -> More Settings" to "Off".


+------------------------------------------------------------------------------------------------------------------------------------------------------------------+
; Parameter Settings for User Entity Instance: alt_int2fp:alt_int2fp_inst|alt_int2fp_altfp_convert_hvn:alt_int2fp_altfp_convert_hvn_component|lpm_add_sub:add_sub8 ;
+------------------------+-------------+---------------------------------------------------------------------------------------------------------------------------+
; Parameter Name         ; Value       ; Type                                                                                                                      ;
+------------------------+-------------+---------------------------------------------------------------------------------------------------------------------------+
; LPM_WIDTH              ; 8           ; Signed Integer                                                                                                            ;
; LPM_REPRESENTATION     ; SIGNED      ; Untyped                                                                                                                   ;
; LPM_DIRECTION          ; ADD         ; Untyped                                                                                                                   ;
; ONE_INPUT_IS_CONSTANT  ; YES         ; Untyped                                                                                                                   ;
; LPM_PIPELINE           ; 0           ; Signed Integer                                                                                                            ;
; MAXIMIZE_SPEED         ; 5           ; Untyped                                                                                                                   ;
; REGISTERED_AT_END      ; 0           ; Untyped                                                                                                                   ;
; OPTIMIZE_FOR_SPEED     ; 5           ; Untyped                                                                                                                   ;
; USE_CS_BUFFERS         ; 1           ; Untyped                                                                                                                   ;
; CARRY_CHAIN            ; MANUAL      ; Untyped                                                                                                                   ;
; CARRY_CHAIN_LENGTH     ; 48          ; CARRY_CHAIN_LENGTH                                                                                                        ;
; DEVICE_FAMILY          ; Cyclone II  ; Untyped                                                                                                                   ;
; USE_WYS                ; OFF         ; Untyped                                                                                                                   ;
; STYLE                  ; FAST        ; Untyped                                                                                                                   ;
; CBXI_PARAMETER         ; add_sub_8ti ; Untyped                                                                                                                   ;
; AUTO_CARRY_CHAINS      ; ON          ; AUTO_CARRY                                                                                                                ;
; IGNORE_CARRY_BUFFERS   ; OFF         ; IGNORE_CARRY                                                                                                              ;
; AUTO_CASCADE_CHAINS    ; ON          ; AUTO_CASCADE                                                                                                              ;
; IGNORE_CASCADE_BUFFERS ; OFF         ; IGNORE_CASCADE                                                                                                            ;
+------------------------+-------------+---------------------------------------------------------------------------------------------------------------------------+
Note: In order to hide this table in the UI and the text report file, please set the "Show Parameter Settings in Synthesis Report" option in "Analysis and Synthesis Settings -> More Settings" to "Off".


+---------------------------------------------------------------------------------------------------------------------------------------------------------------+
; Parameter Settings for User Entity Instance: alt_int2fp:alt_int2fp_inst|alt_int2fp_altfp_convert_hvn:alt_int2fp_altfp_convert_hvn_component|lpm_compare:cmpr4 ;
+------------------------+------------+-------------------------------------------------------------------------------------------------------------------------+
; Parameter Name         ; Value      ; Type                                                                                                                    ;
+------------------------+------------+-------------------------------------------------------------------------------------------------------------------------+
; lpm_width              ; 8          ; Signed Integer                                                                                                          ;
; LPM_REPRESENTATION     ; UNSIGNED   ; Untyped                                                                                                                 ;
; LPM_PIPELINE           ; 0          ; Signed Integer                                                                                                          ;
; CHAIN_SIZE             ; 8          ; Untyped                                                                                                                 ;
; ONE_INPUT_IS_CONSTANT  ; NO         ; Untyped                                                                                                                 ;
; CARRY_CHAIN            ; MANUAL     ; Untyped                                                                                                                 ;
; CASCADE_CHAIN          ; MANUAL     ; Untyped                                                                                                                 ;
; CARRY_CHAIN_LENGTH     ; 48         ; CARRY_CHAIN_LENGTH                                                                                                      ;
; CASCADE_CHAIN_LENGTH   ; 2          ; CASCADE_CHAIN_LENGTH                                                                                                    ;
; DEVICE_FAMILY          ; Cyclone II ; Untyped                                                                                                                 ;
; CBXI_PARAMETER         ; cmpr_vth   ; Untyped                                                                                                                 ;
; AUTO_CARRY_CHAINS      ; ON         ; AUTO_CARRY                                                                                                              ;
; IGNORE_CARRY_BUFFERS   ; OFF        ; IGNORE_CARRY                                                                                                            ;
; AUTO_CASCADE_CHAINS    ; ON         ; AUTO_CASCADE                                                                                                            ;
; IGNORE_CASCADE_BUFFERS ; OFF        ; IGNORE_CASCADE                                                                                                          ;
+------------------------+------------+-------------------------------------------------------------------------------------------------------------------------+
Note: In order to hide this table in the UI and the text report file, please set the "Show Parameter Settings in Synthesis Report" option in "Analysis and Synthesis Settings -> More Settings" to "Off".


+-------------------------------+
; Elapsed Time Per Partition    ;
+----------------+--------------+
; Partition Name ; Elapsed Time ;
+----------------+--------------+
; Top            ; 00:00:00     ;
+----------------+--------------+


+-------------------------------+
; Analysis & Synthesis Messages ;
+-------------------------------+
Info: *******************************************************************
Info: Running Quartus II 64-Bit Analysis & Synthesis
    Info: Version 13.0.1 Build 232 06/12/2013 Service Pack 1 SJ Web Edition
    Info: Processing started: Fri Oct 12 07:56:49 2018
Info: Command: quartus_map --read_settings_files=on --write_settings_files=off int2fp -c int2fp
Warning (20028): Parallel compilation is not licensed and has been disabled
Info (12021): Found 24 design units, including 12 entities, in source file alt_int2fp.vhd
    Info (12022): Found design unit 1: alt_int2fp_altbarrel_shift_brf-RTL
    Info (12022): Found design unit 2: alt_int2fp_altpriority_encoder_3e8-RTL
    Info (12022): Found design unit 3: alt_int2fp_altpriority_encoder_6e8-RTL
    Info (12022): Found design unit 4: alt_int2fp_altpriority_encoder_be8-RTL
    Info (12022): Found design unit 5: alt_int2fp_altpriority_encoder_rf8-RTL
    Info (12022): Found design unit 6: alt_int2fp_altpriority_encoder_3v7-RTL
    Info (12022): Found design unit 7: alt_int2fp_altpriority_encoder_6v7-RTL
    Info (12022): Found design unit 8: alt_int2fp_altpriority_encoder_bv7-RTL
    Info (12022): Found design unit 9: alt_int2fp_altpriority_encoder_r08-RTL
    Info (12022): Found design unit 10: alt_int2fp_altpriority_encoder_qb6-RTL
    Info (12022): Found design unit 11: alt_int2fp_altfp_convert_hvn-RTL
    Info (12022): Found design unit 12: alt_int2fp-RTL
    Info (12023): Found entity 1: alt_int2fp_altbarrel_shift_brf
    Info (12023): Found entity 2: alt_int2fp_altpriority_encoder_3e8
    Info (12023): Found entity 3: alt_int2fp_altpriority_encoder_6e8
    Info (12023): Found entity 4: alt_int2fp_altpriority_encoder_be8
    Info (12023): Found entity 5: alt_int2fp_altpriority_encoder_rf8
    Info (12023): Found entity 6: alt_int2fp_altpriority_encoder_3v7
    Info (12023): Found entity 7: alt_int2fp_altpriority_encoder_6v7
    Info (12023): Found entity 8: alt_int2fp_altpriority_encoder_bv7
    Info (12023): Found entity 9: alt_int2fp_altpriority_encoder_r08
    Info (12023): Found entity 10: alt_int2fp_altpriority_encoder_qb6
    Info (12023): Found entity 11: alt_int2fp_altfp_convert_hvn
    Info (12023): Found entity 12: alt_int2fp
Info (12021): Found 2 design units, including 1 entities, in source file int2fp.vhd
    Info (12022): Found design unit 1: int2fp-behavioral
    Info (12023): Found entity 1: int2fp
Info (12021): Found 2 design units, including 1 entities, in source file tb_int2fp.vhd
    Info (12022): Found design unit 1: tb_conv-behavioral
    Info (12023): Found entity 1: tb_conv
Info (12127): Elaborating entity "int2fp" for the top level hierarchy
Info (12128): Elaborating entity "alt_int2fp" for hierarchy "alt_int2fp:alt_int2fp_inst"
Info (12128): Elaborating entity "alt_int2fp_altfp_convert_hvn" for hierarchy "alt_int2fp:alt_int2fp_inst|alt_int2fp_altfp_convert_hvn:alt_int2fp_altfp_convert_hvn_component"
Info (12128): Elaborating entity "alt_int2fp_altbarrel_shift_brf" for hierarchy "alt_int2fp:alt_int2fp_inst|alt_int2fp_altfp_convert_hvn:alt_int2fp_altfp_convert_hvn_component|alt_int2fp_altbarrel_shift_brf:altbarrel_shift5"
Info (12128): Elaborating entity "alt_int2fp_altpriority_encoder_qb6" for hierarchy "alt_int2fp:alt_int2fp_inst|alt_int2fp_altfp_convert_hvn:alt_int2fp_altfp_convert_hvn_component|alt_int2fp_altpriority_encoder_qb6:altpriority_encoder2"
Info (12128): Elaborating entity "alt_int2fp_altpriority_encoder_rf8" for hierarchy "alt_int2fp:alt_int2fp_inst|alt_int2fp_altfp_convert_hvn:alt_int2fp_altfp_convert_hvn_component|alt_int2fp_altpriority_encoder_qb6:altpriority_encoder2|alt_int2fp_altpriority_encoder_rf8:altpriority_encoder10"
Info (12128): Elaborating entity "alt_int2fp_altpriority_encoder_be8" for hierarchy "alt_int2fp:alt_int2fp_inst|alt_int2fp_altfp_convert_hvn:alt_int2fp_altfp_convert_hvn_component|alt_int2fp_altpriority_encoder_qb6:altpriority_encoder2|alt_int2fp_altpriority_encoder_rf8:altpriority_encoder10|alt_int2fp_altpriority_encoder_be8:altpriority_encoder11"
Info (12128): Elaborating entity "alt_int2fp_altpriority_encoder_6e8" for hierarchy "alt_int2fp:alt_int2fp_inst|alt_int2fp_altfp_convert_hvn:alt_int2fp_altfp_convert_hvn_component|alt_int2fp_altpriority_encoder_qb6:altpriority_encoder2|alt_int2fp_altpriority_encoder_rf8:altpriority_encoder10|alt_int2fp_altpriority_encoder_be8:altpriority_encoder11|alt_int2fp_altpriority_encoder_6e8:altpriority_encoder13"
Info (12128): Elaborating entity "alt_int2fp_altpriority_encoder_3e8" for hierarchy "alt_int2fp:alt_int2fp_inst|alt_int2fp_altfp_convert_hvn:alt_int2fp_altfp_convert_hvn_component|alt_int2fp_altpriority_encoder_qb6:altpriority_encoder2|alt_int2fp_altpriority_encoder_rf8:altpriority_encoder10|alt_int2fp_altpriority_encoder_be8:altpriority_encoder11|alt_int2fp_altpriority_encoder_6e8:altpriority_encoder13|alt_int2fp_altpriority_encoder_3e8:altpriority_encoder15"
Info (12128): Elaborating entity "alt_int2fp_altpriority_encoder_r08" for hierarchy "alt_int2fp:alt_int2fp_inst|alt_int2fp_altfp_convert_hvn:alt_int2fp_altfp_convert_hvn_component|alt_int2fp_altpriority_encoder_qb6:altpriority_encoder2|alt_int2fp_altpriority_encoder_r08:altpriority_encoder9"
Info (12128): Elaborating entity "alt_int2fp_altpriority_encoder_bv7" for hierarchy "alt_int2fp:alt_int2fp_inst|alt_int2fp_altfp_convert_hvn:alt_int2fp_altfp_convert_hvn_component|alt_int2fp_altpriority_encoder_qb6:altpriority_encoder2|alt_int2fp_altpriority_encoder_r08:altpriority_encoder9|alt_int2fp_altpriority_encoder_bv7:altpriority_encoder17"
Info (12128): Elaborating entity "alt_int2fp_altpriority_encoder_6v7" for hierarchy "alt_int2fp:alt_int2fp_inst|alt_int2fp_altfp_convert_hvn:alt_int2fp_altfp_convert_hvn_component|alt_int2fp_altpriority_encoder_qb6:altpriority_encoder2|alt_int2fp_altpriority_encoder_r08:altpriority_encoder9|alt_int2fp_altpriority_encoder_bv7:altpriority_encoder17|alt_int2fp_altpriority_encoder_6v7:altpriority_encoder19"
Info (12128): Elaborating entity "alt_int2fp_altpriority_encoder_3v7" for hierarchy "alt_int2fp:alt_int2fp_inst|alt_int2fp_altfp_convert_hvn:alt_int2fp_altfp_convert_hvn_component|alt_int2fp_altpriority_encoder_qb6:altpriority_encoder2|alt_int2fp_altpriority_encoder_r08:altpriority_encoder9|alt_int2fp_altpriority_encoder_bv7:altpriority_encoder17|alt_int2fp_altpriority_encoder_6v7:altpriority_encoder19|alt_int2fp_altpriority_encoder_3v7:altpriority_encoder21"
Info (12128): Elaborating entity "lpm_add_sub" for hierarchy "alt_int2fp:alt_int2fp_inst|alt_int2fp_altfp_convert_hvn:alt_int2fp_altfp_convert_hvn_component|lpm_add_sub:add_sub1"
Info (12130): Elaborated megafunction instantiation "alt_int2fp:alt_int2fp_inst|alt_int2fp_altfp_convert_hvn:alt_int2fp_altfp_convert_hvn_component|lpm_add_sub:add_sub1"
Info (12133): Instantiated megafunction "alt_int2fp:alt_int2fp_inst|alt_int2fp_altfp_convert_hvn:alt_int2fp_altfp_convert_hvn_component|lpm_add_sub:add_sub1" with the following parameter:
    Info (12134): Parameter "LPM_DIRECTION" = "ADD"
    Info (12134): Parameter "LPM_PIPELINE" = "0"
    Info (12134): Parameter "LPM_REPRESENTATION" = "SIGNED"
    Info (12134): Parameter "LPM_WIDTH" = "31"
    Info (12134): Parameter "lpm_hint" = "ONE_INPUT_IS_CONSTANT=YES"
    Info (12134): Parameter "lpm_type" = "lpm_add_sub"
Info (12021): Found 1 design units, including 1 entities, in source file db/add_sub_kui.tdf
    Info (12023): Found entity 1: add_sub_kui
Info (12128): Elaborating entity "add_sub_kui" for hierarchy "alt_int2fp:alt_int2fp_inst|alt_int2fp_altfp_convert_hvn:alt_int2fp_altfp_convert_hvn_component|lpm_add_sub:add_sub1|add_sub_kui:auto_generated"
Info (12128): Elaborating entity "lpm_add_sub" for hierarchy "alt_int2fp:alt_int2fp_inst|alt_int2fp_altfp_convert_hvn:alt_int2fp_altfp_convert_hvn_component|lpm_add_sub:add_sub3"
Info (12130): Elaborated megafunction instantiation "alt_int2fp:alt_int2fp_inst|alt_int2fp_altfp_convert_hvn:alt_int2fp_altfp_convert_hvn_component|lpm_add_sub:add_sub3"
Info (12133): Instantiated megafunction "alt_int2fp:alt_int2fp_inst|alt_int2fp_altfp_convert_hvn:alt_int2fp_altfp_convert_hvn_component|lpm_add_sub:add_sub3" with the following parameter:
    Info (12134): Parameter "LPM_DIRECTION" = "SUB"
    Info (12134): Parameter "LPM_PIPELINE" = "0"
    Info (12134): Parameter "LPM_REPRESENTATION" = "SIGNED"
    Info (12134): Parameter "LPM_WIDTH" = "8"
    Info (12134): Parameter "lpm_hint" = "ONE_INPUT_IS_CONSTANT=YES"
    Info (12134): Parameter "lpm_type" = "lpm_add_sub"
Info (12021): Found 1 design units, including 1 entities, in source file db/add_sub_9ui.tdf
    Info (12023): Found entity 1: add_sub_9ui
Info (12128): Elaborating entity "add_sub_9ui" for hierarchy "alt_int2fp:alt_int2fp_inst|alt_int2fp_altfp_convert_hvn:alt_int2fp_altfp_convert_hvn_component|lpm_add_sub:add_sub3|add_sub_9ui:auto_generated"
Info (12128): Elaborating entity "lpm_add_sub" for hierarchy "alt_int2fp:alt_int2fp_inst|alt_int2fp_altfp_convert_hvn:alt_int2fp_altfp_convert_hvn_component|lpm_add_sub:add_sub6"
Info (12130): Elaborated megafunction instantiation "alt_int2fp:alt_int2fp_inst|alt_int2fp_altfp_convert_hvn:alt_int2fp_altfp_convert_hvn_component|lpm_add_sub:add_sub6"
Info (12133): Instantiated megafunction "alt_int2fp:alt_int2fp_inst|alt_int2fp_altfp_convert_hvn:alt_int2fp_altfp_convert_hvn_component|lpm_add_sub:add_sub6" with the following parameter:
    Info (12134): Parameter "LPM_DIRECTION" = "ADD"
    Info (12134): Parameter "LPM_PIPELINE" = "0"
    Info (12134): Parameter "LPM_REPRESENTATION" = "SIGNED"
    Info (12134): Parameter "LPM_WIDTH" = "12"
    Info (12134): Parameter "lpm_hint" = "ONE_INPUT_IS_CONSTANT=YES"
    Info (12134): Parameter "lpm_type" = "lpm_add_sub"
Info (12021): Found 1 design units, including 1 entities, in source file db/add_sub_edj.tdf
    Info (12023): Found entity 1: add_sub_edj
Info (12128): Elaborating entity "add_sub_edj" for hierarchy "alt_int2fp:alt_int2fp_inst|alt_int2fp_altfp_convert_hvn:alt_int2fp_altfp_convert_hvn_component|lpm_add_sub:add_sub6|add_sub_edj:auto_generated"
Info (12128): Elaborating entity "lpm_add_sub" for hierarchy "alt_int2fp:alt_int2fp_inst|alt_int2fp_altfp_convert_hvn:alt_int2fp_altfp_convert_hvn_component|lpm_add_sub:add_sub7"
Info (12130): Elaborated megafunction instantiation "alt_int2fp:alt_int2fp_inst|alt_int2fp_altfp_convert_hvn:alt_int2fp_altfp_convert_hvn_component|lpm_add_sub:add_sub7"
Info (12133): Instantiated megafunction "alt_int2fp:alt_int2fp_inst|alt_int2fp_altfp_convert_hvn:alt_int2fp_altfp_convert_hvn_component|lpm_add_sub:add_sub7" with the following parameter:
    Info (12134): Parameter "LPM_DIRECTION" = "ADD"
    Info (12134): Parameter "LPM_PIPELINE" = "0"
    Info (12134): Parameter "LPM_REPRESENTATION" = "SIGNED"
    Info (12134): Parameter "LPM_WIDTH" = "12"
    Info (12134): Parameter "lpm_hint" = "ONE_INPUT_IS_CONSTANT=YES"
    Info (12134): Parameter "lpm_type" = "lpm_add_sub"
Info (12128): Elaborating entity "lpm_add_sub" for hierarchy "alt_int2fp:alt_int2fp_inst|alt_int2fp_altfp_convert_hvn:alt_int2fp_altfp_convert_hvn_component|lpm_add_sub:add_sub8"
Info (12130): Elaborated megafunction instantiation "alt_int2fp:alt_int2fp_inst|alt_int2fp_altfp_convert_hvn:alt_int2fp_altfp_convert_hvn_component|lpm_add_sub:add_sub8"
Info (12133): Instantiated megafunction "alt_int2fp:alt_int2fp_inst|alt_int2fp_altfp_convert_hvn:alt_int2fp_altfp_convert_hvn_component|lpm_add_sub:add_sub8" with the following parameter:
    Info (12134): Parameter "LPM_DIRECTION" = "ADD"
    Info (12134): Parameter "LPM_PIPELINE" = "0"
    Info (12134): Parameter "LPM_REPRESENTATION" = "SIGNED"
    Info (12134): Parameter "LPM_WIDTH" = "8"
    Info (12134): Parameter "lpm_hint" = "ONE_INPUT_IS_CONSTANT=YES"
    Info (12134): Parameter "lpm_type" = "lpm_add_sub"
Info (12021): Found 1 design units, including 1 entities, in source file db/add_sub_8ti.tdf
    Info (12023): Found entity 1: add_sub_8ti
Info (12128): Elaborating entity "add_sub_8ti" for hierarchy "alt_int2fp:alt_int2fp_inst|alt_int2fp_altfp_convert_hvn:alt_int2fp_altfp_convert_hvn_component|lpm_add_sub:add_sub8|add_sub_8ti:auto_generated"
Info (12128): Elaborating entity "lpm_compare" for hierarchy "alt_int2fp:alt_int2fp_inst|alt_int2fp_altfp_convert_hvn:alt_int2fp_altfp_convert_hvn_component|lpm_compare:cmpr4"
Info (12130): Elaborated megafunction instantiation "alt_int2fp:alt_int2fp_inst|alt_int2fp_altfp_convert_hvn:alt_int2fp_altfp_convert_hvn_component|lpm_compare:cmpr4"
Info (12133): Instantiated megafunction "alt_int2fp:alt_int2fp_inst|alt_int2fp_altfp_convert_hvn:alt_int2fp_altfp_convert_hvn_component|lpm_compare:cmpr4" with the following parameter:
    Info (12134): Parameter "LPM_PIPELINE" = "0"
    Info (12134): Parameter "LPM_REPRESENTATION" = "UNSIGNED"
    Info (12134): Parameter "LPM_WIDTH" = "8"
    Info (12134): Parameter "lpm_hint" = "UNUSED"
    Info (12134): Parameter "lpm_type" = "lpm_compare"
Info (12021): Found 1 design units, including 1 entities, in source file db/cmpr_vth.tdf
    Info (12023): Found entity 1: cmpr_vth
Info (12128): Elaborating entity "cmpr_vth" for hierarchy "alt_int2fp:alt_int2fp_inst|alt_int2fp_altfp_convert_hvn:alt_int2fp_altfp_convert_hvn_component|lpm_compare:cmpr4|cmpr_vth:auto_generated"
Info (17049): 1 registers lost all their fanouts during netlist optimizations.
Info (16010): Generating hard_block partition "hard_block:auto_generated_inst"
    Info (16011): Adding 0 node(s), including 0 DDIO, 0 PLL, 0 transceiver and 0 LCELL
Info (21057): Implemented 417 device resources after synthesis - the final resource count might be different
    Info (21058): Implemented 35 input pins
    Info (21059): Implemented 32 output pins
    Info (21061): Implemented 350 logic cells
Info: Quartus II 64-Bit Analysis & Synthesis was successful. 0 errors, 1 warning
    Info: Peak virtual memory: 573 megabytes
    Info: Processing ended: Fri Oct 12 07:56:52 2018
    Info: Elapsed time: 00:00:03
    Info: Total CPU time (on all processors): 00:00:03


